2025-01-29 19:36:26.760 [info] Extension host with pid 2648 started
2025-01-29 19:36:26.760 [error] Error: EEXIST: file already exists, open '/home/leozhontai561/.codeoss/data/User/workspaceStorage/-3b281ae1/vscode.lock'
2025-01-29 19:36:26.771 [info] Lock '/home/leozhontai561/.codeoss/data/User/workspaceStorage/-3b281ae1/vscode.lock': Could not acquire lock, checking if the file is stale.
2025-01-29 19:36:26.776 [info] Lock '/home/leozhontai561/.codeoss/data/User/workspaceStorage/-3b281ae1/vscode.lock': The lock does not look stale, elapsed: 60 ms, giving up.
2025-01-29 19:36:26.777 [error] Error: EEXIST: file already exists, open '/home/leozhontai561/.codeoss/data/User/workspaceStorage/-3b281ae1-1/vscode.lock'
2025-01-29 19:36:26.783 [info] Lock '/home/leozhontai561/.codeoss/data/User/workspaceStorage/-3b281ae1-1/vscode.lock': Could not acquire lock, checking if the file is stale.
2025-01-29 19:36:26.783 [info] Lock '/home/leozhontai561/.codeoss/data/User/workspaceStorage/-3b281ae1-1/vscode.lock': The lock does not look stale, elapsed: 397 ms, giving up.
2025-01-29 19:36:26.790 [info] Lock '/home/leozhontai561/.codeoss/data/User/workspaceStorage/-3b281ae1-2/vscode.lock': Lock acquired.
2025-01-29 19:36:27.028 [info] ExtensionService#_doActivateExtension vscode.git-base, startup: true, activationEvent: '*', root cause: vscode.git
2025-01-29 19:36:27.038 [info] ExtensionService#_doActivateExtension ms-python.python, startup: true, activationEvent: 'workspaceContains:requirements.txt'
2025-01-29 19:36:27.364 [info] ExtensionService#_doActivateExtension vscode.git, startup: true, activationEvent: '*'
2025-01-29 19:36:27.364 [info] ExtensionService#_doActivateExtension vscode.github, startup: true, activationEvent: '*'
2025-01-29 19:36:27.528 [error] Error: spawn /google/devshell/editor/code-oss-for-cloud-shell/extensions/ms-python.python/python-env-tools/bin/pet ENOENT
	at ChildProcess._handle.onexit (node:internal/child_process:286:19)
	at onErrorNT (node:internal/child_process:484:16)
	at process.processTicksAndRejections (node:internal/process/task_queues:82:21)
2025-01-29 19:36:27.570 [info] ExtensionService#_doActivateExtension redhat.fabric8-analytics, startup: true, activationEvent: 'workspaceContains:**/package.json,**/pom.xml,**/go.mod,**/requirements.txt,**/build.gradle,**/Dockerfile,**/Containerfile'
2025-01-29 19:36:27.990 [info] Eager extensions activated
2025-01-29 19:36:27.990 [info] ExtensionService#_doActivateExtension EditorConfig.EditorConfig, startup: false, activationEvent: 'onStartupFinished'
2025-01-29 19:36:27.991 [info] ExtensionService#_doActivateExtension google.cloud-shell, startup: false, activationEvent: 'onStartupFinished'
2025-01-29 19:36:27.991 [info] ExtensionService#_doActivateExtension google.geminicodeassist, startup: false, activationEvent: 'onStartupFinished', root cause: googlecloudtools.cloudcode
2025-01-29 19:36:27.992 [info] ExtensionService#_doActivateExtension vscode.debug-auto-launch, startup: false, activationEvent: 'onStartupFinished'
2025-01-29 19:36:27.992 [info] ExtensionService#_doActivateExtension vscode.merge-conflict, startup: false, activationEvent: 'onStartupFinished'
2025-01-29 19:36:29.263 [info] ExtensionService#_doActivateExtension googlecloudtools.cloudcode, startup: false, activationEvent: 'onStartupFinished'
2025-01-29 19:36:31.485 [info] ExtensionService#_doActivateExtension vscode.configuration-editing, startup: false, activationEvent: 'onLanguage:jsonc'
2025-01-29 19:36:31.486 [info] ExtensionService#_doActivateExtension vscode.json-language-features, startup: false, activationEvent: 'onLanguage:jsonc'
2025-01-29 19:36:31.486 [info] ExtensionService#_doActivateExtension vscode.typescript-language-features, startup: false, activationEvent: 'onLanguage:jsonc'
2025-01-29 19:36:31.487 [info] ExtensionService#_doActivateExtension vscode.emmet, startup: false, activationEvent: 'onLanguage'
2025-01-29 19:37:36.731 [warning] [Decorations] CAPPING events from decorations provider vscode.git 861
2025-01-29 19:37:37.232 [warning] [Decorations] CAPPING events from decorations provider vscode.git 861
