2025-01-28 21:07:09.193 [warning] Dir "/home/leozhontai561/.pixi/envs" is not watchable (directory does not exist)
2025-01-28 21:07:09.193 [info] Starting Environment refresh
2025-01-28 21:07:09.193 [info] Searching for interpreters in posix paths locator
2025-01-28 21:07:09.193 [info] Searching for pyenv environments
2025-01-28 21:07:09.193 [info] Searching for conda environments
2025-01-28 21:07:09.193 [info] Searching for global virtual environments
2025-01-28 21:07:09.193 [info] Searching for custom virtual environments
2025-01-28 21:07:09.193 [info] pyenv is not installed
2025-01-28 21:07:09.193 [info] Finished searching for pyenv environments: 18 milliseconds
2025-01-28 21:07:09.193 [info] Finished searching for custom virtual envs: 18 milliseconds
2025-01-28 21:07:09.193 [info] > conda info --json
2025-01-28 21:07:09.193 [info] > hatch env show --json
2025-01-28 21:07:09.193 [info] cwd: .
2025-01-28 21:07:09.193 [info] > pyenv which python
2025-01-28 21:07:09.193 [info] cwd: .
2025-01-28 21:07:09.193 [info] Finished searching for global virtual envs: 50 milliseconds
2025-01-28 21:07:09.198 [info] Found: /bin/python --> /bin/python3.12
2025-01-28 21:07:09.201 [info] Found: /bin/python3 --> /bin/python3.12
2025-01-28 21:07:09.202 [info] Found: /bin/python3.12 --> /bin/python3.12
2025-01-28 21:07:09.228 [info] Found: /usr/bin/python --> /usr/bin/python3.12
2025-01-28 21:07:09.232 [info] Found: /usr/bin/python3 --> /usr/bin/python3.12
2025-01-28 21:07:09.233 [info] Found: /usr/bin/python3.12 --> /usr/bin/python3.12
2025-01-28 21:07:09.301 [info] Finished searching for interpreters in posix paths locator: 167 milliseconds
2025-01-28 21:07:09.301 [info] > /bin/python -I /google/devshell/editor/code-oss-for-cloud-shell/extensions/ms-python.python/python_files/get_output_via_markers.py /google/devshell/editor/code-oss-for-cloud-shell/extensions/ms-python.python/python_files/interpreterInfo.py
2025-01-28 21:07:09.325 [info] > /usr/bin/python -I /google/devshell/editor/code-oss-for-cloud-shell/extensions/ms-python.python/python_files/get_output_via_markers.py /google/devshell/editor/code-oss-for-cloud-shell/extensions/ms-python.python/python_files/interpreterInfo.py
2025-01-28 21:07:09.326 [info] Environments refresh paths discovered (event): 201 milliseconds
2025-01-28 21:07:09.326 [info] Environments refresh paths discovered: 202 milliseconds
2025-01-28 21:07:09.428 [info] Environments refresh finished (event): 304 milliseconds
2025-01-28 21:07:09.444 [info] Environment refresh took 319 milliseconds
2025-01-28 21:07:09.449 [info] Python interpreter path: /bin/python
2025-01-28 21:07:12.766 [info] Starting Jedi language server for leozhontai561.
2025-01-28 21:09:01.563 [info] Discover tests for workspace name: leozhontai561 - uri: /home/leozhontai561/helloworld-python/main.py
2025-01-28 21:09:35.170 [info] Running installed packages checker:  {
  id: '/bin/python',
  sysPrefix: '/usr',
  envType: 'Global',
  envName: '',
  envPath: '',
  path: '/bin/python',
  architecture: 3,
  sysVersion: '3.12.3 (main, Jan 17 2025, 18:03:48) [GCC 13.3.0]',
  version: {
    raw: '3.12.3',
    major: 3,
    minor: 12,
    patch: 3,
    build: [],
    prerelease: [ 'final', '0' ]
  },
  displayName: 'Python 3.12.3 64-bit',
  detailedDisplayName: 'Python 3.12.3 64-bit',
  type: undefined
} /google/devshell/editor/code-oss-for-cloud-shell/extensions/ms-python.python/python_files/installed_check.py /home/leozhontai561/helloworld-python/requirements.txt
2025-01-28 21:09:35.171 [info] > /bin/python /google/devshell/editor/code-oss-for-cloud-shell/extensions/ms-python.python/python_files/installed_check.py ./helloworld-python/requirements.txt
2025-01-28 21:22:37.835 [info] Running installed packages checker:  {
  id: '/bin/python',
  sysPrefix: '/usr',
  envType: 'Global',
  envName: '',
  envPath: '',
  path: '/bin/python',
  architecture: 3,
  sysVersion: '3.12.3 (main, Jan 17 2025, 18:03:48) [GCC 13.3.0]',
  version: {
    raw: '3.12.3',
    major: 3,
    minor: 12,
    patch: 3,
    build: [],
    prerelease: [ 'final', '0' ]
  },
  displayName: 'Python 3.12.3 64-bit',
  detailedDisplayName: 'Python 3.12.3 64-bit',
  type: undefined
} /google/devshell/editor/code-oss-for-cloud-shell/extensions/ms-python.python/python_files/installed_check.py /home/leozhontai561/helloworld-python/requirements.txt
2025-01-28 21:22:37.835 [info] > /bin/python /google/devshell/editor/code-oss-for-cloud-shell/extensions/ms-python.python/python_files/installed_check.py ./helloworld-python/requirements.txt
