Initializing document watcher...
Document watcher initialized
leozhontai561/helloworld-python/main.py: {}
leozhontai561/helloworld-python/main.py: {}
leozhontai561/helloworld-python/main.py: {}
leozhontai561/helloworld-python/main.py: {}
leozhontai561/helloworld-python/main.py: {}
leozhontai561/helloworld-python/main.py: Using EditorConfig core...
leozhontai561/helloworld-python/main.py: {}
leozhontai561/helloworld-python/main.py: {}
leozhontai561/helloworld-python/main.py: {}
leozhontai561/helloworld-python/main.py: {}
leozhontai561/helloworld-python/main.py: {}
leozhontai561/helloworld-python/main.py: {}
leozhontai561/helloworld-python/main.py: {}
leozhontai561/helloworld-python/templates/index.html: {}
leozhontai561/helloworld-python/templates/index.html: {}
leozhontai561/helloworld-python/templates/index.html: Using EditorConfig core...
leozhontai561/helloworld-python/templates/index.html: {}
leozhontai561/helloworld-python/requirements.txt: {}
leozhontai561/helloworld-python/templates/index.html: {}
leozhontai561/helloworld-python/templates/index.html: {}
leozhontai561/helloworld-python/templates/index.html: {}
leozhontai561/helloworld-python/templates/index.html: {}
leozhontai561/Dockerfile: {}
leozhontai561/Dockerfile: {}
leozhontai561/Dockerfile: Using EditorConfig core...
leozhontai561/Dockerfile: Using EditorConfig core...
leozhontai561/Dockerfile: Using EditorConfig core...
leozhontai561/Dockerfile: {}
leozhontai561/Dockerfile: {}
leozhontai561/Dockerfile: {}
leozhontai561/Dockerfile: {}
leozhontai561/helloworld-python/templates/index.html: {}
leozhontai561/helloworld-python/templates/index.html: {}
leozhontai561/helloworld-python/templates/index.html: {}
leozhontai561/helloworld-python/Procfile: {}
leozhontai561/Procfile: {}
leozhontai561/Procfile: {}
leozhontai561/helloworld-python/Procfile: {}
leozhontai561/Procfile: {}
leozhontai561/Procfile: {}
leozhontai561/Procfile: Using EditorConfig core...
leozhontai561/Procfile: {}
leozhontai561/Procfile: {}
leozhontai561/helloworld-python/requirements.txt: {}
leozhontai561/helloworld-python/Procfile: {}
leozhontai561/helloworld-python/main.py: {}
leozhontai561/helloworld-python/Procfile: {}
leozhontai561/Procfile: {}
leozhontai561/Procfile: {}
leozhontai561/Procfile: {}
leozhontai561/Procfile: {}
leozhontai561/helloworld-python/requirements.txt: {}
leozhontai561/helloworld-python/Procfile: {}
leozhontai561/helloworld-python/requirements.txt: {}
leozhontai561/helloworld-python/requirements.txt: {}
leozhontai561/helloworld-python/requirements.txt: {}
leozhontai561/README-cloudshell.txt: {}
leozhontai561/requirements.txt: {}
leozhontai561/requirements.txt: {}
leozhontai561/requirements.txt: Using EditorConfig core...
leozhontai561/requirements.txt: {}
leozhontai561/requirements.txt: {}
leozhontai561/requirements.txt: {}
leozhontai561/Procfile: {}
leozhontai561/helloworld-python/templates/index.html: {}
leozhontai561/helloworld-python/main.py: {}
leozhontai561/helloworld-python/Procfile: {}
leozhontai561/helloworld-python/main.py: {}
leozhontai561/helloworld-python/main.py: {}
leozhontai561/helloworld-python/main.py: {}
leozhontai561/helloworld-python/main.py: {}
leozhontai561/README-cloudshell.txt: {}
leozhontai561/Procfile: {}
leozhontai561/helloworld-python/main.py: {}
leozhontai561/main.py: {}
leozhontai561/main.py: {}
leozhontai561/main.py: {}
leozhontai561/main.py: {}
leozhontai561/helloworld-python/main.py: {}
leozhontai561/helloworld-python/main.py: {}
leozhontai561/main.py: {}
leozhontai561/main.py: {}
leozhontai561/main.py: Using EditorConfig core...
