2025-02-09 22:05:51.947 [info] [main] Log level: Info
2025-02-09 22:05:51.947 [info] [main] Validating found git in: "git"
2025-02-09 22:05:51.947 [info] [main] Using git "2.43.0" from "git"
2025-02-09 22:05:51.947 [info] [Model][doInitialScan] Initial repository scan started
2025-02-09 22:05:51.947 [info] > git rev-parse --show-toplevel [9ms]
2025-02-09 22:05:51.952 [info] > git rev-parse --git-dir --git-common-dir [6ms]
2025-02-09 22:05:51.971 [info] [Model][openRepository] Opened repository: /home/leozhontai561
2025-02-09 22:05:52.341 [info] > git config --get commit.template [362ms]
2025-02-09 22:05:52.370 [info] > git rev-parse --show-toplevel [14ms]
2025-02-09 22:05:53.707 [info] > git check-ignore -v -z --stdin [28ms]
2025-02-09 22:05:53.709 [info] > git rev-parse --show-toplevel [1324ms]
2025-02-09 22:05:53.709 [info] > git for-each-ref --format=%(refname)%00%(upstream:short)%00%(objectname)%00%(upstream:track)%00%(upstream:remotename)%00%(upstream:remoteref) refs/heads/main refs/remotes/main [1348ms]
2025-02-09 22:05:55.873 [info] > git rev-parse --show-toplevel [2159ms]
2025-02-09 22:05:55.925 [info] > git rev-parse --show-toplevel [26ms]
2025-02-09 22:05:55.926 [info] > git for-each-ref --sort -committerdate --format %(refname) %(objectname) %(*objectname) [36ms]
2025-02-09 22:05:55.943 [info] > git rev-parse --show-toplevel [9ms]
2025-02-09 22:05:55.952 [info] > git rev-parse --show-toplevel [2ms]
2025-02-09 22:05:55.960 [info] > git rev-parse --show-toplevel [2ms]
2025-02-09 22:05:55.967 [info] > git rev-parse --show-toplevel [1ms]
2025-02-09 22:05:55.975 [info] > git rev-parse --show-toplevel [2ms]
2025-02-09 22:05:56.218 [info] > git status -z -uall [337ms]
2025-02-09 22:05:56.237 [info] > git rev-parse --show-toplevel [256ms]
2025-02-09 22:05:56.272 [info] > git for-each-ref --format=%(refname)%00%(upstream:short)%00%(objectname)%00%(upstream:track)%00%(upstream:remotename)%00%(upstream:remoteref) refs/heads/main refs/remotes/main [39ms]
2025-02-09 22:05:56.302 [info] > git rev-parse --show-toplevel [31ms]
2025-02-09 22:05:56.303 [info] > git config --get commit.template [40ms]
2025-02-09 22:05:56.477 [info] > git config --local branch.main.vscode-merge-base [197ms]
2025-02-09 22:05:56.477 [warning] [Git][config] git config failed: Failed to execute git
2025-02-09 22:05:56.549 [info] > git reflog main --grep-reflog=branch: Created from *. [61ms]
2025-02-09 22:05:56.556 [info] > git rev-parse --show-toplevel [222ms]
2025-02-09 22:05:56.568 [info] > git for-each-ref --format=%(refname)%00%(upstream:short)%00%(objectname)%00%(upstream:track)%00%(upstream:remotename)%00%(upstream:remoteref) refs/heads/main refs/remotes/main [36ms]
2025-02-09 22:05:56.833 [info] > git rev-parse --show-toplevel [267ms]
2025-02-09 22:05:56.834 [info] > git symbolic-ref --short refs/remotes/origin/HEAD [279ms]
2025-02-09 22:05:56.834 [info] fatal: ref refs/remotes/origin/HEAD is not a symbolic ref
2025-02-09 22:05:56.834 [warning] [Repository][getDefaultBranch] Failed to get default branch details: Failed to execute git.
2025-02-09 22:05:56.864 [info] > git merge-base refs/heads/main refs/remotes/origin/main [22ms]
2025-02-09 22:05:56.879 [info] > git rev-parse --show-toplevel [16ms]
2025-02-09 22:05:56.880 [info] [Model][doInitialScan] Initial repository scan completed - repositories (1), closed repositories (0), parent repositories (0), unsafe repositories (0)
2025-02-09 22:05:56.947 [info] > git diff --name-status -z --diff-filter=ADMR dc7b6a483e97ba5c380b0a34dd953fe2ce53b910...refs/remotes/origin/main [76ms]
2025-02-09 22:05:56.980 [info] > git show --textconv :main.py [93ms]
2025-02-09 22:05:56.980 [info] > git status -z -uall [67ms]
2025-02-09 22:05:56.980 [info] > git for-each-ref --sort -committerdate --format %(refname) %(objectname) %(*objectname) [61ms]
2025-02-09 22:05:56.985 [info] > git ls-files --stage -- /home/leozhontai561/main.py [92ms]
2025-02-09 22:05:57.014 [info] > git cat-file -s 967d1b7499702bd619d3ac4e8905c2c048b5aeb9 [22ms]
2025-02-09 22:05:59.488 [info] > git config --get commit.template [5ms]
2025-02-09 22:05:59.519 [info] > git for-each-ref --format=%(refname)%00%(upstream:short)%00%(objectname)%00%(upstream:track)%00%(upstream:remotename)%00%(upstream:remoteref) refs/heads/main refs/remotes/main [3ms]
2025-02-09 22:05:59.539 [info] > git for-each-ref --sort -committerdate --format %(refname) %(objectname) %(*objectname) [3ms]
2025-02-09 22:05:59.558 [info] > git status -z -uall [31ms]
2025-02-09 22:06:00.077 [info] > git check-ignore -v -z --stdin [4ms]
2025-02-09 22:06:02.457 [info] > git check-ignore -v -z --stdin [2ms]
2025-02-09 22:06:04.578 [info] > git config --get commit.template [7ms]
2025-02-09 22:06:04.579 [info] > git for-each-ref --format=%(refname)%00%(upstream:short)%00%(objectname)%00%(upstream:track)%00%(upstream:remotename)%00%(upstream:remoteref) refs/heads/main refs/remotes/main [2ms]
2025-02-09 22:06:04.595 [info] > git for-each-ref --sort -committerdate --format %(refname) %(objectname) %(*objectname) [2ms]
2025-02-09 22:06:04.606 [info] > git status -z -uall [20ms]
2025-02-09 22:06:09.624 [info] > git config --get commit.template [7ms]
2025-02-09 22:06:09.626 [info] > git for-each-ref --format=%(refname)%00%(upstream:short)%00%(objectname)%00%(upstream:track)%00%(upstream:remotename)%00%(upstream:remoteref) refs/heads/main refs/remotes/main [2ms]
2025-02-09 22:06:09.641 [info] > git for-each-ref --sort -committerdate --format %(refname) %(objectname) %(*objectname) [2ms]
2025-02-09 22:06:09.652 [info] > git status -z -uall [20ms]
2025-02-09 22:06:20.184 [info] > git config --get commit.template [8ms]
2025-02-09 22:06:20.185 [info] > git for-each-ref --format=%(refname)%00%(upstream:short)%00%(objectname)%00%(upstream:track)%00%(upstream:remotename)%00%(upstream:remoteref) refs/heads/main refs/remotes/main [2ms]
2025-02-09 22:06:20.200 [info] > git for-each-ref --sort -committerdate --format %(refname) %(objectname) %(*objectname) [2ms]
2025-02-09 22:06:20.211 [info] > git status -z -uall [19ms]
2025-02-09 22:18:55.802 [info] > git config --get commit.template [7ms]
2025-02-09 22:18:55.804 [info] > git for-each-ref --format=%(refname)%00%(upstream:short)%00%(objectname)%00%(upstream:track)%00%(upstream:remotename)%00%(upstream:remoteref) refs/heads/main refs/remotes/main [4ms]
2025-02-09 22:18:55.817 [info] > git for-each-ref --sort -committerdate --format %(refname) %(objectname) %(*objectname) [2ms]
2025-02-09 22:18:55.829 [info] > git status -z -uall [20ms]
2025-02-09 22:19:00.848 [info] > git config --get commit.template [6ms]
2025-02-09 22:19:00.849 [info] > git for-each-ref --format=%(refname)%00%(upstream:short)%00%(objectname)%00%(upstream:track)%00%(upstream:remotename)%00%(upstream:remoteref) refs/heads/main refs/remotes/main [2ms]
2025-02-09 22:19:00.864 [info] > git for-each-ref --sort -committerdate --format %(refname) %(objectname) %(*objectname) [2ms]
2025-02-09 22:19:00.876 [info] > git status -z -uall [22ms]
2025-02-09 22:19:05.893 [info] > git config --get commit.template [6ms]
2025-02-09 22:19:05.894 [info] > git for-each-ref --format=%(refname)%00%(upstream:short)%00%(objectname)%00%(upstream:track)%00%(upstream:remotename)%00%(upstream:remoteref) refs/heads/main refs/remotes/main [2ms]
2025-02-09 22:19:05.907 [info] > git for-each-ref --sort -committerdate --format %(refname) %(objectname) %(*objectname) [2ms]
2025-02-09 22:19:05.922 [info] > git status -z -uall [23ms]
2025-02-09 22:19:10.384 [info] > git check-ignore -v -z --stdin [2ms]
2025-02-09 22:19:10.479 [info] > git show --textconv :st [7ms]
2025-02-09 22:19:10.480 [info] > git ls-files --stage -- /home/leozhontai561/st [2ms]
2025-02-09 22:19:15.493 [info] > git config --get commit.template [6ms]
2025-02-09 22:19:15.495 [info] > git for-each-ref --format=%(refname)%00%(upstream:short)%00%(objectname)%00%(upstream:track)%00%(upstream:remotename)%00%(upstream:remoteref) refs/heads/main refs/remotes/main [2ms]
2025-02-09 22:19:15.509 [info] > git for-each-ref --sort -committerdate --format %(refname) %(objectname) %(*objectname) [2ms]
2025-02-09 22:19:15.520 [info] > git status -z -uall [20ms]
2025-02-09 22:19:20.537 [info] > git config --get commit.template [5ms]
2025-02-09 22:19:20.538 [info] > git for-each-ref --format=%(refname)%00%(upstream:short)%00%(objectname)%00%(upstream:track)%00%(upstream:remotename)%00%(upstream:remoteref) refs/heads/main refs/remotes/main [2ms]
2025-02-09 22:19:20.550 [info] > git for-each-ref --sort -committerdate --format %(refname) %(objectname) %(*objectname) [2ms]
2025-02-09 22:19:20.562 [info] > git status -z -uall [19ms]
2025-02-09 22:19:25.922 [info] > git config --get commit.template [7ms]
2025-02-09 22:19:25.923 [info] > git for-each-ref --format=%(refname)%00%(upstream:short)%00%(objectname)%00%(upstream:track)%00%(upstream:remotename)%00%(upstream:remoteref) refs/heads/main refs/remotes/main [2ms]
2025-02-09 22:19:25.936 [info] > git for-each-ref --sort -committerdate --format %(refname) %(objectname) %(*objectname) [2ms]
2025-02-09 22:19:25.948 [info] > git status -z -uall [19ms]
2025-02-09 22:19:30.966 [info] > git config --get commit.template [6ms]
2025-02-09 22:19:30.967 [info] > git for-each-ref --format=%(refname)%00%(upstream:short)%00%(objectname)%00%(upstream:track)%00%(upstream:remotename)%00%(upstream:remoteref) refs/heads/main refs/remotes/main [2ms]
2025-02-09 22:19:30.983 [info] > git for-each-ref --sort -committerdate --format %(refname) %(objectname) %(*objectname) [3ms]
2025-02-09 22:19:30.996 [info] > git status -z -uall [23ms]
2025-02-09 22:19:36.011 [info] > git config --get commit.template [5ms]
2025-02-09 22:19:36.012 [info] > git for-each-ref --format=%(refname)%00%(upstream:short)%00%(objectname)%00%(upstream:track)%00%(upstream:remotename)%00%(upstream:remoteref) refs/heads/main refs/remotes/main [2ms]
2025-02-09 22:19:36.024 [info] > git for-each-ref --sort -committerdate --format %(refname) %(objectname) %(*objectname) [2ms]
2025-02-09 22:19:36.036 [info] > git status -z -uall [19ms]
2025-02-09 22:19:41.050 [info] > git config --get commit.template [3ms]
2025-02-09 22:19:41.057 [info] > git for-each-ref --format=%(refname)%00%(upstream:short)%00%(objectname)%00%(upstream:track)%00%(upstream:remotename)%00%(upstream:remoteref) refs/heads/main refs/remotes/main [2ms]
2025-02-09 22:19:41.071 [info] > git for-each-ref --sort -committerdate --format %(refname) %(objectname) %(*objectname) [2ms]
2025-02-09 22:19:41.084 [info] > git status -z -uall [21ms]
2025-02-09 22:19:46.100 [info] > git config --get commit.template [5ms]
2025-02-09 22:19:46.101 [info] > git for-each-ref --format=%(refname)%00%(upstream:short)%00%(objectname)%00%(upstream:track)%00%(upstream:remotename)%00%(upstream:remoteref) refs/heads/main refs/remotes/main [2ms]
2025-02-09 22:19:46.113 [info] > git for-each-ref --sort -committerdate --format %(refname) %(objectname) %(*objectname) [3ms]
2025-02-09 22:19:46.126 [info] > git status -z -uall [20ms]
2025-02-09 22:19:51.142 [info] > git config --get commit.template [2ms]
2025-02-09 22:19:51.148 [info] > git for-each-ref --format=%(refname)%00%(upstream:short)%00%(objectname)%00%(upstream:track)%00%(upstream:remotename)%00%(upstream:remoteref) refs/heads/main refs/remotes/main [2ms]
2025-02-09 22:19:51.161 [info] > git for-each-ref --sort -committerdate --format %(refname) %(objectname) %(*objectname) [3ms]
2025-02-09 22:19:51.172 [info] > git status -z -uall [19ms]
2025-02-09 22:19:51.575 [info] > git show --textconv :storage.py [6ms]
2025-02-09 22:19:51.576 [info] > git ls-files --stage -- /home/leozhontai561/storage.py [3ms]
2025-02-09 22:19:51.649 [info] > git check-ignore -v -z --stdin [2ms]
2025-02-09 22:19:56.189 [info] > git config --get commit.template [6ms]
2025-02-09 22:19:56.190 [info] > git for-each-ref --format=%(refname)%00%(upstream:short)%00%(objectname)%00%(upstream:track)%00%(upstream:remotename)%00%(upstream:remoteref) refs/heads/main refs/remotes/main [2ms]
2025-02-09 22:19:56.202 [info] > git for-each-ref --sort -committerdate --format %(refname) %(objectname) %(*objectname) [2ms]
2025-02-09 22:19:56.215 [info] > git status -z -uall [20ms]
2025-02-09 22:20:01.232 [info] > git config --get commit.template [6ms]
2025-02-09 22:20:01.233 [info] > git for-each-ref --format=%(refname)%00%(upstream:short)%00%(objectname)%00%(upstream:track)%00%(upstream:remotename)%00%(upstream:remoteref) refs/heads/main refs/remotes/main [2ms]
2025-02-09 22:20:01.248 [info] > git for-each-ref --sort -committerdate --format %(refname) %(objectname) %(*objectname) [2ms]
2025-02-09 22:20:01.259 [info] > git status -z -uall [21ms]
2025-02-09 22:20:06.274 [info] > git config --get commit.template [6ms]
2025-02-09 22:20:06.275 [info] > git for-each-ref --format=%(refname)%00%(upstream:short)%00%(objectname)%00%(upstream:track)%00%(upstream:remotename)%00%(upstream:remoteref) refs/heads/main refs/remotes/main [2ms]
2025-02-09 22:20:06.287 [info] > git for-each-ref --sort -committerdate --format %(refname) %(objectname) %(*objectname) [2ms]
2025-02-09 22:20:06.299 [info] > git status -z -uall [19ms]
2025-02-09 22:20:11.316 [info] > git config --get commit.template [5ms]
2025-02-09 22:20:11.318 [info] > git for-each-ref --format=%(refname)%00%(upstream:short)%00%(objectname)%00%(upstream:track)%00%(upstream:remotename)%00%(upstream:remoteref) refs/heads/main refs/remotes/main [3ms]
2025-02-09 22:20:11.331 [info] > git for-each-ref --sort -committerdate --format %(refname) %(objectname) %(*objectname) [3ms]
2025-02-09 22:20:11.342 [info] > git status -z -uall [19ms]
2025-02-09 22:20:14.611 [info] > git show --textconv :main.py [7ms]
2025-02-09 22:20:14.612 [info] > git ls-files --stage -- /home/leozhontai561/main.py [3ms]
2025-02-09 22:20:14.618 [info] > git cat-file -s 967d1b7499702bd619d3ac4e8905c2c048b5aeb9 [2ms]
2025-02-09 22:20:15.929 [info] > git show --textconv :storage.py [7ms]
2025-02-09 22:20:15.931 [info] > git ls-files --stage -- /home/leozhontai561/storage.py [4ms]
2025-02-09 22:20:16.357 [info] > git config --get commit.template [6ms]
2025-02-09 22:20:16.359 [info] > git for-each-ref --format=%(refname)%00%(upstream:short)%00%(objectname)%00%(upstream:track)%00%(upstream:remotename)%00%(upstream:remoteref) refs/heads/main refs/remotes/main [2ms]
2025-02-09 22:20:16.371 [info] > git for-each-ref --sort -committerdate --format %(refname) %(objectname) %(*objectname) [2ms]
2025-02-09 22:20:16.383 [info] > git status -z -uall [19ms]
2025-02-09 22:20:21.398 [info] > git config --get commit.template [5ms]
2025-02-09 22:20:21.400 [info] > git for-each-ref --format=%(refname)%00%(upstream:short)%00%(objectname)%00%(upstream:track)%00%(upstream:remotename)%00%(upstream:remoteref) refs/heads/main refs/remotes/main [2ms]
2025-02-09 22:20:21.412 [info] > git for-each-ref --sort -committerdate --format %(refname) %(objectname) %(*objectname) [2ms]
2025-02-09 22:20:21.425 [info] > git status -z -uall [20ms]
2025-02-09 22:20:26.441 [info] > git config --get commit.template [5ms]
2025-02-09 22:20:26.443 [info] > git for-each-ref --format=%(refname)%00%(upstream:short)%00%(objectname)%00%(upstream:track)%00%(upstream:remotename)%00%(upstream:remoteref) refs/heads/main refs/remotes/main [2ms]
2025-02-09 22:20:26.456 [info] > git for-each-ref --sort -committerdate --format %(refname) %(objectname) %(*objectname) [2ms]
2025-02-09 22:20:26.467 [info] > git status -z -uall [19ms]
2025-02-09 22:20:31.483 [info] > git config --get commit.template [6ms]
2025-02-09 22:20:31.484 [info] > git for-each-ref --format=%(refname)%00%(upstream:short)%00%(objectname)%00%(upstream:track)%00%(upstream:remotename)%00%(upstream:remoteref) refs/heads/main refs/remotes/main [2ms]
2025-02-09 22:20:31.497 [info] > git for-each-ref --sort -committerdate --format %(refname) %(objectname) %(*objectname) [3ms]
2025-02-09 22:20:31.509 [info] > git status -z -uall [20ms]
2025-02-09 22:20:35.647 [info] > git show --textconv :storage.py [5ms]
2025-02-09 22:20:35.648 [info] > git ls-files --stage -- /home/leozhontai561/storage.py [2ms]
2025-02-09 22:20:36.526 [info] > git config --get commit.template [6ms]
2025-02-09 22:20:36.528 [info] > git for-each-ref --format=%(refname)%00%(upstream:short)%00%(objectname)%00%(upstream:track)%00%(upstream:remotename)%00%(upstream:remoteref) refs/heads/main refs/remotes/main [3ms]
2025-02-09 22:20:36.541 [info] > git for-each-ref --sort -committerdate --format %(refname) %(objectname) %(*objectname) [3ms]
2025-02-09 22:20:36.553 [info] > git status -z -uall [20ms]
2025-02-09 22:20:41.567 [info] > git config --get commit.template [5ms]
2025-02-09 22:20:41.569 [info] > git for-each-ref --format=%(refname)%00%(upstream:short)%00%(objectname)%00%(upstream:track)%00%(upstream:remotename)%00%(upstream:remoteref) refs/heads/main refs/remotes/main [2ms]
2025-02-09 22:20:41.582 [info] > git for-each-ref --sort -committerdate --format %(refname) %(objectname) %(*objectname) [3ms]
2025-02-09 22:20:41.594 [info] > git status -z -uall [20ms]
2025-02-09 22:20:45.923 [info] > git show --textconv :.py [7ms]
2025-02-09 22:20:45.924 [info] > git ls-files --stage -- /home/leozhontai561/.py [3ms]
2025-02-09 22:20:46.137 [info] > git check-ignore -v -z --stdin [2ms]
2025-02-09 22:20:46.610 [info] > git config --get commit.template [6ms]
2025-02-09 22:20:46.612 [info] > git for-each-ref --format=%(refname)%00%(upstream:short)%00%(objectname)%00%(upstream:track)%00%(upstream:remotename)%00%(upstream:remoteref) refs/heads/main refs/remotes/main [3ms]
2025-02-09 22:20:46.624 [info] > git for-each-ref --sort -committerdate --format %(refname) %(objectname) %(*objectname) [2ms]
2025-02-09 22:20:46.636 [info] > git status -z -uall [19ms]
2025-02-09 22:20:51.652 [info] > git config --get commit.template [6ms]
2025-02-09 22:20:51.654 [info] > git for-each-ref --format=%(refname)%00%(upstream:short)%00%(objectname)%00%(upstream:track)%00%(upstream:remotename)%00%(upstream:remoteref) refs/heads/main refs/remotes/main [1ms]
2025-02-09 22:20:51.675 [info] > git for-each-ref --sort -committerdate --format %(refname) %(objectname) %(*objectname) [2ms]
2025-02-09 22:20:51.687 [info] > git status -z -uall [20ms]
2025-02-09 22:20:56.232 [info] > git show --textconv :storage.py [6ms]
2025-02-09 22:20:56.233 [info] > git ls-files --stage -- /home/leozhontai561/storage.py [2ms]
2025-02-09 22:20:56.704 [info] > git config --get commit.template [6ms]
2025-02-09 22:20:56.705 [info] > git for-each-ref --format=%(refname)%00%(upstream:short)%00%(objectname)%00%(upstream:track)%00%(upstream:remotename)%00%(upstream:remoteref) refs/heads/main refs/remotes/main [2ms]
2025-02-09 22:20:56.724 [info] > git for-each-ref --sort -committerdate --format %(refname) %(objectname) %(*objectname) [2ms]
2025-02-09 22:20:56.736 [info] > git status -z -uall [20ms]
2025-02-09 22:21:01.755 [info] > git config --get commit.template [8ms]
2025-02-09 22:21:01.757 [info] > git for-each-ref --format=%(refname)%00%(upstream:short)%00%(objectname)%00%(upstream:track)%00%(upstream:remotename)%00%(upstream:remoteref) refs/heads/main refs/remotes/main [3ms]
2025-02-09 22:21:01.774 [info] > git for-each-ref --sort -committerdate --format %(refname) %(objectname) %(*objectname) [2ms]
2025-02-09 22:21:01.786 [info] > git status -z -uall [22ms]
2025-02-09 22:21:06.800 [info] > git config --get commit.template [2ms]
2025-02-09 22:21:06.807 [info] > git for-each-ref --format=%(refname)%00%(upstream:short)%00%(objectname)%00%(upstream:track)%00%(upstream:remotename)%00%(upstream:remoteref) refs/heads/main refs/remotes/main [2ms]
2025-02-09 22:21:06.819 [info] > git for-each-ref --sort -committerdate --format %(refname) %(objectname) %(*objectname) [2ms]
2025-02-09 22:21:06.831 [info] > git status -z -uall [19ms]
2025-02-09 22:21:11.845 [info] > git config --get commit.template [5ms]
2025-02-09 22:21:11.847 [info] > git for-each-ref --format=%(refname)%00%(upstream:short)%00%(objectname)%00%(upstream:track)%00%(upstream:remotename)%00%(upstream:remoteref) refs/heads/main refs/remotes/main [2ms]
2025-02-09 22:21:11.860 [info] > git for-each-ref --sort -committerdate --format %(refname) %(objectname) %(*objectname) [3ms]
2025-02-09 22:21:11.872 [info] > git status -z -uall [19ms]
2025-02-09 22:21:16.887 [info] > git config --get commit.template [6ms]
2025-02-09 22:21:16.889 [info] > git for-each-ref --format=%(refname)%00%(upstream:short)%00%(objectname)%00%(upstream:track)%00%(upstream:remotename)%00%(upstream:remoteref) refs/heads/main refs/remotes/main [3ms]
2025-02-09 22:21:16.902 [info] > git for-each-ref --sort -committerdate --format %(refname) %(objectname) %(*objectname) [3ms]
2025-02-09 22:21:16.914 [info] > git status -z -uall [19ms]
2025-02-09 22:21:21.929 [info] > git config --get commit.template [5ms]
2025-02-09 22:21:21.930 [info] > git for-each-ref --format=%(refname)%00%(upstream:short)%00%(objectname)%00%(upstream:track)%00%(upstream:remotename)%00%(upstream:remoteref) refs/heads/main refs/remotes/main [2ms]
2025-02-09 22:21:21.943 [info] > git for-each-ref --sort -committerdate --format %(refname) %(objectname) %(*objectname) [2ms]
2025-02-09 22:21:21.954 [info] > git status -z -uall [19ms]
2025-02-09 22:21:22.440 [info] > git show --textconv :storage.py [6ms]
2025-02-09 22:21:22.441 [info] > git ls-files --stage -- /home/leozhontai561/storage.py [2ms]
2025-02-09 22:21:26.973 [info] > git for-each-ref --format=%(refname)%00%(upstream:short)%00%(objectname)%00%(upstream:track)%00%(upstream:remotename)%00%(upstream:remoteref) refs/heads/main refs/remotes/main [3ms]
2025-02-09 22:21:26.973 [info] > git config --get commit.template [8ms]
2025-02-09 22:21:26.985 [info] > git for-each-ref --sort -committerdate --format %(refname) %(objectname) %(*objectname) [2ms]
2025-02-09 22:21:26.998 [info] > git status -z -uall [19ms]
2025-02-09 22:21:32.012 [info] > git config --get commit.template [5ms]
2025-02-09 22:21:32.013 [info] > git for-each-ref --format=%(refname)%00%(upstream:short)%00%(objectname)%00%(upstream:track)%00%(upstream:remotename)%00%(upstream:remoteref) refs/heads/main refs/remotes/main [2ms]
2025-02-09 22:21:32.025 [info] > git for-each-ref --sort -committerdate --format %(refname) %(objectname) %(*objectname) [3ms]
2025-02-09 22:21:32.037 [info] > git status -z -uall [20ms]
2025-02-09 22:21:37.050 [info] > git config --get commit.template [3ms]
2025-02-09 22:21:37.056 [info] > git for-each-ref --format=%(refname)%00%(upstream:short)%00%(objectname)%00%(upstream:track)%00%(upstream:remotename)%00%(upstream:remoteref) refs/heads/main refs/remotes/main [2ms]
2025-02-09 22:21:37.069 [info] > git for-each-ref --sort -committerdate --format %(refname) %(objectname) %(*objectname) [2ms]
2025-02-09 22:21:37.081 [info] > git status -z -uall [19ms]
2025-02-09 22:21:42.096 [info] > git config --get commit.template [5ms]
2025-02-09 22:21:42.098 [info] > git for-each-ref --format=%(refname)%00%(upstream:short)%00%(objectname)%00%(upstream:track)%00%(upstream:remotename)%00%(upstream:remoteref) refs/heads/main refs/remotes/main [3ms]
2025-02-09 22:21:42.110 [info] > git for-each-ref --sort -committerdate --format %(refname) %(objectname) %(*objectname) [3ms]
2025-02-09 22:21:42.122 [info] > git status -z -uall [19ms]
2025-02-09 22:21:44.100 [info] > git check-ignore -v -z --stdin [3ms]
2025-02-09 22:21:47.138 [info] > git config --get commit.template [6ms]
2025-02-09 22:21:47.140 [info] > git for-each-ref --format=%(refname)%00%(upstream:short)%00%(objectname)%00%(upstream:track)%00%(upstream:remotename)%00%(upstream:remoteref) refs/heads/main refs/remotes/main [3ms]
2025-02-09 22:21:47.152 [info] > git for-each-ref --sort -committerdate --format %(refname) %(objectname) %(*objectname) [2ms]
2025-02-09 22:21:47.166 [info] > git status -z -uall [20ms]
2025-02-09 22:21:48.198 [info] > git log --format=%H%n%aN%n%aE%n%at%n%ct%n%P%n%D%n%B -z --shortstat --diff-merges=first-parent -n50 --skip=0 --topo-order --decorate=full --stdin [4633ms]
2025-02-09 22:21:52.181 [info] > git config --get commit.template [5ms]
2025-02-09 22:21:52.182 [info] > git for-each-ref --format=%(refname)%00%(upstream:short)%00%(objectname)%00%(upstream:track)%00%(upstream:remotename)%00%(upstream:remoteref) refs/heads/main refs/remotes/main [2ms]
2025-02-09 22:21:52.194 [info] > git for-each-ref --sort -committerdate --format %(refname) %(objectname) %(*objectname) [2ms]
2025-02-09 22:21:52.206 [info] > git status -z -uall [19ms]
2025-02-09 22:21:57.225 [info] > git config --get commit.template [6ms]
2025-02-09 22:21:57.225 [info] > git for-each-ref --format=%(refname)%00%(upstream:short)%00%(objectname)%00%(upstream:track)%00%(upstream:remotename)%00%(upstream:remoteref) refs/heads/main refs/remotes/main [2ms]
2025-02-09 22:21:57.237 [info] > git for-each-ref --sort -committerdate --format %(refname) %(objectname) %(*objectname) [2ms]
2025-02-09 22:21:57.249 [info] > git status -z -uall [19ms]
2025-02-09 22:22:02.264 [info] > git config --get commit.template [5ms]
2025-02-09 22:22:02.265 [info] > git for-each-ref --format=%(refname)%00%(upstream:short)%00%(objectname)%00%(upstream:track)%00%(upstream:remotename)%00%(upstream:remoteref) refs/heads/main refs/remotes/main [2ms]
2025-02-09 22:22:02.278 [info] > git for-each-ref --sort -committerdate --format %(refname) %(objectname) %(*objectname) [3ms]
2025-02-09 22:22:02.290 [info] > git status -z -uall [20ms]
2025-02-09 22:22:07.242 [info] > git clean -f -q -- /home/leozhontai561/storage.py [2ms]
2025-02-09 22:22:07.263 [info] > git checkout -q [16ms]
2025-02-09 22:22:07.276 [info] > git config --get commit.template [6ms]
2025-02-09 22:22:07.277 [info] > git for-each-ref --format=%(refname)%00%(upstream:short)%00%(objectname)%00%(upstream:track)%00%(upstream:remotename)%00%(upstream:remoteref) refs/heads/main refs/remotes/main [2ms]
2025-02-09 22:22:07.290 [info] > git for-each-ref --sort -committerdate --format %(refname) %(objectname) %(*objectname) [3ms]
2025-02-09 22:22:07.301 [info] > git status -z -uall [19ms]
2025-02-09 22:22:07.317 [info] > git config --get commit.template [5ms]
2025-02-09 22:22:07.318 [info] > git for-each-ref --format=%(refname)%00%(upstream:short)%00%(objectname)%00%(upstream:track)%00%(upstream:remotename)%00%(upstream:remoteref) refs/heads/main refs/remotes/main [3ms]
2025-02-09 22:22:07.332 [info] > git for-each-ref --sort -committerdate --format %(refname) %(objectname) %(*objectname) [2ms]
2025-02-09 22:22:07.343 [info] > git status -z -uall [19ms]
2025-02-09 22:22:08.032 [info] > git check-ignore -v -z --stdin [2ms]
2025-02-09 22:22:08.750 [info] > git ls-files --stage -- /home/leozhontai561/storage.py [2ms]
2025-02-09 22:22:08.801 [info] > git show --textconv :storage.py [3ms]
2025-02-09 22:22:12.354 [info] > git config --get commit.template [3ms]
2025-02-09 22:22:12.361 [info] > git for-each-ref --format=%(refname)%00%(upstream:short)%00%(objectname)%00%(upstream:track)%00%(upstream:remotename)%00%(upstream:remoteref) refs/heads/main refs/remotes/main [2ms]
2025-02-09 22:22:12.374 [info] > git for-each-ref --sort -committerdate --format %(refname) %(objectname) %(*objectname) [2ms]
2025-02-09 22:22:12.385 [info] > git status -z -uall [18ms]
2025-02-09 22:22:17.400 [info] > git config --get commit.template [5ms]
2025-02-09 22:22:17.401 [info] > git for-each-ref --format=%(refname)%00%(upstream:short)%00%(objectname)%00%(upstream:track)%00%(upstream:remotename)%00%(upstream:remoteref) refs/heads/main refs/remotes/main [2ms]
2025-02-09 22:22:17.414 [info] > git for-each-ref --sort -committerdate --format %(refname) %(objectname) %(*objectname) [3ms]
2025-02-09 22:22:17.425 [info] > git status -z -uall [19ms]
2025-02-09 22:22:22.441 [info] > git config --get commit.template [5ms]
2025-02-09 22:22:22.442 [info] > git for-each-ref --format=%(refname)%00%(upstream:short)%00%(objectname)%00%(upstream:track)%00%(upstream:remotename)%00%(upstream:remoteref) refs/heads/main refs/remotes/main [2ms]
2025-02-09 22:22:22.454 [info] > git for-each-ref --sort -committerdate --format %(refname) %(objectname) %(*objectname) [2ms]
2025-02-09 22:22:22.465 [info] > git status -z -uall [18ms]
2025-02-09 22:22:27.481 [info] > git config --get commit.template [6ms]
2025-02-09 22:22:27.482 [info] > git for-each-ref --format=%(refname)%00%(upstream:short)%00%(objectname)%00%(upstream:track)%00%(upstream:remotename)%00%(upstream:remoteref) refs/heads/main refs/remotes/main [2ms]
2025-02-09 22:22:27.494 [info] > git for-each-ref --sort -committerdate --format %(refname) %(objectname) %(*objectname) [2ms]
2025-02-09 22:22:27.506 [info] > git status -z -uall [19ms]
2025-02-09 22:22:35.295 [info] > git config --get commit.template [5ms]
2025-02-09 22:22:35.296 [info] > git for-each-ref --format=%(refname)%00%(upstream:short)%00%(objectname)%00%(upstream:track)%00%(upstream:remotename)%00%(upstream:remoteref) refs/heads/main refs/remotes/main [2ms]
2025-02-09 22:22:35.310 [info] > git for-each-ref --sort -committerdate --format %(refname) %(objectname) %(*objectname) [2ms]
2025-02-09 22:22:35.322 [info] > git status -z -uall [19ms]
2025-02-09 22:22:40.336 [info] > git config --get commit.template [6ms]
2025-02-09 22:22:40.338 [info] > git for-each-ref --format=%(refname)%00%(upstream:short)%00%(objectname)%00%(upstream:track)%00%(upstream:remotename)%00%(upstream:remoteref) refs/heads/main refs/remotes/main [2ms]
2025-02-09 22:22:40.350 [info] > git for-each-ref --sort -committerdate --format %(refname) %(objectname) %(*objectname) [3ms]
2025-02-09 22:22:40.361 [info] > git status -z -uall [18ms]
2025-02-09 22:22:45.378 [info] > git config --get commit.template [6ms]
2025-02-09 22:22:45.379 [info] > git for-each-ref --format=%(refname)%00%(upstream:short)%00%(objectname)%00%(upstream:track)%00%(upstream:remotename)%00%(upstream:remoteref) refs/heads/main refs/remotes/main [2ms]
2025-02-09 22:22:45.393 [info] > git for-each-ref --sort -committerdate --format %(refname) %(objectname) %(*objectname) [2ms]
2025-02-09 22:22:45.404 [info] > git status -z -uall [20ms]
2025-02-09 22:22:50.418 [info] > git config --get commit.template [6ms]
2025-02-09 22:22:50.419 [info] > git for-each-ref --format=%(refname)%00%(upstream:short)%00%(objectname)%00%(upstream:track)%00%(upstream:remotename)%00%(upstream:remoteref) refs/heads/main refs/remotes/main [2ms]
2025-02-09 22:22:50.431 [info] > git for-each-ref --sort -committerdate --format %(refname) %(objectname) %(*objectname) [3ms]
2025-02-09 22:22:50.443 [info] > git status -z -uall [19ms]
2025-02-09 22:22:55.458 [info] > git config --get commit.template [6ms]
2025-02-09 22:22:55.459 [info] > git for-each-ref --format=%(refname)%00%(upstream:short)%00%(objectname)%00%(upstream:track)%00%(upstream:remotename)%00%(upstream:remoteref) refs/heads/main refs/remotes/main [2ms]
2025-02-09 22:22:55.471 [info] > git for-each-ref --sort -committerdate --format %(refname) %(objectname) %(*objectname) [2ms]
2025-02-09 22:22:55.483 [info] > git status -z -uall [19ms]
2025-02-09 22:23:00.500 [info] > git config --get commit.template [7ms]
2025-02-09 22:23:00.500 [info] > git for-each-ref --format=%(refname)%00%(upstream:short)%00%(objectname)%00%(upstream:track)%00%(upstream:remotename)%00%(upstream:remoteref) refs/heads/main refs/remotes/main [2ms]
2025-02-09 22:23:00.513 [info] > git for-each-ref --sort -committerdate --format %(refname) %(objectname) %(*objectname) [2ms]
2025-02-09 22:23:00.526 [info] > git status -z -uall [19ms]
2025-02-09 22:23:05.541 [info] > git config --get commit.template [6ms]
2025-02-09 22:23:05.542 [info] > git for-each-ref --format=%(refname)%00%(upstream:short)%00%(objectname)%00%(upstream:track)%00%(upstream:remotename)%00%(upstream:remoteref) refs/heads/main refs/remotes/main [2ms]
2025-02-09 22:23:05.555 [info] > git for-each-ref --sort -committerdate --format %(refname) %(objectname) %(*objectname) [3ms]
2025-02-09 22:23:05.566 [info] > git status -z -uall [19ms]
2025-02-09 22:23:10.581 [info] > git config --get commit.template [6ms]
2025-02-09 22:23:10.582 [info] > git for-each-ref --format=%(refname)%00%(upstream:short)%00%(objectname)%00%(upstream:track)%00%(upstream:remotename)%00%(upstream:remoteref) refs/heads/main refs/remotes/main [2ms]
2025-02-09 22:23:10.594 [info] > git for-each-ref --sort -committerdate --format %(refname) %(objectname) %(*objectname) [2ms]
2025-02-09 22:23:10.606 [info] > git status -z -uall [19ms]
2025-02-09 22:23:15.620 [info] > git config --get commit.template [2ms]
2025-02-09 22:23:15.627 [info] > git for-each-ref --format=%(refname)%00%(upstream:short)%00%(objectname)%00%(upstream:track)%00%(upstream:remotename)%00%(upstream:remoteref) refs/heads/main refs/remotes/main [2ms]
2025-02-09 22:23:15.640 [info] > git for-each-ref --sort -committerdate --format %(refname) %(objectname) %(*objectname) [2ms]
2025-02-09 22:23:15.652 [info] > git status -z -uall [20ms]
2025-02-09 22:23:53.282 [info] > git config --get commit.template [6ms]
2025-02-09 22:23:53.283 [info] > git for-each-ref --format=%(refname)%00%(upstream:short)%00%(objectname)%00%(upstream:track)%00%(upstream:remotename)%00%(upstream:remoteref) refs/heads/main refs/remotes/main [2ms]
2025-02-09 22:23:53.294 [info] > git for-each-ref --sort -committerdate --format %(refname) %(objectname) %(*objectname) [2ms]
2025-02-09 22:23:53.306 [info] > git status -z -uall [19ms]
2025-02-09 22:23:58.324 [info] > git config --get commit.template [7ms]
2025-02-09 22:23:58.324 [info] > git for-each-ref --format=%(refname)%00%(upstream:short)%00%(objectname)%00%(upstream:track)%00%(upstream:remotename)%00%(upstream:remoteref) refs/heads/main refs/remotes/main [2ms]
2025-02-09 22:23:58.336 [info] > git for-each-ref --sort -committerdate --format %(refname) %(objectname) %(*objectname) [3ms]
2025-02-09 22:23:58.348 [info] > git status -z -uall [19ms]
2025-02-09 22:24:03.363 [info] > git config --get commit.template [6ms]
2025-02-09 22:24:03.364 [info] > git for-each-ref --format=%(refname)%00%(upstream:short)%00%(objectname)%00%(upstream:track)%00%(upstream:remotename)%00%(upstream:remoteref) refs/heads/main refs/remotes/main [2ms]
2025-02-09 22:24:03.378 [info] > git for-each-ref --sort -committerdate --format %(refname) %(objectname) %(*objectname) [2ms]
2025-02-09 22:24:03.390 [info] > git status -z -uall [19ms]
2025-02-09 22:24:20.585 [info] > git config --get commit.template [7ms]
2025-02-09 22:24:20.585 [info] > git for-each-ref --format=%(refname)%00%(upstream:short)%00%(objectname)%00%(upstream:track)%00%(upstream:remotename)%00%(upstream:remoteref) refs/heads/main refs/remotes/main [2ms]
2025-02-09 22:24:20.598 [info] > git for-each-ref --sort -committerdate --format %(refname) %(objectname) %(*objectname) [2ms]
2025-02-09 22:24:20.613 [info] > git status -z -uall [23ms]
2025-02-09 22:24:25.624 [info] > git config --get commit.template [2ms]
2025-02-09 22:24:25.630 [info] > git for-each-ref --format=%(refname)%00%(upstream:short)%00%(objectname)%00%(upstream:track)%00%(upstream:remotename)%00%(upstream:remoteref) refs/heads/main refs/remotes/main [2ms]
2025-02-09 22:24:25.643 [info] > git for-each-ref --sort -committerdate --format %(refname) %(objectname) %(*objectname) [2ms]
2025-02-09 22:24:25.654 [info] > git status -z -uall [19ms]
2025-02-09 22:24:30.671 [info] > git config --get commit.template [7ms]
2025-02-09 22:24:30.671 [info] > git for-each-ref --format=%(refname)%00%(upstream:short)%00%(objectname)%00%(upstream:track)%00%(upstream:remotename)%00%(upstream:remoteref) refs/heads/main refs/remotes/main [3ms]
2025-02-09 22:24:30.684 [info] > git for-each-ref --sort -committerdate --format %(refname) %(objectname) %(*objectname) [2ms]
2025-02-09 22:24:30.696 [info] > git status -z -uall [19ms]
2025-02-09 22:24:35.711 [info] > git config --get commit.template [7ms]
2025-02-09 22:24:35.714 [info] > git for-each-ref --format=%(refname)%00%(upstream:short)%00%(objectname)%00%(upstream:track)%00%(upstream:remotename)%00%(upstream:remoteref) refs/heads/main refs/remotes/main [3ms]
2025-02-09 22:24:35.725 [info] > git for-each-ref --sort -committerdate --format %(refname) %(objectname) %(*objectname) [2ms]
2025-02-09 22:24:35.737 [info] > git status -z -uall [18ms]
2025-02-09 22:24:40.748 [info] > git config --get commit.template [2ms]
2025-02-09 22:24:40.755 [info] > git for-each-ref --format=%(refname)%00%(upstream:short)%00%(objectname)%00%(upstream:track)%00%(upstream:remotename)%00%(upstream:remoteref) refs/heads/main refs/remotes/main [2ms]
2025-02-09 22:24:40.767 [info] > git for-each-ref --sort -committerdate --format %(refname) %(objectname) %(*objectname) [2ms]
2025-02-09 22:24:40.779 [info] > git status -z -uall [19ms]
2025-02-09 22:24:45.790 [info] > git config --get commit.template [2ms]
2025-02-09 22:24:45.797 [info] > git for-each-ref --format=%(refname)%00%(upstream:short)%00%(objectname)%00%(upstream:track)%00%(upstream:remotename)%00%(upstream:remoteref) refs/heads/main refs/remotes/main [2ms]
2025-02-09 22:24:45.809 [info] > git for-each-ref --sort -committerdate --format %(refname) %(objectname) %(*objectname) [3ms]
2025-02-09 22:24:45.821 [info] > git status -z -uall [19ms]
2025-02-09 22:26:01.073 [info] > git config --get commit.template [5ms]
2025-02-09 22:26:01.075 [info] > git for-each-ref --format=%(refname)%00%(upstream:short)%00%(objectname)%00%(upstream:track)%00%(upstream:remotename)%00%(upstream:remoteref) refs/heads/main refs/remotes/main [2ms]
2025-02-09 22:26:01.088 [info] > git for-each-ref --sort -committerdate --format %(refname) %(objectname) %(*objectname) [4ms]
2025-02-09 22:26:01.100 [info] > git status -z -uall [20ms]
2025-02-09 22:26:06.115 [info] > git config --get commit.template [6ms]
2025-02-09 22:26:06.117 [info] > git for-each-ref --format=%(refname)%00%(upstream:short)%00%(objectname)%00%(upstream:track)%00%(upstream:remotename)%00%(upstream:remoteref) refs/heads/main refs/remotes/main [3ms]
2025-02-09 22:26:06.131 [info] > git for-each-ref --sort -committerdate --format %(refname) %(objectname) %(*objectname) [3ms]
2025-02-09 22:26:06.143 [info] > git status -z -uall [21ms]
2025-02-09 22:26:15.514 [info] > git config --get commit.template [6ms]
2025-02-09 22:26:15.515 [info] > git for-each-ref --format=%(refname)%00%(upstream:short)%00%(objectname)%00%(upstream:track)%00%(upstream:remotename)%00%(upstream:remoteref) refs/heads/main refs/remotes/main [2ms]
2025-02-09 22:26:15.527 [info] > git for-each-ref --sort -committerdate --format %(refname) %(objectname) %(*objectname) [3ms]
2025-02-09 22:26:15.539 [info] > git status -z -uall [19ms]
2025-02-09 22:26:20.554 [info] > git config --get commit.template [5ms]
2025-02-09 22:26:20.556 [info] > git for-each-ref --format=%(refname)%00%(upstream:short)%00%(objectname)%00%(upstream:track)%00%(upstream:remotename)%00%(upstream:remoteref) refs/heads/main refs/remotes/main [2ms]
2025-02-09 22:26:20.567 [info] > git for-each-ref --sort -committerdate --format %(refname) %(objectname) %(*objectname) [2ms]
2025-02-09 22:26:20.582 [info] > git status -z -uall [21ms]
2025-02-09 22:26:25.595 [info] > git config --get commit.template [2ms]
2025-02-09 22:26:25.601 [info] > git for-each-ref --format=%(refname)%00%(upstream:short)%00%(objectname)%00%(upstream:track)%00%(upstream:remotename)%00%(upstream:remoteref) refs/heads/main refs/remotes/main [2ms]
2025-02-09 22:26:25.613 [info] > git for-each-ref --sort -committerdate --format %(refname) %(objectname) %(*objectname) [2ms]
2025-02-09 22:26:25.625 [info] > git status -z -uall [19ms]
2025-02-09 22:26:30.640 [info] > git config --get commit.template [6ms]
2025-02-09 22:26:30.641 [info] > git for-each-ref --format=%(refname)%00%(upstream:short)%00%(objectname)%00%(upstream:track)%00%(upstream:remotename)%00%(upstream:remoteref) refs/heads/main refs/remotes/main [2ms]
2025-02-09 22:26:30.653 [info] > git for-each-ref --sort -committerdate --format %(refname) %(objectname) %(*objectname) [2ms]
2025-02-09 22:26:30.666 [info] > git status -z -uall [20ms]
2025-02-09 22:26:35.682 [info] > git config --get commit.template [6ms]
2025-02-09 22:26:35.683 [info] > git for-each-ref --format=%(refname)%00%(upstream:short)%00%(objectname)%00%(upstream:track)%00%(upstream:remotename)%00%(upstream:remoteref) refs/heads/main refs/remotes/main [2ms]
2025-02-09 22:26:35.695 [info] > git for-each-ref --sort -committerdate --format %(refname) %(objectname) %(*objectname) [3ms]
2025-02-09 22:26:35.707 [info] > git status -z -uall [19ms]
2025-02-09 22:26:40.724 [info] > git config --get commit.template [5ms]
2025-02-09 22:26:40.726 [info] > git for-each-ref --format=%(refname)%00%(upstream:short)%00%(objectname)%00%(upstream:track)%00%(upstream:remotename)%00%(upstream:remoteref) refs/heads/main refs/remotes/main [2ms]
2025-02-09 22:26:40.738 [info] > git for-each-ref --sort -committerdate --format %(refname) %(objectname) %(*objectname) [2ms]
2025-02-09 22:26:40.753 [info] > git status -z -uall [23ms]
2025-02-09 22:26:45.765 [info] > git config --get commit.template [3ms]
2025-02-09 22:26:45.772 [info] > git for-each-ref --format=%(refname)%00%(upstream:short)%00%(objectname)%00%(upstream:track)%00%(upstream:remotename)%00%(upstream:remoteref) refs/heads/main refs/remotes/main [2ms]
2025-02-09 22:26:45.784 [info] > git for-each-ref --sort -committerdate --format %(refname) %(objectname) %(*objectname) [2ms]
2025-02-09 22:26:45.796 [info] > git status -z -uall [19ms]
2025-02-09 22:30:49.999 [info] > git config --get commit.template [6ms]
2025-02-09 22:30:50.000 [info] > git for-each-ref --format=%(refname)%00%(upstream:short)%00%(objectname)%00%(upstream:track)%00%(upstream:remotename)%00%(upstream:remoteref) refs/heads/main refs/remotes/main [2ms]
2025-02-09 22:30:50.012 [info] > git for-each-ref --sort -committerdate --format %(refname) %(objectname) %(*objectname) [3ms]
2025-02-09 22:30:50.025 [info] > git status -z -uall [20ms]
2025-02-09 22:30:55.039 [info] > git config --get commit.template [2ms]
2025-02-09 22:30:55.045 [info] > git for-each-ref --format=%(refname)%00%(upstream:short)%00%(objectname)%00%(upstream:track)%00%(upstream:remotename)%00%(upstream:remoteref) refs/heads/main refs/remotes/main [2ms]
2025-02-09 22:30:55.057 [info] > git for-each-ref --sort -committerdate --format %(refname) %(objectname) %(*objectname) [3ms]
2025-02-09 22:30:55.069 [info] > git status -z -uall [19ms]
2025-02-09 22:31:00.086 [info] > git config --get commit.template [5ms]
2025-02-09 22:31:00.088 [info] > git for-each-ref --format=%(refname)%00%(upstream:short)%00%(objectname)%00%(upstream:track)%00%(upstream:remotename)%00%(upstream:remoteref) refs/heads/main refs/remotes/main [2ms]
2025-02-09 22:31:00.099 [info] > git for-each-ref --sort -committerdate --format %(refname) %(objectname) %(*objectname) [2ms]
2025-02-09 22:31:00.111 [info] > git status -z -uall [19ms]
2025-02-09 22:31:05.126 [info] > git config --get commit.template [5ms]
2025-02-09 22:31:05.127 [info] > git for-each-ref --format=%(refname)%00%(upstream:short)%00%(objectname)%00%(upstream:track)%00%(upstream:remotename)%00%(upstream:remoteref) refs/heads/main refs/remotes/main [1ms]
2025-02-09 22:31:05.140 [info] > git for-each-ref --sort -committerdate --format %(refname) %(objectname) %(*objectname) [3ms]
2025-02-09 22:31:05.152 [info] > git status -z -uall [20ms]
2025-02-09 22:31:40.788 [info] > git config --get commit.template [7ms]
2025-02-09 22:31:40.789 [info] > git for-each-ref --format=%(refname)%00%(upstream:short)%00%(objectname)%00%(upstream:track)%00%(upstream:remotename)%00%(upstream:remoteref) refs/heads/main refs/remotes/main [3ms]
2025-02-09 22:31:40.802 [info] > git for-each-ref --sort -committerdate --format %(refname) %(objectname) %(*objectname) [2ms]
2025-02-09 22:31:40.813 [info] > git status -z -uall [19ms]
2025-02-09 22:31:45.301 [info] > git check-ignore -v -z --stdin [2ms]
2025-02-09 22:31:45.830 [info] > git config --get commit.template [6ms]
2025-02-09 22:31:45.832 [info] > git for-each-ref --format=%(refname)%00%(upstream:short)%00%(objectname)%00%(upstream:track)%00%(upstream:remotename)%00%(upstream:remoteref) refs/heads/main refs/remotes/main [2ms]
2025-02-09 22:31:45.846 [info] > git for-each-ref --sort -committerdate --format %(refname) %(objectname) %(*objectname) [3ms]
2025-02-09 22:31:45.858 [info] > git status -z -uall [20ms]
2025-02-09 22:31:47.254 [info] > git log --format=%H%n%aN%n%aE%n%at%n%ct%n%P%n%D%n%B -z --shortstat --diff-merges=first-parent -n50 --skip=0 --topo-order --decorate=full --stdin [2463ms]
2025-02-09 22:31:50.872 [info] > git config --get commit.template [5ms]
2025-02-09 22:31:50.874 [info] > git for-each-ref --format=%(refname)%00%(upstream:short)%00%(objectname)%00%(upstream:track)%00%(upstream:remotename)%00%(upstream:remoteref) refs/heads/main refs/remotes/main [2ms]
2025-02-09 22:31:50.886 [info] > git for-each-ref --sort -committerdate --format %(refname) %(objectname) %(*objectname) [4ms]
2025-02-09 22:31:50.897 [info] > git status -z -uall [19ms]
2025-02-09 22:31:51.210 [info] > git check-ignore -v -z --stdin [5ms]
2025-02-09 22:31:55.912 [info] > git config --get commit.template [5ms]
2025-02-09 22:31:55.914 [info] > git for-each-ref --format=%(refname)%00%(upstream:short)%00%(objectname)%00%(upstream:track)%00%(upstream:remotename)%00%(upstream:remoteref) refs/heads/main refs/remotes/main [3ms]
2025-02-09 22:31:55.925 [info] > git for-each-ref --sort -committerdate --format %(refname) %(objectname) %(*objectname) [2ms]
2025-02-09 22:31:55.937 [info] > git status -z -uall [19ms]
2025-02-09 22:32:00.954 [info] > git config --get commit.template [6ms]
2025-02-09 22:32:00.956 [info] > git for-each-ref --format=%(refname)%00%(upstream:short)%00%(objectname)%00%(upstream:track)%00%(upstream:remotename)%00%(upstream:remoteref) refs/heads/main refs/remotes/main [3ms]
2025-02-09 22:32:00.967 [info] > git for-each-ref --sort -committerdate --format %(refname) %(objectname) %(*objectname) [3ms]
2025-02-09 22:32:00.979 [info] > git status -z -uall [19ms]
2025-02-09 22:32:05.837 [info] > git show --textconv HEAD:storage.py [6ms]
2025-02-09 22:32:05.838 [info] > git ls-tree -l HEAD -- /home/leozhontai561/storage.py [3ms]
2025-02-09 22:32:05.994 [info] > git config --get commit.template [5ms]
2025-02-09 22:32:05.995 [info] > git for-each-ref --format=%(refname)%00%(upstream:short)%00%(objectname)%00%(upstream:track)%00%(upstream:remotename)%00%(upstream:remoteref) refs/heads/main refs/remotes/main [2ms]
2025-02-09 22:32:06.009 [info] > git for-each-ref --sort -committerdate --format %(refname) %(objectname) %(*objectname) [4ms]
2025-02-09 22:32:06.021 [info] > git status -z -uall [20ms]
2025-02-09 22:32:11.035 [info] > git config --get commit.template [5ms]
2025-02-09 22:32:11.037 [info] > git for-each-ref --format=%(refname)%00%(upstream:short)%00%(objectname)%00%(upstream:track)%00%(upstream:remotename)%00%(upstream:remoteref) refs/heads/main refs/remotes/main [1ms]
2025-02-09 22:32:11.048 [info] > git for-each-ref --sort -committerdate --format %(refname) %(objectname) %(*objectname) [3ms]
2025-02-09 22:32:11.061 [info] > git status -z -uall [20ms]
2025-02-09 22:32:16.076 [info] > git config --get commit.template [6ms]
2025-02-09 22:32:16.078 [info] > git for-each-ref --format=%(refname)%00%(upstream:short)%00%(objectname)%00%(upstream:track)%00%(upstream:remotename)%00%(upstream:remoteref) refs/heads/main refs/remotes/main [3ms]
2025-02-09 22:32:16.090 [info] > git for-each-ref --sort -committerdate --format %(refname) %(objectname) %(*objectname) [3ms]
2025-02-09 22:32:16.101 [info] > git status -z -uall [19ms]
2025-02-09 22:32:55.114 [info] > git ls-tree -l HEAD -- /home/leozhontai561/storage.py [8ms]
2025-02-09 22:32:55.115 [info] > git config --get commit.template [2ms]
2025-02-09 22:32:55.121 [info] > git for-each-ref --format=%(refname)%00%(upstream:short)%00%(objectname)%00%(upstream:track)%00%(upstream:remotename)%00%(upstream:remoteref) refs/heads/main refs/remotes/main [2ms]
2025-02-09 22:32:55.132 [info] > git for-each-ref --sort -committerdate --format %(refname) %(objectname) %(*objectname) [2ms]
2025-02-09 22:32:55.145 [info] > git status -z -uall [19ms]
2025-02-09 22:33:00.163 [info] > git config --get commit.template [5ms]
2025-02-09 22:33:00.164 [info] > git for-each-ref --format=%(refname)%00%(upstream:short)%00%(objectname)%00%(upstream:track)%00%(upstream:remotename)%00%(upstream:remoteref) refs/heads/main refs/remotes/main [2ms]
2025-02-09 22:33:00.176 [info] > git for-each-ref --sort -committerdate --format %(refname) %(objectname) %(*objectname) [3ms]
2025-02-09 22:33:00.188 [info] > git status -z -uall [19ms]
2025-02-09 22:33:03.031 [info] > git show --textconv :storage.py [5ms]
2025-02-09 22:33:03.032 [info] > git ls-files --stage -- /home/leozhontai561/storage.py [2ms]
2025-02-09 22:33:04.655 [info] > git ls-tree -l HEAD -- /home/leozhontai561/storage.py [3ms]
2025-02-09 22:33:05.203 [info] > git config --get commit.template [5ms]
2025-02-09 22:33:05.204 [info] > git for-each-ref --format=%(refname)%00%(upstream:short)%00%(objectname)%00%(upstream:track)%00%(upstream:remotename)%00%(upstream:remoteref) refs/heads/main refs/remotes/main [2ms]
2025-02-09 22:33:05.216 [info] > git for-each-ref --sort -committerdate --format %(refname) %(objectname) %(*objectname) [2ms]
2025-02-09 22:33:05.227 [info] > git status -z -uall [18ms]
2025-02-09 22:33:10.244 [info] > git config --get commit.template [7ms]
2025-02-09 22:33:10.245 [info] > git for-each-ref --format=%(refname)%00%(upstream:short)%00%(objectname)%00%(upstream:track)%00%(upstream:remotename)%00%(upstream:remoteref) refs/heads/main refs/remotes/main [2ms]
2025-02-09 22:33:10.257 [info] > git for-each-ref --sort -committerdate --format %(refname) %(objectname) %(*objectname) [2ms]
2025-02-09 22:33:10.269 [info] > git status -z -uall [19ms]
2025-02-09 22:33:15.285 [info] > git config --get commit.template [5ms]
2025-02-09 22:33:15.286 [info] > git for-each-ref --format=%(refname)%00%(upstream:short)%00%(objectname)%00%(upstream:track)%00%(upstream:remotename)%00%(upstream:remoteref) refs/heads/main refs/remotes/main [2ms]
2025-02-09 22:33:15.297 [info] > git for-each-ref --sort -committerdate --format %(refname) %(objectname) %(*objectname) [2ms]
2025-02-09 22:33:15.309 [info] > git status -z -uall [18ms]
2025-02-09 22:33:16.867 [info] > git show --textconv :storage.py [5ms]
2025-02-09 22:33:16.869 [info] > git ls-files --stage -- /home/leozhontai561/storage.py [3ms]
2025-02-09 22:33:20.326 [info] > git config --get commit.template [4ms]
2025-02-09 22:33:20.327 [info] > git for-each-ref --format=%(refname)%00%(upstream:short)%00%(objectname)%00%(upstream:track)%00%(upstream:remotename)%00%(upstream:remoteref) refs/heads/main refs/remotes/main [2ms]
2025-02-09 22:33:20.338 [info] > git for-each-ref --sort -committerdate --format %(refname) %(objectname) %(*objectname) [2ms]
2025-02-09 22:33:20.350 [info] > git status -z -uall [18ms]
