2025-02-09 23:17:45.630 [info] [main] Log level: Info
2025-02-09 23:17:45.630 [info] [main] Validating found git in: "git"
2025-02-09 23:17:45.630 [info] [main] Using git "2.43.0" from "git"
2025-02-09 23:17:45.630 [info] [Model][doInitialScan] Initial repository scan started
2025-02-09 23:17:45.630 [info] > git rev-parse --show-toplevel [391ms]
2025-02-09 23:17:45.641 [info] > git rev-parse --git-dir --git-common-dir [29ms]
2025-02-09 23:17:45.661 [info] [Model][openRepository] Opened repository: /home/leozhontai561
2025-02-09 23:17:47.539 [info] > git config --get commit.template [1868ms]
2025-02-09 23:17:47.591 [info] > git for-each-ref --format=%(refname)%00%(upstream:short)%00%(objectname)%00%(upstream:track)%00%(upstream:remotename)%00%(upstream:remoteref) refs/heads/main refs/remotes/main [44ms]
2025-02-09 23:17:47.617 [info] > git for-each-ref --sort -committerdate --format %(refname) %(objectname) %(*objectname) [11ms]
2025-02-09 23:17:47.624 [info] > git rev-parse --show-toplevel [7ms]
2025-02-09 23:17:47.633 [info] > git rev-parse --show-toplevel [3ms]
2025-02-09 23:17:47.645 [info] > git rev-parse --show-toplevel [7ms]
2025-02-09 23:17:50.088 [info] > git status -z -uall [2488ms]
2025-02-09 23:17:50.149 [info] > git check-ignore -v -z --stdin [29ms]
2025-02-09 23:17:50.157 [info] > git for-each-ref --format=%(refname)%00%(upstream:short)%00%(objectname)%00%(upstream:track)%00%(upstream:remotename)%00%(upstream:remoteref) refs/heads/main refs/remotes/main [46ms]
2025-02-09 23:17:50.165 [info] > git rev-parse --show-toplevel [2512ms]
2025-02-09 23:17:50.177 [info] > git config --local branch.main.vscode-merge-base [12ms]
2025-02-09 23:17:50.177 [warning] [Git][config] git config failed: Failed to execute git
2025-02-09 23:17:50.183 [info] > git config --get commit.template [48ms]
2025-02-09 23:17:50.201 [info] > git rev-parse --show-toplevel [28ms]
2025-02-09 23:17:50.275 [info] > git reflog main --grep-reflog=branch: Created from *. [92ms]
2025-02-09 23:17:50.283 [info] > git rev-parse --show-toplevel [12ms]
2025-02-09 23:17:50.283 [info] > git for-each-ref --format=%(refname)%00%(upstream:short)%00%(objectname)%00%(upstream:track)%00%(upstream:remotename)%00%(upstream:remoteref) refs/heads/main refs/remotes/main [19ms]
2025-02-09 23:17:50.292 [info] > git symbolic-ref --short refs/remotes/origin/HEAD [11ms]
2025-02-09 23:17:50.292 [info] fatal: ref refs/remotes/origin/HEAD is not a symbolic ref
2025-02-09 23:17:50.292 [warning] [Repository][getDefaultBranch] Failed to get default branch details: Failed to execute git.
2025-02-09 23:17:50.301 [info] > git rev-parse --show-toplevel [10ms]
2025-02-09 23:17:50.316 [info] > git merge-base refs/heads/main refs/remotes/origin/main [17ms]
2025-02-09 23:17:50.664 [info] > git status -z -uall [357ms]
2025-02-09 23:17:50.665 [info] > git for-each-ref --sort -committerdate --format %(refname) %(objectname) %(*objectname) [350ms]
2025-02-09 23:17:50.672 [info] > git rev-parse --show-toplevel [341ms]
2025-02-09 23:17:50.696 [info] > git diff --name-status -z --diff-filter=ADMR dc7b6a483e97ba5c380b0a34dd953fe2ce53b910...refs/remotes/origin/main [372ms]
2025-02-09 23:17:50.710 [info] > git merge-base refs/heads/main refs/remotes/origin/main [17ms]
2025-02-09 23:17:50.722 [info] > git rev-parse --show-toplevel [13ms]
2025-02-09 23:17:50.732 [info] > git diff --name-status -z --diff-filter=ADMR dc7b6a483e97ba5c380b0a34dd953fe2ce53b910...refs/remotes/origin/main [14ms]
2025-02-09 23:17:50.848 [info] > git rev-parse --show-toplevel [117ms]
2025-02-09 23:17:50.910 [info] > git rev-parse --show-toplevel [52ms]
2025-02-09 23:17:50.960 [info] > git rev-parse --show-toplevel [41ms]
2025-02-09 23:17:51.104 [info] > git rev-parse --show-toplevel [130ms]
2025-02-09 23:17:51.123 [info] > git rev-parse --show-toplevel [6ms]
2025-02-09 23:17:51.127 [info] [Model][doInitialScan] Initial repository scan completed - repositories (1), closed repositories (0), parent repositories (0), unsafe repositories (0)
2025-02-09 23:17:51.158 [info] > git show --textconv :storage.py [14ms]
2025-02-09 23:17:51.182 [info] > git ls-files --stage -- /home/leozhontai561/storage.py [28ms]
2025-02-09 23:17:53.300 [info] > git config --get commit.template [11ms]
2025-02-09 23:17:53.302 [info] > git for-each-ref --format=%(refname)%00%(upstream:short)%00%(objectname)%00%(upstream:track)%00%(upstream:remotename)%00%(upstream:remoteref) refs/heads/main refs/remotes/main [3ms]
2025-02-09 23:17:53.327 [info] > git for-each-ref --sort -committerdate --format %(refname) %(objectname) %(*objectname) [5ms]
2025-02-09 23:17:53.346 [info] > git status -z -uall [34ms]
2025-02-09 23:17:58.374 [info] > git config --get commit.template [9ms]
2025-02-09 23:17:58.375 [info] > git for-each-ref --format=%(refname)%00%(upstream:short)%00%(objectname)%00%(upstream:track)%00%(upstream:remotename)%00%(upstream:remoteref) refs/heads/main refs/remotes/main [2ms]
2025-02-09 23:17:58.396 [info] > git for-each-ref --sort -committerdate --format %(refname) %(objectname) %(*objectname) [4ms]
2025-02-09 23:17:58.408 [info] > git status -z -uall [26ms]
2025-02-09 23:19:46.670 [info] > git config --get commit.template [9ms]
2025-02-09 23:19:46.671 [info] > git for-each-ref --format=%(refname)%00%(upstream:short)%00%(objectname)%00%(upstream:track)%00%(upstream:remotename)%00%(upstream:remoteref) refs/heads/main refs/remotes/main [3ms]
2025-02-09 23:19:46.696 [info] > git for-each-ref --sort -committerdate --format %(refname) %(objectname) %(*objectname) [6ms]
2025-02-09 23:19:46.709 [info] > git status -z -uall [30ms]
2025-02-09 23:20:53.464 [info] > git config --get commit.template [9ms]
2025-02-09 23:20:53.465 [info] > git for-each-ref --format=%(refname)%00%(upstream:short)%00%(objectname)%00%(upstream:track)%00%(upstream:remotename)%00%(upstream:remoteref) refs/heads/main refs/remotes/main [3ms]
2025-02-09 23:20:53.489 [info] > git for-each-ref --sort -committerdate --format %(refname) %(objectname) %(*objectname) [5ms]
2025-02-09 23:20:53.499 [info] > git status -z -uall [25ms]
2025-02-09 23:20:53.951 [info] > git ls-files --stage -- /home/leozhontai561/main.py [3ms]
2025-02-09 23:20:54.001 [info] > git cat-file -s 967d1b7499702bd619d3ac4e8905c2c048b5aeb9 [42ms]
2025-02-09 23:20:54.002 [info] > git show --textconv :main.py [61ms]
2025-02-09 23:20:58.523 [info] > git config --get commit.template [8ms]
2025-02-09 23:20:58.524 [info] > git for-each-ref --format=%(refname)%00%(upstream:short)%00%(objectname)%00%(upstream:track)%00%(upstream:remotename)%00%(upstream:remoteref) refs/heads/main refs/remotes/main [2ms]
2025-02-09 23:20:58.544 [info] > git for-each-ref --sort -committerdate --format %(refname) %(objectname) %(*objectname) [3ms]
2025-02-09 23:20:58.555 [info] > git status -z -uall [24ms]
2025-02-09 23:21:31.359 [info] > git config --get commit.template [8ms]
2025-02-09 23:21:31.360 [info] > git for-each-ref --format=%(refname)%00%(upstream:short)%00%(objectname)%00%(upstream:track)%00%(upstream:remotename)%00%(upstream:remoteref) refs/heads/main refs/remotes/main [2ms]
2025-02-09 23:21:31.378 [info] > git for-each-ref --sort -committerdate --format %(refname) %(objectname) %(*objectname) [2ms]
2025-02-09 23:21:31.389 [info] > git status -z -uall [22ms]
2025-02-09 23:21:36.412 [info] > git config --get commit.template [7ms]
2025-02-09 23:21:36.413 [info] > git for-each-ref --format=%(refname)%00%(upstream:short)%00%(objectname)%00%(upstream:track)%00%(upstream:remotename)%00%(upstream:remoteref) refs/heads/main refs/remotes/main [2ms]
2025-02-09 23:21:36.430 [info] > git for-each-ref --sort -committerdate --format %(refname) %(objectname) %(*objectname) [2ms]
2025-02-09 23:21:36.440 [info] > git status -z -uall [21ms]
2025-02-09 23:21:41.460 [info] > git config --get commit.template [7ms]
2025-02-09 23:21:41.461 [info] > git for-each-ref --format=%(refname)%00%(upstream:short)%00%(objectname)%00%(upstream:track)%00%(upstream:remotename)%00%(upstream:remoteref) refs/heads/main refs/remotes/main [2ms]
2025-02-09 23:21:41.478 [info] > git for-each-ref --sort -committerdate --format %(refname) %(objectname) %(*objectname) [2ms]
2025-02-09 23:21:41.490 [info] > git status -z -uall [22ms]
2025-02-09 23:22:27.323 [info] > git config --get commit.template [8ms]
2025-02-09 23:22:27.324 [info] > git for-each-ref --format=%(refname)%00%(upstream:short)%00%(objectname)%00%(upstream:track)%00%(upstream:remotename)%00%(upstream:remoteref) refs/heads/main refs/remotes/main [2ms]
2025-02-09 23:22:27.341 [info] > git for-each-ref --sort -committerdate --format %(refname) %(objectname) %(*objectname) [2ms]
2025-02-09 23:22:27.355 [info] > git status -z -uall [24ms]
2025-02-09 23:22:32.378 [info] > git config --get commit.template [7ms]
2025-02-09 23:22:32.380 [info] > git for-each-ref --format=%(refname)%00%(upstream:short)%00%(objectname)%00%(upstream:track)%00%(upstream:remotename)%00%(upstream:remoteref) refs/heads/main refs/remotes/main [1ms]
2025-02-09 23:22:32.396 [info] > git for-each-ref --sort -committerdate --format %(refname) %(objectname) %(*objectname) [2ms]
2025-02-09 23:22:32.408 [info] > git status -z -uall [21ms]
2025-02-09 23:22:41.664 [info] > git config --get commit.template [7ms]
2025-02-09 23:22:41.666 [info] > git for-each-ref --format=%(refname)%00%(upstream:short)%00%(objectname)%00%(upstream:track)%00%(upstream:remotename)%00%(upstream:remoteref) refs/heads/main refs/remotes/main [2ms]
2025-02-09 23:22:41.682 [info] > git for-each-ref --sort -committerdate --format %(refname) %(objectname) %(*objectname) [3ms]
2025-02-09 23:22:41.697 [info] > git status -z -uall [24ms]
2025-02-09 23:22:43.880 [info] > git show --textconv :storage.py [9ms]
2025-02-09 23:22:43.881 [info] > git ls-files --stage -- /home/leozhontai561/storage.py [3ms]
2025-02-09 23:22:46.719 [info] > git config --get commit.template [8ms]
2025-02-09 23:22:46.720 [info] > git for-each-ref --format=%(refname)%00%(upstream:short)%00%(objectname)%00%(upstream:track)%00%(upstream:remotename)%00%(upstream:remoteref) refs/heads/main refs/remotes/main [3ms]
2025-02-09 23:22:46.736 [info] > git for-each-ref --sort -committerdate --format %(refname) %(objectname) %(*objectname) [2ms]
2025-02-09 23:22:46.750 [info] > git status -z -uall [22ms]
2025-02-09 23:22:51.771 [info] > git config --get commit.template [7ms]
2025-02-09 23:22:51.772 [info] > git for-each-ref --format=%(refname)%00%(upstream:short)%00%(objectname)%00%(upstream:track)%00%(upstream:remotename)%00%(upstream:remoteref) refs/heads/main refs/remotes/main [2ms]
2025-02-09 23:22:51.789 [info] > git for-each-ref --sort -committerdate --format %(refname) %(objectname) %(*objectname) [2ms]
2025-02-09 23:22:51.801 [info] > git status -z -uall [21ms]
2025-02-09 23:23:33.788 [info] > git config --get commit.template [7ms]
2025-02-09 23:23:33.789 [info] > git for-each-ref --format=%(refname)%00%(upstream:short)%00%(objectname)%00%(upstream:track)%00%(upstream:remotename)%00%(upstream:remoteref) refs/heads/main refs/remotes/main [2ms]
2025-02-09 23:23:33.806 [info] > git for-each-ref --sort -committerdate --format %(refname) %(objectname) %(*objectname) [3ms]
2025-02-09 23:23:33.819 [info] > git status -z -uall [22ms]
2025-02-09 23:24:29.486 [info] > git config --get commit.template [7ms]
2025-02-09 23:24:29.487 [info] > git for-each-ref --format=%(refname)%00%(upstream:short)%00%(objectname)%00%(upstream:track)%00%(upstream:remotename)%00%(upstream:remoteref) refs/heads/main refs/remotes/main [2ms]
2025-02-09 23:24:29.505 [info] > git for-each-ref --sort -committerdate --format %(refname) %(objectname) %(*objectname) [3ms]
2025-02-09 23:24:29.518 [info] > git status -z -uall [24ms]
2025-02-09 23:24:33.605 [info] > git show --textconv :main.py [10ms]
2025-02-09 23:24:33.606 [info] > git ls-files --stage -- /home/leozhontai561/main.py [4ms]
2025-02-09 23:24:33.615 [info] > git cat-file -s 967d1b7499702bd619d3ac4e8905c2c048b5aeb9 [3ms]
2025-02-09 23:24:34.538 [info] > git config --get commit.template [7ms]
2025-02-09 23:24:34.539 [info] > git for-each-ref --format=%(refname)%00%(upstream:short)%00%(objectname)%00%(upstream:track)%00%(upstream:remotename)%00%(upstream:remoteref) refs/heads/main refs/remotes/main [2ms]
2025-02-09 23:24:34.556 [info] > git for-each-ref --sort -committerdate --format %(refname) %(objectname) %(*objectname) [3ms]
2025-02-09 23:24:34.568 [info] > git status -z -uall [22ms]
2025-02-09 23:24:39.587 [info] > git config --get commit.template [7ms]
2025-02-09 23:24:39.588 [info] > git for-each-ref --format=%(refname)%00%(upstream:short)%00%(objectname)%00%(upstream:track)%00%(upstream:remotename)%00%(upstream:remoteref) refs/heads/main refs/remotes/main [2ms]
2025-02-09 23:24:39.605 [info] > git for-each-ref --sort -committerdate --format %(refname) %(objectname) %(*objectname) [2ms]
2025-02-09 23:24:39.618 [info] > git status -z -uall [22ms]
2025-02-09 23:25:17.610 [info] > git config --get commit.template [7ms]
2025-02-09 23:25:17.611 [info] > git for-each-ref --format=%(refname)%00%(upstream:short)%00%(objectname)%00%(upstream:track)%00%(upstream:remotename)%00%(upstream:remoteref) refs/heads/main refs/remotes/main [2ms]
2025-02-09 23:25:17.629 [info] > git for-each-ref --sort -committerdate --format %(refname) %(objectname) %(*objectname) [2ms]
2025-02-09 23:25:17.640 [info] > git status -z -uall [21ms]
2025-02-09 23:25:22.661 [info] > git config --get commit.template [7ms]
2025-02-09 23:25:22.663 [info] > git for-each-ref --format=%(refname)%00%(upstream:short)%00%(objectname)%00%(upstream:track)%00%(upstream:remotename)%00%(upstream:remoteref) refs/heads/main refs/remotes/main [3ms]
2025-02-09 23:25:22.679 [info] > git for-each-ref --sort -committerdate --format %(refname) %(objectname) %(*objectname) [2ms]
2025-02-09 23:25:22.692 [info] > git status -z -uall [22ms]
2025-02-09 23:25:27.706 [info] > git config --get commit.template [2ms]
2025-02-09 23:25:27.714 [info] > git for-each-ref --format=%(refname)%00%(upstream:short)%00%(objectname)%00%(upstream:track)%00%(upstream:remotename)%00%(upstream:remoteref) refs/heads/main refs/remotes/main [2ms]
2025-02-09 23:25:27.730 [info] > git for-each-ref --sort -committerdate --format %(refname) %(objectname) %(*objectname) [2ms]
2025-02-09 23:25:27.743 [info] > git status -z -uall [22ms]
2025-02-09 23:25:32.764 [info] > git config --get commit.template [9ms]
2025-02-09 23:25:32.764 [info] > git for-each-ref --format=%(refname)%00%(upstream:short)%00%(objectname)%00%(upstream:track)%00%(upstream:remotename)%00%(upstream:remoteref) refs/heads/main refs/remotes/main [2ms]
2025-02-09 23:25:32.780 [info] > git for-each-ref --sort -committerdate --format %(refname) %(objectname) %(*objectname) [3ms]
2025-02-09 23:25:32.792 [info] > git status -z -uall [21ms]
2025-02-09 23:25:37.962 [info] > git config --get commit.template [7ms]
2025-02-09 23:25:37.963 [info] > git for-each-ref --format=%(refname)%00%(upstream:short)%00%(objectname)%00%(upstream:track)%00%(upstream:remotename)%00%(upstream:remoteref) refs/heads/main refs/remotes/main [2ms]
2025-02-09 23:25:37.979 [info] > git for-each-ref --sort -committerdate --format %(refname) %(objectname) %(*objectname) [3ms]
2025-02-09 23:25:37.991 [info] > git status -z -uall [21ms]
2025-02-09 23:25:42.444 [info] > git check-ignore -v -z --stdin [2ms]
2025-02-09 23:25:43.012 [info] > git config --get commit.template [8ms]
2025-02-09 23:25:43.014 [info] > git for-each-ref --format=%(refname)%00%(upstream:short)%00%(objectname)%00%(upstream:track)%00%(upstream:remotename)%00%(upstream:remoteref) refs/heads/main refs/remotes/main [2ms]
2025-02-09 23:25:43.029 [info] > git for-each-ref --sort -committerdate --format %(refname) %(objectname) %(*objectname) [2ms]
2025-02-09 23:25:43.042 [info] > git status -z -uall [22ms]
2025-02-09 23:25:48.064 [info] > git config --get commit.template [8ms]
2025-02-09 23:25:48.065 [info] > git for-each-ref --format=%(refname)%00%(upstream:short)%00%(objectname)%00%(upstream:track)%00%(upstream:remotename)%00%(upstream:remoteref) refs/heads/main refs/remotes/main [2ms]
2025-02-09 23:25:48.081 [info] > git for-each-ref --sort -committerdate --format %(refname) %(objectname) %(*objectname) [3ms]
2025-02-09 23:25:48.093 [info] > git status -z -uall [21ms]
2025-02-09 23:28:50.146 [info] > git config --get commit.template [8ms]
2025-02-09 23:28:50.147 [info] > git for-each-ref --format=%(refname)%00%(upstream:short)%00%(objectname)%00%(upstream:track)%00%(upstream:remotename)%00%(upstream:remoteref) refs/heads/main refs/remotes/main [2ms]
2025-02-09 23:28:50.163 [info] > git for-each-ref --sort -committerdate --format %(refname) %(objectname) %(*objectname) [3ms]
2025-02-09 23:28:50.175 [info] > git status -z -uall [21ms]
2025-02-09 23:28:55.197 [info] > git config --get commit.template [7ms]
2025-02-09 23:28:55.198 [info] > git for-each-ref --format=%(refname)%00%(upstream:short)%00%(objectname)%00%(upstream:track)%00%(upstream:remotename)%00%(upstream:remoteref) refs/heads/main refs/remotes/main [2ms]
2025-02-09 23:28:55.214 [info] > git for-each-ref --sort -committerdate --format %(refname) %(objectname) %(*objectname) [2ms]
2025-02-09 23:28:55.226 [info] > git status -z -uall [21ms]
2025-02-09 23:29:00.242 [info] > git config --get commit.template [3ms]
2025-02-09 23:29:00.250 [info] > git for-each-ref --format=%(refname)%00%(upstream:short)%00%(objectname)%00%(upstream:track)%00%(upstream:remotename)%00%(upstream:remoteref) refs/heads/main refs/remotes/main [2ms]
2025-02-09 23:29:00.266 [info] > git for-each-ref --sort -committerdate --format %(refname) %(objectname) %(*objectname) [2ms]
2025-02-09 23:29:00.277 [info] > git status -z -uall [21ms]
2025-02-09 23:29:05.296 [info] > git config --get commit.template [3ms]
2025-02-09 23:29:05.305 [info] > git for-each-ref --format=%(refname)%00%(upstream:short)%00%(objectname)%00%(upstream:track)%00%(upstream:remotename)%00%(upstream:remoteref) refs/heads/main refs/remotes/main [2ms]
2025-02-09 23:29:05.320 [info] > git for-each-ref --sort -committerdate --format %(refname) %(objectname) %(*objectname) [2ms]
2025-02-09 23:29:05.332 [info] > git status -z -uall [20ms]
2025-02-09 23:29:10.354 [info] > git config --get commit.template [8ms]
2025-02-09 23:29:10.355 [info] > git for-each-ref --format=%(refname)%00%(upstream:short)%00%(objectname)%00%(upstream:track)%00%(upstream:remotename)%00%(upstream:remoteref) refs/heads/main refs/remotes/main [2ms]
2025-02-09 23:29:10.371 [info] > git for-each-ref --sort -committerdate --format %(refname) %(objectname) %(*objectname) [3ms]
2025-02-09 23:29:10.383 [info] > git status -z -uall [21ms]
2025-02-09 23:29:15.402 [info] > git config --get commit.template [7ms]
2025-02-09 23:29:15.404 [info] > git for-each-ref --format=%(refname)%00%(upstream:short)%00%(objectname)%00%(upstream:track)%00%(upstream:remotename)%00%(upstream:remoteref) refs/heads/main refs/remotes/main [2ms]
2025-02-09 23:29:15.419 [info] > git for-each-ref --sort -committerdate --format %(refname) %(objectname) %(*objectname) [2ms]
2025-02-09 23:29:15.431 [info] > git status -z -uall [21ms]
2025-02-09 23:29:20.448 [info] > git config --get commit.template [2ms]
2025-02-09 23:29:20.455 [info] > git for-each-ref --format=%(refname)%00%(upstream:short)%00%(objectname)%00%(upstream:track)%00%(upstream:remotename)%00%(upstream:remoteref) refs/heads/main refs/remotes/main [2ms]
2025-02-09 23:29:20.471 [info] > git for-each-ref --sort -committerdate --format %(refname) %(objectname) %(*objectname) [3ms]
2025-02-09 23:29:20.483 [info] > git status -z -uall [21ms]
2025-02-09 23:29:37.067 [info] > git config --get commit.template [7ms]
2025-02-09 23:29:37.068 [info] > git for-each-ref --format=%(refname)%00%(upstream:short)%00%(objectname)%00%(upstream:track)%00%(upstream:remotename)%00%(upstream:remoteref) refs/heads/main refs/remotes/main [2ms]
2025-02-09 23:29:37.085 [info] > git for-each-ref --sort -committerdate --format %(refname) %(objectname) %(*objectname) [2ms]
2025-02-09 23:29:37.098 [info] > git status -z -uall [22ms]
2025-02-09 23:29:42.118 [info] > git config --get commit.template [7ms]
2025-02-09 23:29:42.120 [info] > git for-each-ref --format=%(refname)%00%(upstream:short)%00%(objectname)%00%(upstream:track)%00%(upstream:remotename)%00%(upstream:remoteref) refs/heads/main refs/remotes/main [2ms]
2025-02-09 23:29:42.136 [info] > git for-each-ref --sort -committerdate --format %(refname) %(objectname) %(*objectname) [3ms]
2025-02-09 23:29:42.148 [info] > git status -z -uall [22ms]
2025-02-09 23:29:47.167 [info] > git config --get commit.template [7ms]
2025-02-09 23:29:47.169 [info] > git for-each-ref --format=%(refname)%00%(upstream:short)%00%(objectname)%00%(upstream:track)%00%(upstream:remotename)%00%(upstream:remoteref) refs/heads/main refs/remotes/main [3ms]
2025-02-09 23:29:47.185 [info] > git for-each-ref --sort -committerdate --format %(refname) %(objectname) %(*objectname) [2ms]
2025-02-09 23:29:47.197 [info] > git status -z -uall [21ms]
2025-02-09 23:29:52.217 [info] > git config --get commit.template [7ms]
2025-02-09 23:29:52.219 [info] > git for-each-ref --format=%(refname)%00%(upstream:short)%00%(objectname)%00%(upstream:track)%00%(upstream:remotename)%00%(upstream:remoteref) refs/heads/main refs/remotes/main [2ms]
2025-02-09 23:29:52.234 [info] > git for-each-ref --sort -committerdate --format %(refname) %(objectname) %(*objectname) [3ms]
2025-02-09 23:29:52.247 [info] > git status -z -uall [21ms]
2025-02-09 23:29:57.266 [info] > git config --get commit.template [9ms]
2025-02-09 23:29:57.267 [info] > git for-each-ref --format=%(refname)%00%(upstream:short)%00%(objectname)%00%(upstream:track)%00%(upstream:remotename)%00%(upstream:remoteref) refs/heads/main refs/remotes/main [3ms]
2025-02-09 23:29:57.282 [info] > git for-each-ref --sort -committerdate --format %(refname) %(objectname) %(*objectname) [3ms]
2025-02-09 23:29:57.294 [info] > git status -z -uall [21ms]
2025-02-09 23:30:22.016 [info] > git config --get commit.template [7ms]
2025-02-09 23:30:22.018 [info] > git for-each-ref --format=%(refname)%00%(upstream:short)%00%(objectname)%00%(upstream:track)%00%(upstream:remotename)%00%(upstream:remoteref) refs/heads/main refs/remotes/main [3ms]
2025-02-09 23:30:22.034 [info] > git for-each-ref --sort -committerdate --format %(refname) %(objectname) %(*objectname) [3ms]
2025-02-09 23:30:22.046 [info] > git status -z -uall [21ms]
2025-02-09 23:30:48.549 [info] > git config --get commit.template [7ms]
2025-02-09 23:30:48.550 [info] > git for-each-ref --format=%(refname)%00%(upstream:short)%00%(objectname)%00%(upstream:track)%00%(upstream:remotename)%00%(upstream:remoteref) refs/heads/main refs/remotes/main [2ms]
2025-02-09 23:30:48.566 [info] > git for-each-ref --sort -committerdate --format %(refname) %(objectname) %(*objectname) [3ms]
2025-02-09 23:30:48.578 [info] > git status -z -uall [21ms]
2025-02-09 23:30:53.600 [info] > git config --get commit.template [7ms]
2025-02-09 23:30:53.602 [info] > git for-each-ref --format=%(refname)%00%(upstream:short)%00%(objectname)%00%(upstream:track)%00%(upstream:remotename)%00%(upstream:remoteref) refs/heads/main refs/remotes/main [2ms]
2025-02-09 23:30:53.620 [info] > git for-each-ref --sort -committerdate --format %(refname) %(objectname) %(*objectname) [3ms]
2025-02-09 23:30:53.636 [info] > git status -z -uall [26ms]
2025-02-09 23:32:22.684 [info] > git config --get commit.template [6ms]
2025-02-09 23:32:22.685 [info] > git for-each-ref --format=%(refname)%00%(upstream:short)%00%(objectname)%00%(upstream:track)%00%(upstream:remotename)%00%(upstream:remoteref) refs/heads/main refs/remotes/main [2ms]
2025-02-09 23:32:22.701 [info] > git for-each-ref --sort -committerdate --format %(refname) %(objectname) %(*objectname) [3ms]
2025-02-09 23:32:22.714 [info] > git status -z -uall [22ms]
2025-02-09 23:32:25.363 [info] > git show --textconv :storage.py [9ms]
2025-02-09 23:32:25.365 [info] > git ls-files --stage -- /home/leozhontai561/storage.py [2ms]
2025-02-09 23:32:27.736 [info] > git config --get commit.template [9ms]
2025-02-09 23:32:27.736 [info] > git for-each-ref --format=%(refname)%00%(upstream:short)%00%(objectname)%00%(upstream:track)%00%(upstream:remotename)%00%(upstream:remoteref) refs/heads/main refs/remotes/main [2ms]
2025-02-09 23:32:27.752 [info] > git for-each-ref --sort -committerdate --format %(refname) %(objectname) %(*objectname) [3ms]
2025-02-09 23:32:27.764 [info] > git status -z -uall [21ms]
2025-02-09 23:32:32.785 [info] > git config --get commit.template [8ms]
2025-02-09 23:32:32.787 [info] > git for-each-ref --format=%(refname)%00%(upstream:short)%00%(objectname)%00%(upstream:track)%00%(upstream:remotename)%00%(upstream:remoteref) refs/heads/main refs/remotes/main [3ms]
2025-02-09 23:32:32.803 [info] > git for-each-ref --sort -committerdate --format %(refname) %(objectname) %(*objectname) [3ms]
2025-02-09 23:32:32.815 [info] > git status -z -uall [22ms]
2025-02-09 23:32:39.373 [info] > git config --get commit.template [7ms]
2025-02-09 23:32:39.375 [info] > git for-each-ref --format=%(refname)%00%(upstream:short)%00%(objectname)%00%(upstream:track)%00%(upstream:remotename)%00%(upstream:remoteref) refs/heads/main refs/remotes/main [3ms]
2025-02-09 23:32:39.390 [info] > git for-each-ref --sort -committerdate --format %(refname) %(objectname) %(*objectname) [3ms]
2025-02-09 23:32:39.402 [info] > git status -z -uall [21ms]
2025-02-09 23:32:45.264 [info] > git config --get commit.template [7ms]
2025-02-09 23:32:45.265 [info] > git for-each-ref --format=%(refname)%00%(upstream:short)%00%(objectname)%00%(upstream:track)%00%(upstream:remotename)%00%(upstream:remoteref) refs/heads/main refs/remotes/main [2ms]
2025-02-09 23:32:45.281 [info] > git for-each-ref --sort -committerdate --format %(refname) %(objectname) %(*objectname) [3ms]
2025-02-09 23:32:45.294 [info] > git status -z -uall [22ms]
2025-02-09 23:33:16.055 [info] > git config --get commit.template [7ms]
2025-02-09 23:33:16.057 [info] > git for-each-ref --format=%(refname)%00%(upstream:short)%00%(objectname)%00%(upstream:track)%00%(upstream:remotename)%00%(upstream:remoteref) refs/heads/main refs/remotes/main [3ms]
2025-02-09 23:33:16.072 [info] > git for-each-ref --sort -committerdate --format %(refname) %(objectname) %(*objectname) [2ms]
2025-02-09 23:33:16.084 [info] > git status -z -uall [21ms]
2025-02-09 23:33:21.106 [info] > git config --get commit.template [7ms]
2025-02-09 23:33:21.107 [info] > git for-each-ref --format=%(refname)%00%(upstream:short)%00%(objectname)%00%(upstream:track)%00%(upstream:remotename)%00%(upstream:remoteref) refs/heads/main refs/remotes/main [2ms]
2025-02-09 23:33:21.123 [info] > git for-each-ref --sort -committerdate --format %(refname) %(objectname) %(*objectname) [3ms]
2025-02-09 23:33:21.135 [info] > git status -z -uall [21ms]
2025-02-09 23:33:27.083 [info] > git config --get commit.template [7ms]
2025-02-09 23:33:27.084 [info] > git for-each-ref --format=%(refname)%00%(upstream:short)%00%(objectname)%00%(upstream:track)%00%(upstream:remotename)%00%(upstream:remoteref) refs/heads/main refs/remotes/main [2ms]
2025-02-09 23:33:27.099 [info] > git for-each-ref --sort -committerdate --format %(refname) %(objectname) %(*objectname) [2ms]
2025-02-09 23:33:27.112 [info] > git status -z -uall [21ms]
2025-02-09 23:33:32.132 [info] > git config --get commit.template [8ms]
2025-02-09 23:33:32.134 [info] > git for-each-ref --format=%(refname)%00%(upstream:short)%00%(objectname)%00%(upstream:track)%00%(upstream:remotename)%00%(upstream:remoteref) refs/heads/main refs/remotes/main [3ms]
2025-02-09 23:33:32.153 [info] > git for-each-ref --sort -committerdate --format %(refname) %(objectname) %(*objectname) [3ms]
2025-02-09 23:33:32.164 [info] > git status -z -uall [23ms]
2025-02-09 23:33:45.158 [info] > git config --get commit.template [2ms]
2025-02-09 23:33:45.166 [info] > git for-each-ref --format=%(refname)%00%(upstream:short)%00%(objectname)%00%(upstream:track)%00%(upstream:remotename)%00%(upstream:remoteref) refs/heads/main refs/remotes/main [2ms]
2025-02-09 23:33:45.183 [info] > git for-each-ref --sort -committerdate --format %(refname) %(objectname) %(*objectname) [2ms]
2025-02-09 23:33:45.196 [info] > git status -z -uall [23ms]
2025-02-09 23:37:17.944 [info] > git check-ignore -v -z --stdin [2ms]
2025-02-09 23:41:38.328 [info] > git config --get commit.template [6ms]
2025-02-09 23:41:38.330 [info] > git for-each-ref --format=%(refname)%00%(upstream:short)%00%(objectname)%00%(upstream:track)%00%(upstream:remotename)%00%(upstream:remoteref) refs/heads/main refs/remotes/main [2ms]
2025-02-09 23:41:38.345 [info] > git for-each-ref --sort -committerdate --format %(refname) %(objectname) %(*objectname) [3ms]
2025-02-09 23:41:38.358 [info] > git status -z -uall [22ms]
2025-02-09 23:41:40.170 [info] > git show --textconv :main.py [6ms]
2025-02-09 23:41:40.172 [info] > git ls-files --stage -- /home/leozhontai561/main.py [2ms]
2025-02-09 23:41:40.180 [info] > git cat-file -s 967d1b7499702bd619d3ac4e8905c2c048b5aeb9 [3ms]
2025-02-09 23:41:43.380 [info] > git config --get commit.template [8ms]
2025-02-09 23:41:43.382 [info] > git for-each-ref --format=%(refname)%00%(upstream:short)%00%(objectname)%00%(upstream:track)%00%(upstream:remotename)%00%(upstream:remoteref) refs/heads/main refs/remotes/main [3ms]
2025-02-09 23:41:43.397 [info] > git for-each-ref --sort -committerdate --format %(refname) %(objectname) %(*objectname) [3ms]
2025-02-09 23:41:43.410 [info] > git status -z -uall [22ms]
2025-02-09 23:43:49.673 [info] > git config --get commit.template [7ms]
2025-02-09 23:43:49.675 [info] > git for-each-ref --format=%(refname)%00%(upstream:short)%00%(objectname)%00%(upstream:track)%00%(upstream:remotename)%00%(upstream:remoteref) refs/heads/main refs/remotes/main [2ms]
2025-02-09 23:43:49.691 [info] > git for-each-ref --sort -committerdate --format %(refname) %(objectname) %(*objectname) [3ms]
2025-02-09 23:43:49.704 [info] > git status -z -uall [22ms]
2025-02-09 23:43:54.724 [info] > git config --get commit.template [7ms]
2025-02-09 23:43:54.725 [info] > git for-each-ref --format=%(refname)%00%(upstream:short)%00%(objectname)%00%(upstream:track)%00%(upstream:remotename)%00%(upstream:remoteref) refs/heads/main refs/remotes/main [2ms]
2025-02-09 23:43:54.741 [info] > git for-each-ref --sort -committerdate --format %(refname) %(objectname) %(*objectname) [2ms]
2025-02-09 23:43:54.753 [info] > git status -z -uall [21ms]
2025-02-09 23:43:59.771 [info] > git config --get commit.template [7ms]
2025-02-09 23:43:59.772 [info] > git for-each-ref --format=%(refname)%00%(upstream:short)%00%(objectname)%00%(upstream:track)%00%(upstream:remotename)%00%(upstream:remoteref) refs/heads/main refs/remotes/main [2ms]
2025-02-09 23:43:59.787 [info] > git for-each-ref --sort -committerdate --format %(refname) %(objectname) %(*objectname) [3ms]
2025-02-09 23:43:59.799 [info] > git status -z -uall [21ms]
2025-02-09 23:44:04.819 [info] > git config --get commit.template [7ms]
2025-02-09 23:44:04.820 [info] > git for-each-ref --format=%(refname)%00%(upstream:short)%00%(objectname)%00%(upstream:track)%00%(upstream:remotename)%00%(upstream:remoteref) refs/heads/main refs/remotes/main [2ms]
2025-02-09 23:44:04.836 [info] > git for-each-ref --sort -committerdate --format %(refname) %(objectname) %(*objectname) [3ms]
2025-02-09 23:44:04.850 [info] > git status -z -uall [23ms]
2025-02-09 23:48:32.536 [info] > git config --get commit.template [6ms]
2025-02-09 23:48:32.538 [info] > git for-each-ref --format=%(refname)%00%(upstream:short)%00%(objectname)%00%(upstream:track)%00%(upstream:remotename)%00%(upstream:remoteref) refs/heads/main refs/remotes/main [2ms]
2025-02-09 23:48:32.553 [info] > git for-each-ref --sort -committerdate --format %(refname) %(objectname) %(*objectname) [3ms]
2025-02-09 23:48:32.566 [info] > git status -z -uall [22ms]
2025-02-09 23:48:37.585 [info] > git config --get commit.template [7ms]
2025-02-09 23:48:37.587 [info] > git for-each-ref --format=%(refname)%00%(upstream:short)%00%(objectname)%00%(upstream:track)%00%(upstream:remotename)%00%(upstream:remoteref) refs/heads/main refs/remotes/main [3ms]
2025-02-09 23:48:37.602 [info] > git for-each-ref --sort -committerdate --format %(refname) %(objectname) %(*objectname) [2ms]
2025-02-09 23:48:37.617 [info] > git status -z -uall [23ms]
2025-02-09 23:48:42.636 [info] > git config --get commit.template [7ms]
2025-02-09 23:48:42.638 [info] > git for-each-ref --format=%(refname)%00%(upstream:short)%00%(objectname)%00%(upstream:track)%00%(upstream:remotename)%00%(upstream:remoteref) refs/heads/main refs/remotes/main [3ms]
2025-02-09 23:48:42.653 [info] > git for-each-ref --sort -committerdate --format %(refname) %(objectname) %(*objectname) [3ms]
2025-02-09 23:48:42.666 [info] > git status -z -uall [22ms]
2025-02-09 23:48:47.680 [info] > git config --get commit.template [2ms]
2025-02-09 23:48:47.689 [info] > git for-each-ref --format=%(refname)%00%(upstream:short)%00%(objectname)%00%(upstream:track)%00%(upstream:remotename)%00%(upstream:remoteref) refs/heads/main refs/remotes/main [2ms]
2025-02-09 23:48:47.705 [info] > git for-each-ref --sort -committerdate --format %(refname) %(objectname) %(*objectname) [2ms]
2025-02-09 23:48:47.717 [info] > git status -z -uall [21ms]
2025-02-09 23:48:52.736 [info] > git config --get commit.template [6ms]
2025-02-09 23:48:52.738 [info] > git for-each-ref --format=%(refname)%00%(upstream:short)%00%(objectname)%00%(upstream:track)%00%(upstream:remotename)%00%(upstream:remoteref) refs/heads/main refs/remotes/main [2ms]
2025-02-09 23:48:52.754 [info] > git for-each-ref --sort -committerdate --format %(refname) %(objectname) %(*objectname) [3ms]
2025-02-09 23:48:52.766 [info] > git status -z -uall [22ms]
2025-02-09 23:48:57.784 [info] > git config --get commit.template [7ms]
2025-02-09 23:48:57.786 [info] > git for-each-ref --format=%(refname)%00%(upstream:short)%00%(objectname)%00%(upstream:track)%00%(upstream:remotename)%00%(upstream:remoteref) refs/heads/main refs/remotes/main [2ms]
2025-02-09 23:48:57.801 [info] > git for-each-ref --sort -committerdate --format %(refname) %(objectname) %(*objectname) [2ms]
2025-02-09 23:48:57.814 [info] > git status -z -uall [22ms]
2025-02-09 23:48:59.377 [info] > git show --textconv :main.py [7ms]
2025-02-09 23:48:59.379 [info] > git ls-files --stage -- /home/leozhontai561/main.py [2ms]
2025-02-09 23:48:59.386 [info] > git cat-file -s 967d1b7499702bd619d3ac4e8905c2c048b5aeb9 [2ms]
2025-02-09 23:51:32.850 [info] > git config --get commit.template [7ms]
2025-02-09 23:51:32.852 [info] > git for-each-ref --format=%(refname)%00%(upstream:short)%00%(objectname)%00%(upstream:track)%00%(upstream:remotename)%00%(upstream:remoteref) refs/heads/main refs/remotes/main [3ms]
2025-02-09 23:51:32.868 [info] > git for-each-ref --sort -committerdate --format %(refname) %(objectname) %(*objectname) [2ms]
2025-02-09 23:51:32.883 [info] > git status -z -uall [24ms]
2025-02-09 23:51:37.902 [info] > git config --get commit.template [7ms]
2025-02-09 23:51:37.904 [info] > git for-each-ref --format=%(refname)%00%(upstream:short)%00%(objectname)%00%(upstream:track)%00%(upstream:remotename)%00%(upstream:remoteref) refs/heads/main refs/remotes/main [2ms]
2025-02-09 23:51:37.920 [info] > git for-each-ref --sort -committerdate --format %(refname) %(objectname) %(*objectname) [3ms]
2025-02-09 23:51:37.932 [info] > git status -z -uall [21ms]
2025-02-09 23:51:42.953 [info] > git config --get commit.template [6ms]
2025-02-09 23:51:42.954 [info] > git for-each-ref --format=%(refname)%00%(upstream:short)%00%(objectname)%00%(upstream:track)%00%(upstream:remotename)%00%(upstream:remoteref) refs/heads/main refs/remotes/main [2ms]
2025-02-09 23:51:42.970 [info] > git for-each-ref --sort -committerdate --format %(refname) %(objectname) %(*objectname) [3ms]
2025-02-09 23:51:42.982 [info] > git status -z -uall [21ms]
2025-02-09 23:54:21.949 [info] > git config --get commit.template [8ms]
2025-02-09 23:54:21.950 [info] > git for-each-ref --format=%(refname)%00%(upstream:short)%00%(objectname)%00%(upstream:track)%00%(upstream:remotename)%00%(upstream:remoteref) refs/heads/main refs/remotes/main [3ms]
2025-02-09 23:54:21.965 [info] > git for-each-ref --sort -committerdate --format %(refname) %(objectname) %(*objectname) [2ms]
2025-02-09 23:54:21.978 [info] > git status -z -uall [21ms]
2025-02-09 23:54:26.996 [info] > git config --get commit.template [8ms]
2025-02-09 23:54:26.997 [info] > git for-each-ref --format=%(refname)%00%(upstream:short)%00%(objectname)%00%(upstream:track)%00%(upstream:remotename)%00%(upstream:remoteref) refs/heads/main refs/remotes/main [2ms]
2025-02-09 23:54:27.016 [info] > git for-each-ref --sort -committerdate --format %(refname) %(objectname) %(*objectname) [2ms]
2025-02-09 23:54:27.028 [info] > git status -z -uall [24ms]
2025-02-09 23:54:32.046 [info] > git config --get commit.template [7ms]
2025-02-09 23:54:32.047 [info] > git for-each-ref --format=%(refname)%00%(upstream:short)%00%(objectname)%00%(upstream:track)%00%(upstream:remotename)%00%(upstream:remoteref) refs/heads/main refs/remotes/main [2ms]
2025-02-09 23:54:32.062 [info] > git for-each-ref --sort -committerdate --format %(refname) %(objectname) %(*objectname) [2ms]
2025-02-09 23:54:32.075 [info] > git status -z -uall [20ms]
2025-02-09 23:54:37.094 [info] > git config --get commit.template [7ms]
2025-02-09 23:54:37.095 [info] > git for-each-ref --format=%(refname)%00%(upstream:short)%00%(objectname)%00%(upstream:track)%00%(upstream:remotename)%00%(upstream:remoteref) refs/heads/main refs/remotes/main [2ms]
2025-02-09 23:54:37.110 [info] > git for-each-ref --sort -committerdate --format %(refname) %(objectname) %(*objectname) [3ms]
2025-02-09 23:54:37.123 [info] > git status -z -uall [22ms]
2025-02-09 23:56:44.029 [info] > git config --get commit.template [7ms]
2025-02-09 23:56:44.031 [info] > git for-each-ref --format=%(refname)%00%(upstream:short)%00%(objectname)%00%(upstream:track)%00%(upstream:remotename)%00%(upstream:remoteref) refs/heads/main refs/remotes/main [3ms]
2025-02-09 23:56:44.046 [info] > git for-each-ref --sort -committerdate --format %(refname) %(objectname) %(*objectname) [2ms]
2025-02-09 23:56:44.059 [info] > git status -z -uall [22ms]
2025-02-09 23:56:49.569 [info] > git config --get commit.template [7ms]
2025-02-09 23:56:49.571 [info] > git for-each-ref --format=%(refname)%00%(upstream:short)%00%(objectname)%00%(upstream:track)%00%(upstream:remotename)%00%(upstream:remoteref) refs/heads/main refs/remotes/main [3ms]
2025-02-09 23:56:49.587 [info] > git for-each-ref --sort -committerdate --format %(refname) %(objectname) %(*objectname) [3ms]
2025-02-09 23:56:49.600 [info] > git status -z -uall [22ms]
2025-02-09 23:56:55.494 [info] > git config --get commit.template [7ms]
2025-02-09 23:56:55.495 [info] > git for-each-ref --format=%(refname)%00%(upstream:short)%00%(objectname)%00%(upstream:track)%00%(upstream:remotename)%00%(upstream:remoteref) refs/heads/main refs/remotes/main [2ms]
2025-02-09 23:56:55.510 [info] > git for-each-ref --sort -committerdate --format %(refname) %(objectname) %(*objectname) [2ms]
2025-02-09 23:56:55.524 [info] > git status -z -uall [22ms]
2025-02-09 23:57:00.547 [info] > git config --get commit.template [7ms]
2025-02-09 23:57:00.548 [info] > git for-each-ref --format=%(refname)%00%(upstream:short)%00%(objectname)%00%(upstream:track)%00%(upstream:remotename)%00%(upstream:remoteref) refs/heads/main refs/remotes/main [2ms]
2025-02-09 23:57:00.566 [info] > git for-each-ref --sort -committerdate --format %(refname) %(objectname) %(*objectname) [5ms]
2025-02-09 23:57:00.576 [info] > git status -z -uall [21ms]
2025-02-09 23:57:05.595 [info] > git config --get commit.template [8ms]
2025-02-09 23:57:05.597 [info] > git for-each-ref --format=%(refname)%00%(upstream:short)%00%(objectname)%00%(upstream:track)%00%(upstream:remotename)%00%(upstream:remoteref) refs/heads/main refs/remotes/main [2ms]
2025-02-09 23:57:05.612 [info] > git for-each-ref --sort -committerdate --format %(refname) %(objectname) %(*objectname) [2ms]
2025-02-09 23:57:05.624 [info] > git status -z -uall [21ms]
2025-02-09 23:57:10.644 [info] > git config --get commit.template [7ms]
2025-02-09 23:57:10.646 [info] > git for-each-ref --format=%(refname)%00%(upstream:short)%00%(objectname)%00%(upstream:track)%00%(upstream:remotename)%00%(upstream:remoteref) refs/heads/main refs/remotes/main [3ms]
2025-02-09 23:57:10.661 [info] > git for-each-ref --sort -committerdate --format %(refname) %(objectname) %(*objectname) [2ms]
2025-02-09 23:57:10.674 [info] > git status -z -uall [22ms]
2025-02-10 00:00:50.263 [info] > git config --get commit.template [8ms]
2025-02-10 00:00:50.265 [info] > git for-each-ref --format=%(refname)%00%(upstream:short)%00%(objectname)%00%(upstream:track)%00%(upstream:remotename)%00%(upstream:remoteref) refs/heads/main refs/remotes/main [3ms]
2025-02-10 00:00:50.280 [info] > git for-each-ref --sort -committerdate --format %(refname) %(objectname) %(*objectname) [2ms]
2025-02-10 00:00:50.293 [info] > git status -z -uall [22ms]
2025-02-10 00:00:55.315 [info] > git config --get commit.template [8ms]
2025-02-10 00:00:55.317 [info] > git for-each-ref --format=%(refname)%00%(upstream:short)%00%(objectname)%00%(upstream:track)%00%(upstream:remotename)%00%(upstream:remoteref) refs/heads/main refs/remotes/main [2ms]
2025-02-10 00:00:55.332 [info] > git for-each-ref --sort -committerdate --format %(refname) %(objectname) %(*objectname) [2ms]
2025-02-10 00:00:55.344 [info] > git status -z -uall [21ms]
2025-02-10 00:01:00.981 [info] > git config --get commit.template [7ms]
2025-02-10 00:01:00.983 [info] > git for-each-ref --format=%(refname)%00%(upstream:short)%00%(objectname)%00%(upstream:track)%00%(upstream:remotename)%00%(upstream:remoteref) refs/heads/main refs/remotes/main [3ms]
2025-02-10 00:01:00.998 [info] > git for-each-ref --sort -committerdate --format %(refname) %(objectname) %(*objectname) [2ms]
2025-02-10 00:01:01.013 [info] > git status -z -uall [24ms]
2025-02-10 00:01:45.165 [info] > git config --get commit.template [7ms]
2025-02-10 00:01:45.167 [info] > git for-each-ref --format=%(refname)%00%(upstream:short)%00%(objectname)%00%(upstream:track)%00%(upstream:remotename)%00%(upstream:remoteref) refs/heads/main refs/remotes/main [3ms]
2025-02-10 00:01:45.183 [info] > git for-each-ref --sort -committerdate --format %(refname) %(objectname) %(*objectname) [3ms]
2025-02-10 00:01:45.195 [info] > git status -z -uall [21ms]
2025-02-10 00:01:50.219 [info] > git config --get commit.template [7ms]
2025-02-10 00:01:50.220 [info] > git for-each-ref --format=%(refname)%00%(upstream:short)%00%(objectname)%00%(upstream:track)%00%(upstream:remotename)%00%(upstream:remoteref) refs/heads/main refs/remotes/main [2ms]
2025-02-10 00:01:50.236 [info] > git for-each-ref --sort -committerdate --format %(refname) %(objectname) %(*objectname) [3ms]
2025-02-10 00:01:50.248 [info] > git status -z -uall [21ms]
2025-02-10 00:02:03.400 [info] > git config --get commit.template [7ms]
2025-02-10 00:02:03.401 [info] > git for-each-ref --format=%(refname)%00%(upstream:short)%00%(objectname)%00%(upstream:track)%00%(upstream:remotename)%00%(upstream:remoteref) refs/heads/main refs/remotes/main [2ms]
2025-02-10 00:02:03.419 [info] > git for-each-ref --sort -committerdate --format %(refname) %(objectname) %(*objectname) [2ms]
2025-02-10 00:02:03.432 [info] > git status -z -uall [24ms]
2025-02-10 00:02:08.447 [info] > git config --get commit.template [2ms]
2025-02-10 00:02:08.455 [info] > git for-each-ref --format=%(refname)%00%(upstream:short)%00%(objectname)%00%(upstream:track)%00%(upstream:remotename)%00%(upstream:remoteref) refs/heads/main refs/remotes/main [2ms]
2025-02-10 00:02:08.471 [info] > git for-each-ref --sort -committerdate --format %(refname) %(objectname) %(*objectname) [3ms]
2025-02-10 00:02:08.483 [info] > git status -z -uall [21ms]
2025-02-10 00:02:44.256 [info] > git config --get commit.template [2ms]
2025-02-10 00:02:44.264 [info] > git for-each-ref --format=%(refname)%00%(upstream:short)%00%(objectname)%00%(upstream:track)%00%(upstream:remotename)%00%(upstream:remoteref) refs/heads/main refs/remotes/main [2ms]
2025-02-10 00:02:44.280 [info] > git for-each-ref --sort -committerdate --format %(refname) %(objectname) %(*objectname) [2ms]
2025-02-10 00:02:44.293 [info] > git status -z -uall [22ms]
2025-02-10 00:02:49.315 [info] > git config --get commit.template [8ms]
2025-02-10 00:02:49.316 [info] > git for-each-ref --format=%(refname)%00%(upstream:short)%00%(objectname)%00%(upstream:track)%00%(upstream:remotename)%00%(upstream:remoteref) refs/heads/main refs/remotes/main [2ms]
2025-02-10 00:02:49.332 [info] > git for-each-ref --sort -committerdate --format %(refname) %(objectname) %(*objectname) [3ms]
2025-02-10 00:02:49.345 [info] > git status -z -uall [21ms]
2025-02-10 00:02:54.363 [info] > git config --get commit.template [7ms]
2025-02-10 00:02:54.365 [info] > git for-each-ref --format=%(refname)%00%(upstream:short)%00%(objectname)%00%(upstream:track)%00%(upstream:remotename)%00%(upstream:remoteref) refs/heads/main refs/remotes/main [3ms]
2025-02-10 00:02:54.380 [info] > git for-each-ref --sort -committerdate --format %(refname) %(objectname) %(*objectname) [3ms]
2025-02-10 00:02:54.393 [info] > git status -z -uall [22ms]
2025-02-10 00:02:55.458 [info] > git show --textconv :storage.py [9ms]
2025-02-10 00:02:55.459 [info] > git ls-files --stage -- /home/leozhontai561/storage.py [3ms]
2025-02-10 00:03:08.310 [info] > git config --get commit.template [6ms]
2025-02-10 00:03:08.311 [info] > git for-each-ref --format=%(refname)%00%(upstream:short)%00%(objectname)%00%(upstream:track)%00%(upstream:remotename)%00%(upstream:remoteref) refs/heads/main refs/remotes/main [2ms]
2025-02-10 00:03:08.329 [info] > git for-each-ref --sort -committerdate --format %(refname) %(objectname) %(*objectname) [2ms]
2025-02-10 00:03:08.340 [info] > git status -z -uall [23ms]
2025-02-10 00:03:13.362 [info] > git config --get commit.template [7ms]
2025-02-10 00:03:13.364 [info] > git for-each-ref --format=%(refname)%00%(upstream:short)%00%(objectname)%00%(upstream:track)%00%(upstream:remotename)%00%(upstream:remoteref) refs/heads/main refs/remotes/main [3ms]
2025-02-10 00:03:13.379 [info] > git for-each-ref --sort -committerdate --format %(refname) %(objectname) %(*objectname) [2ms]
2025-02-10 00:03:13.391 [info] > git status -z -uall [21ms]
2025-02-10 00:03:21.499 [info] > git config --get commit.template [7ms]
2025-02-10 00:03:21.500 [info] > git for-each-ref --format=%(refname)%00%(upstream:short)%00%(objectname)%00%(upstream:track)%00%(upstream:remotename)%00%(upstream:remoteref) refs/heads/main refs/remotes/main [2ms]
2025-02-10 00:03:21.517 [info] > git for-each-ref --sort -committerdate --format %(refname) %(objectname) %(*objectname) [3ms]
2025-02-10 00:03:21.533 [info] > git status -z -uall [26ms]
2025-02-10 00:03:23.355 [info] > git show --textconv :main.py [7ms]
2025-02-10 00:03:23.356 [info] > git ls-files --stage -- /home/leozhontai561/main.py [2ms]
2025-02-10 00:03:23.366 [info] > git cat-file -s 967d1b7499702bd619d3ac4e8905c2c048b5aeb9 [2ms]
2025-02-10 00:03:26.554 [info] > git config --get commit.template [7ms]
2025-02-10 00:03:26.556 [info] > git for-each-ref --format=%(refname)%00%(upstream:short)%00%(objectname)%00%(upstream:track)%00%(upstream:remotename)%00%(upstream:remoteref) refs/heads/main refs/remotes/main [2ms]
2025-02-10 00:03:26.571 [info] > git for-each-ref --sort -committerdate --format %(refname) %(objectname) %(*objectname) [2ms]
2025-02-10 00:03:26.584 [info] > git status -z -uall [22ms]
2025-02-10 00:04:56.352 [info] > git config --get commit.template [9ms]
2025-02-10 00:04:56.352 [info] > git for-each-ref --format=%(refname)%00%(upstream:short)%00%(objectname)%00%(upstream:track)%00%(upstream:remotename)%00%(upstream:remoteref) refs/heads/main refs/remotes/main [3ms]
2025-02-10 00:04:56.369 [info] > git for-each-ref --sort -committerdate --format %(refname) %(objectname) %(*objectname) [3ms]
2025-02-10 00:04:56.382 [info] > git status -z -uall [22ms]
2025-02-10 00:05:01.405 [info] > git config --get commit.template [7ms]
2025-02-10 00:05:01.407 [info] > git for-each-ref --format=%(refname)%00%(upstream:short)%00%(objectname)%00%(upstream:track)%00%(upstream:remotename)%00%(upstream:remoteref) refs/heads/main refs/remotes/main [2ms]
2025-02-10 00:05:01.424 [info] > git for-each-ref --sort -committerdate --format %(refname) %(objectname) %(*objectname) [2ms]
2025-02-10 00:05:01.437 [info] > git status -z -uall [22ms]
2025-02-10 00:05:02.138 [info] > git show --textconv :storage.py [8ms]
2025-02-10 00:05:02.140 [info] > git ls-files --stage -- /home/leozhontai561/storage.py [3ms]
2025-02-10 00:05:06.452 [info] > git config --get commit.template [2ms]
2025-02-10 00:05:06.461 [info] > git for-each-ref --format=%(refname)%00%(upstream:short)%00%(objectname)%00%(upstream:track)%00%(upstream:remotename)%00%(upstream:remoteref) refs/heads/main refs/remotes/main [3ms]
2025-02-10 00:05:06.477 [info] > git for-each-ref --sort -committerdate --format %(refname) %(objectname) %(*objectname) [3ms]
2025-02-10 00:05:06.490 [info] > git status -z -uall [22ms]
2025-02-10 00:05:34.481 [info] > git config --get commit.template [7ms]
2025-02-10 00:05:34.483 [info] > git for-each-ref --format=%(refname)%00%(upstream:short)%00%(objectname)%00%(upstream:track)%00%(upstream:remotename)%00%(upstream:remoteref) refs/heads/main refs/remotes/main [2ms]
2025-02-10 00:05:34.499 [info] > git for-each-ref --sort -committerdate --format %(refname) %(objectname) %(*objectname) [3ms]
2025-02-10 00:05:34.512 [info] > git status -z -uall [21ms]
2025-02-10 00:05:36.283 [info] > git show --textconv :main.py [7ms]
2025-02-10 00:05:36.285 [info] > git ls-files --stage -- /home/leozhontai561/main.py [3ms]
2025-02-10 00:05:36.293 [info] > git cat-file -s 967d1b7499702bd619d3ac4e8905c2c048b5aeb9 [2ms]
2025-02-10 00:05:39.535 [info] > git config --get commit.template [9ms]
2025-02-10 00:05:39.535 [info] > git for-each-ref --format=%(refname)%00%(upstream:short)%00%(objectname)%00%(upstream:track)%00%(upstream:remotename)%00%(upstream:remoteref) refs/heads/main refs/remotes/main [3ms]
2025-02-10 00:05:39.552 [info] > git for-each-ref --sort -committerdate --format %(refname) %(objectname) %(*objectname) [3ms]
2025-02-10 00:05:39.564 [info] > git status -z -uall [21ms]
2025-02-10 00:06:12.771 [info] > git config --get commit.template [7ms]
2025-02-10 00:06:12.772 [info] > git for-each-ref --format=%(refname)%00%(upstream:short)%00%(objectname)%00%(upstream:track)%00%(upstream:remotename)%00%(upstream:remoteref) refs/heads/main refs/remotes/main [2ms]
2025-02-10 00:06:12.790 [info] > git for-each-ref --sort -committerdate --format %(refname) %(objectname) %(*objectname) [3ms]
2025-02-10 00:06:12.803 [info] > git status -z -uall [24ms]
2025-02-10 00:06:17.825 [info] > git config --get commit.template [8ms]
2025-02-10 00:06:17.826 [info] > git for-each-ref --format=%(refname)%00%(upstream:short)%00%(objectname)%00%(upstream:track)%00%(upstream:remotename)%00%(upstream:remoteref) refs/heads/main refs/remotes/main [2ms]
2025-02-10 00:06:17.843 [info] > git for-each-ref --sort -committerdate --format %(refname) %(objectname) %(*objectname) [3ms]
2025-02-10 00:06:17.855 [info] > git status -z -uall [22ms]
2025-02-10 00:06:22.876 [info] > git config --get commit.template [8ms]
2025-02-10 00:06:22.877 [info] > git for-each-ref --format=%(refname)%00%(upstream:short)%00%(objectname)%00%(upstream:track)%00%(upstream:remotename)%00%(upstream:remoteref) refs/heads/main refs/remotes/main [2ms]
2025-02-10 00:06:22.893 [info] > git for-each-ref --sort -committerdate --format %(refname) %(objectname) %(*objectname) [3ms]
2025-02-10 00:06:22.906 [info] > git status -z -uall [21ms]
2025-02-10 00:06:27.924 [info] > git config --get commit.template [7ms]
2025-02-10 00:06:27.926 [info] > git for-each-ref --format=%(refname)%00%(upstream:short)%00%(objectname)%00%(upstream:track)%00%(upstream:remotename)%00%(upstream:remoteref) refs/heads/main refs/remotes/main [2ms]
2025-02-10 00:06:27.942 [info] > git for-each-ref --sort -committerdate --format %(refname) %(objectname) %(*objectname) [3ms]
2025-02-10 00:06:27.955 [info] > git status -z -uall [22ms]
2025-02-10 00:07:13.207 [info] > git config --get commit.template [2ms]
2025-02-10 00:07:13.215 [info] > git for-each-ref --format=%(refname)%00%(upstream:short)%00%(objectname)%00%(upstream:track)%00%(upstream:remotename)%00%(upstream:remoteref) refs/heads/main refs/remotes/main [2ms]
2025-02-10 00:07:13.231 [info] > git for-each-ref --sort -committerdate --format %(refname) %(objectname) %(*objectname) [2ms]
2025-02-10 00:07:13.243 [info] > git status -z -uall [21ms]
2025-02-10 00:07:18.267 [info] > git config --get commit.template [8ms]
2025-02-10 00:07:18.268 [info] > git for-each-ref --format=%(refname)%00%(upstream:short)%00%(objectname)%00%(upstream:track)%00%(upstream:remotename)%00%(upstream:remoteref) refs/heads/main refs/remotes/main [2ms]
2025-02-10 00:07:18.284 [info] > git for-each-ref --sort -committerdate --format %(refname) %(objectname) %(*objectname) [3ms]
2025-02-10 00:07:18.297 [info] > git status -z -uall [22ms]
2025-02-10 00:07:23.318 [info] > git config --get commit.template [7ms]
2025-02-10 00:07:23.320 [info] > git for-each-ref --format=%(refname)%00%(upstream:short)%00%(objectname)%00%(upstream:track)%00%(upstream:remotename)%00%(upstream:remoteref) refs/heads/main refs/remotes/main [3ms]
2025-02-10 00:07:23.336 [info] > git for-each-ref --sort -committerdate --format %(refname) %(objectname) %(*objectname) [3ms]
2025-02-10 00:07:23.348 [info] > git status -z -uall [21ms]
2025-02-10 00:09:22.053 [info] > git config --get commit.template [8ms]
2025-02-10 00:09:22.053 [info] > git for-each-ref --format=%(refname)%00%(upstream:short)%00%(objectname)%00%(upstream:track)%00%(upstream:remotename)%00%(upstream:remoteref) refs/heads/main refs/remotes/main [3ms]
2025-02-10 00:09:22.069 [info] > git for-each-ref --sort -committerdate --format %(refname) %(objectname) %(*objectname) [2ms]
2025-02-10 00:09:22.081 [info] > git status -z -uall [21ms]
2025-02-10 00:09:27.105 [info] > git config --get commit.template [9ms]
2025-02-10 00:09:27.108 [info] > git for-each-ref --format=%(refname)%00%(upstream:short)%00%(objectname)%00%(upstream:track)%00%(upstream:remotename)%00%(upstream:remoteref) refs/heads/main refs/remotes/main [3ms]
2025-02-10 00:09:27.124 [info] > git for-each-ref --sort -committerdate --format %(refname) %(objectname) %(*objectname) [3ms]
2025-02-10 00:09:27.137 [info] > git status -z -uall [23ms]
2025-02-10 00:09:32.158 [info] > git config --get commit.template [8ms]
2025-02-10 00:09:32.159 [info] > git for-each-ref --format=%(refname)%00%(upstream:short)%00%(objectname)%00%(upstream:track)%00%(upstream:remotename)%00%(upstream:remoteref) refs/heads/main refs/remotes/main [2ms]
2025-02-10 00:09:32.175 [info] > git for-each-ref --sort -committerdate --format %(refname) %(objectname) %(*objectname) [2ms]
2025-02-10 00:09:32.189 [info] > git status -z -uall [23ms]
2025-02-10 00:11:49.081 [info] > git check-ignore -v -z --stdin [3ms]
2025-02-10 00:13:30.931 [info] > git config --get commit.template [7ms]
2025-02-10 00:13:30.933 [info] > git for-each-ref --format=%(refname)%00%(upstream:short)%00%(objectname)%00%(upstream:track)%00%(upstream:remotename)%00%(upstream:remoteref) refs/heads/main refs/remotes/main [2ms]
2025-02-10 00:13:30.949 [info] > git for-each-ref --sort -committerdate --format %(refname) %(objectname) %(*objectname) [3ms]
2025-02-10 00:13:30.961 [info] > git status -z -uall [21ms]
2025-02-10 00:13:35.982 [info] > git config --get commit.template [8ms]
2025-02-10 00:13:35.984 [info] > git for-each-ref --format=%(refname)%00%(upstream:short)%00%(objectname)%00%(upstream:track)%00%(upstream:remotename)%00%(upstream:remoteref) refs/heads/main refs/remotes/main [2ms]
2025-02-10 00:13:35.999 [info] > git for-each-ref --sort -committerdate --format %(refname) %(objectname) %(*objectname) [3ms]
2025-02-10 00:13:36.011 [info] > git status -z -uall [21ms]
2025-02-10 00:13:50.128 [info] > git config --get commit.template [9ms]
2025-02-10 00:13:50.129 [info] > git for-each-ref --format=%(refname)%00%(upstream:short)%00%(objectname)%00%(upstream:track)%00%(upstream:remotename)%00%(upstream:remoteref) refs/heads/main refs/remotes/main [3ms]
2025-02-10 00:13:50.144 [info] > git for-each-ref --sort -committerdate --format %(refname) %(objectname) %(*objectname) [3ms]
2025-02-10 00:13:50.156 [info] > git status -z -uall [21ms]
2025-02-10 00:13:55.173 [info] > git config --get commit.template [3ms]
2025-02-10 00:13:55.181 [info] > git for-each-ref --format=%(refname)%00%(upstream:short)%00%(objectname)%00%(upstream:track)%00%(upstream:remotename)%00%(upstream:remoteref) refs/heads/main refs/remotes/main [2ms]
2025-02-10 00:13:55.196 [info] > git for-each-ref --sort -committerdate --format %(refname) %(objectname) %(*objectname) [2ms]
2025-02-10 00:13:55.208 [info] > git status -z -uall [20ms]
2025-02-10 00:14:00.223 [info] > git config --get commit.template [3ms]
2025-02-10 00:14:00.231 [info] > git for-each-ref --format=%(refname)%00%(upstream:short)%00%(objectname)%00%(upstream:track)%00%(upstream:remotename)%00%(upstream:remoteref) refs/heads/main refs/remotes/main [2ms]
2025-02-10 00:14:00.247 [info] > git for-each-ref --sort -committerdate --format %(refname) %(objectname) %(*objectname) [2ms]
2025-02-10 00:14:00.259 [info] > git status -z -uall [21ms]
2025-02-10 00:14:05.275 [info] > git config --get commit.template [2ms]
2025-02-10 00:14:05.283 [info] > git for-each-ref --format=%(refname)%00%(upstream:short)%00%(objectname)%00%(upstream:track)%00%(upstream:remotename)%00%(upstream:remoteref) refs/heads/main refs/remotes/main [2ms]
2025-02-10 00:14:05.299 [info] > git for-each-ref --sort -committerdate --format %(refname) %(objectname) %(*objectname) [3ms]
2025-02-10 00:14:05.311 [info] > git status -z -uall [21ms]
2025-02-10 00:14:08.355 [info] > git check-ignore -v -z --stdin [3ms]
2025-02-10 00:14:10.327 [info] > git config --get commit.template [2ms]
2025-02-10 00:14:10.335 [info] > git for-each-ref --format=%(refname)%00%(upstream:short)%00%(objectname)%00%(upstream:track)%00%(upstream:remotename)%00%(upstream:remoteref) refs/heads/main refs/remotes/main [2ms]
2025-02-10 00:14:10.351 [info] > git for-each-ref --sort -committerdate --format %(refname) %(objectname) %(*objectname) [2ms]
2025-02-10 00:14:10.362 [info] > git status -z -uall [20ms]
2025-02-10 00:14:15.382 [info] > git config --get commit.template [6ms]
2025-02-10 00:14:15.384 [info] > git for-each-ref --format=%(refname)%00%(upstream:short)%00%(objectname)%00%(upstream:track)%00%(upstream:remotename)%00%(upstream:remoteref) refs/heads/main refs/remotes/main [2ms]
2025-02-10 00:14:15.399 [info] > git for-each-ref --sort -committerdate --format %(refname) %(objectname) %(*objectname) [3ms]
2025-02-10 00:14:15.411 [info] > git status -z -uall [21ms]
2025-02-10 00:14:20.427 [info] > git config --get commit.template [3ms]
2025-02-10 00:14:20.435 [info] > git for-each-ref --format=%(refname)%00%(upstream:short)%00%(objectname)%00%(upstream:track)%00%(upstream:remotename)%00%(upstream:remoteref) refs/heads/main refs/remotes/main [2ms]
2025-02-10 00:14:20.451 [info] > git for-each-ref --sort -committerdate --format %(refname) %(objectname) %(*objectname) [3ms]
2025-02-10 00:14:20.463 [info] > git status -z -uall [20ms]
2025-02-10 00:14:24.759 [info] > git show --textconv :storage.py [7ms]
2025-02-10 00:14:24.760 [info] > git ls-files --stage -- /home/leozhontai561/storage.py [3ms]
2025-02-10 00:14:25.481 [info] > git config --get commit.template [7ms]
2025-02-10 00:14:25.482 [info] > git for-each-ref --format=%(refname)%00%(upstream:short)%00%(objectname)%00%(upstream:track)%00%(upstream:remotename)%00%(upstream:remoteref) refs/heads/main refs/remotes/main [2ms]
2025-02-10 00:14:25.498 [info] > git for-each-ref --sort -committerdate --format %(refname) %(objectname) %(*objectname) [3ms]
2025-02-10 00:14:25.509 [info] > git status -z -uall [20ms]
2025-02-10 00:14:30.528 [info] > git config --get commit.template [7ms]
2025-02-10 00:14:30.530 [info] > git for-each-ref --format=%(refname)%00%(upstream:short)%00%(objectname)%00%(upstream:track)%00%(upstream:remotename)%00%(upstream:remoteref) refs/heads/main refs/remotes/main [2ms]
2025-02-10 00:14:30.545 [info] > git for-each-ref --sort -committerdate --format %(refname) %(objectname) %(*objectname) [3ms]
2025-02-10 00:14:30.557 [info] > git status -z -uall [21ms]
2025-02-10 00:14:35.578 [info] > git config --get commit.template [7ms]
2025-02-10 00:14:35.579 [info] > git for-each-ref --format=%(refname)%00%(upstream:short)%00%(objectname)%00%(upstream:track)%00%(upstream:remotename)%00%(upstream:remoteref) refs/heads/main refs/remotes/main [2ms]
2025-02-10 00:14:35.595 [info] > git for-each-ref --sort -committerdate --format %(refname) %(objectname) %(*objectname) [2ms]
2025-02-10 00:14:35.609 [info] > git status -z -uall [23ms]
2025-02-10 00:14:37.955 [info] > git show --textconv :main.py [7ms]
2025-02-10 00:14:37.957 [info] > git ls-files --stage -- /home/leozhontai561/main.py [3ms]
2025-02-10 00:14:37.965 [info] > git cat-file -s 967d1b7499702bd619d3ac4e8905c2c048b5aeb9 [2ms]
2025-02-10 00:14:40.631 [info] > git config --get commit.template [7ms]
2025-02-10 00:14:40.633 [info] > git for-each-ref --format=%(refname)%00%(upstream:short)%00%(objectname)%00%(upstream:track)%00%(upstream:remotename)%00%(upstream:remoteref) refs/heads/main refs/remotes/main [3ms]
2025-02-10 00:14:40.648 [info] > git for-each-ref --sort -committerdate --format %(refname) %(objectname) %(*objectname) [3ms]
2025-02-10 00:14:40.661 [info] > git status -z -uall [22ms]
2025-02-10 00:14:45.682 [info] > git config --get commit.template [7ms]
2025-02-10 00:14:45.684 [info] > git for-each-ref --format=%(refname)%00%(upstream:short)%00%(objectname)%00%(upstream:track)%00%(upstream:remotename)%00%(upstream:remoteref) refs/heads/main refs/remotes/main [3ms]
2025-02-10 00:14:45.700 [info] > git for-each-ref --sort -committerdate --format %(refname) %(objectname) %(*objectname) [2ms]
2025-02-10 00:14:45.713 [info] > git status -z -uall [23ms]
2025-02-10 00:14:50.733 [info] > git config --get commit.template [6ms]
2025-02-10 00:14:50.734 [info] > git for-each-ref --format=%(refname)%00%(upstream:short)%00%(objectname)%00%(upstream:track)%00%(upstream:remotename)%00%(upstream:remoteref) refs/heads/main refs/remotes/main [2ms]
2025-02-10 00:14:50.753 [info] > git for-each-ref --sort -committerdate --format %(refname) %(objectname) %(*objectname) [2ms]
2025-02-10 00:14:50.765 [info] > git status -z -uall [23ms]
2025-02-10 00:16:14.381 [info] > git config --get commit.template [7ms]
2025-02-10 00:16:14.383 [info] > git for-each-ref --format=%(refname)%00%(upstream:short)%00%(objectname)%00%(upstream:track)%00%(upstream:remotename)%00%(upstream:remoteref) refs/heads/main refs/remotes/main [3ms]
2025-02-10 00:16:14.398 [info] > git for-each-ref --sort -committerdate --format %(refname) %(objectname) %(*objectname) [3ms]
2025-02-10 00:16:14.409 [info] > git status -z -uall [20ms]
2025-02-10 00:16:19.431 [info] > git config --get commit.template [7ms]
2025-02-10 00:16:19.432 [info] > git for-each-ref --format=%(refname)%00%(upstream:short)%00%(objectname)%00%(upstream:track)%00%(upstream:remotename)%00%(upstream:remoteref) refs/heads/main refs/remotes/main [2ms]
2025-02-10 00:16:19.449 [info] > git for-each-ref --sort -committerdate --format %(refname) %(objectname) %(*objectname) [2ms]
2025-02-10 00:16:19.462 [info] > git status -z -uall [23ms]
2025-02-10 00:16:24.482 [info] > git config --get commit.template [7ms]
2025-02-10 00:16:24.483 [info] > git for-each-ref --format=%(refname)%00%(upstream:short)%00%(objectname)%00%(upstream:track)%00%(upstream:remotename)%00%(upstream:remoteref) refs/heads/main refs/remotes/main [2ms]
2025-02-10 00:16:24.498 [info] > git for-each-ref --sort -committerdate --format %(refname) %(objectname) %(*objectname) [2ms]
2025-02-10 00:16:24.510 [info] > git status -z -uall [20ms]
2025-02-10 00:16:25.008 [info] > git ls-files --stage -- /home/leozhontai561/Procfile [2ms]
2025-02-10 00:16:25.024 [info] > git show --textconv :Procfile [24ms]
2025-02-10 00:16:25.024 [info] > git cat-file -s 1ba043977def09b463bc26405ba8108eec86caf4 [10ms]
2025-02-10 00:16:29.601 [info] > git config --get commit.template [6ms]
2025-02-10 00:16:29.602 [info] > git for-each-ref --format=%(refname)%00%(upstream:short)%00%(objectname)%00%(upstream:track)%00%(upstream:remotename)%00%(upstream:remoteref) refs/heads/main refs/remotes/main [2ms]
2025-02-10 00:16:29.618 [info] > git for-each-ref --sort -committerdate --format %(refname) %(objectname) %(*objectname) [3ms]
2025-02-10 00:16:29.632 [info] > git status -z -uall [23ms]
2025-02-10 00:20:25.445 [info] > git config --get commit.template [7ms]
2025-02-10 00:20:25.447 [info] > git for-each-ref --format=%(refname)%00%(upstream:short)%00%(objectname)%00%(upstream:track)%00%(upstream:remotename)%00%(upstream:remoteref) refs/heads/main refs/remotes/main [3ms]
2025-02-10 00:20:25.462 [info] > git for-each-ref --sort -committerdate --format %(refname) %(objectname) %(*objectname) [3ms]
2025-02-10 00:20:25.475 [info] > git status -z -uall [21ms]
2025-02-10 00:20:30.256 [info] > git show --textconv :storage.py [7ms]
2025-02-10 00:20:30.258 [info] > git ls-files --stage -- /home/leozhontai561/storage.py [3ms]
2025-02-10 00:20:30.495 [info] > git config --get commit.template [7ms]
2025-02-10 00:20:30.497 [info] > git for-each-ref --format=%(refname)%00%(upstream:short)%00%(objectname)%00%(upstream:track)%00%(upstream:remotename)%00%(upstream:remoteref) refs/heads/main refs/remotes/main [3ms]
2025-02-10 00:20:30.514 [info] > git for-each-ref --sort -committerdate --format %(refname) %(objectname) %(*objectname) [3ms]
2025-02-10 00:20:30.525 [info] > git status -z -uall [20ms]
2025-02-10 00:20:35.544 [info] > git config --get commit.template [8ms]
2025-02-10 00:20:35.546 [info] > git for-each-ref --format=%(refname)%00%(upstream:short)%00%(objectname)%00%(upstream:track)%00%(upstream:remotename)%00%(upstream:remoteref) refs/heads/main refs/remotes/main [3ms]
2025-02-10 00:20:35.561 [info] > git for-each-ref --sort -committerdate --format %(refname) %(objectname) %(*objectname) [2ms]
2025-02-10 00:20:35.575 [info] > git status -z -uall [22ms]
2025-02-10 00:20:37.366 [info] > git ls-files --stage -- /home/leozhontai561/README-cloudshell.txt [2ms]
2025-02-10 00:20:37.396 [info] > git show --textconv :README-cloudshell.txt [38ms]
2025-02-10 00:20:37.396 [info] > git cat-file -s 9fa5a74e750d98eb725eca4ca09ba01af2f5cd24 [24ms]
2025-02-10 00:20:39.250 [info] > git show --textconv :storage.py [8ms]
2025-02-10 00:20:39.251 [info] > git ls-files --stage -- /home/leozhontai561/storage.py [3ms]
2025-02-10 00:20:41.338 [info] > git config --get commit.template [6ms]
2025-02-10 00:20:41.340 [info] > git for-each-ref --format=%(refname)%00%(upstream:short)%00%(objectname)%00%(upstream:track)%00%(upstream:remotename)%00%(upstream:remoteref) refs/heads/main refs/remotes/main [3ms]
2025-02-10 00:20:41.355 [info] > git for-each-ref --sort -committerdate --format %(refname) %(objectname) %(*objectname) [2ms]
2025-02-10 00:20:41.367 [info] > git status -z -uall [21ms]
2025-02-10 00:20:41.957 [info] > git check-ignore -v -z --stdin [3ms]
2025-02-10 00:20:46.391 [info] > git config --get commit.template [8ms]
2025-02-10 00:20:46.392 [info] > git for-each-ref --format=%(refname)%00%(upstream:short)%00%(objectname)%00%(upstream:track)%00%(upstream:remotename)%00%(upstream:remoteref) refs/heads/main refs/remotes/main [2ms]
2025-02-10 00:20:46.409 [info] > git for-each-ref --sort -committerdate --format %(refname) %(objectname) %(*objectname) [2ms]
2025-02-10 00:20:46.421 [info] > git status -z -uall [21ms]
2025-02-10 00:20:46.616 [info] > git log --format=%H%n%aN%n%aE%n%at%n%ct%n%P%n%D%n%B -z --shortstat --diff-merges=first-parent -n50 --skip=0 --topo-order --decorate=full --stdin [5177ms]
2025-02-10 00:20:51.437 [info] > git config --get commit.template [3ms]
2025-02-10 00:20:51.448 [info] > git for-each-ref --format=%(refname)%00%(upstream:short)%00%(objectname)%00%(upstream:track)%00%(upstream:remotename)%00%(upstream:remoteref) refs/heads/main refs/remotes/main [2ms]
2025-02-10 00:20:51.464 [info] > git for-each-ref --sort -committerdate --format %(refname) %(objectname) %(*objectname) [3ms]
2025-02-10 00:20:51.476 [info] > git status -z -uall [21ms]
2025-02-10 00:20:56.494 [info] > git config --get commit.template [6ms]
2025-02-10 00:20:56.496 [info] > git for-each-ref --format=%(refname)%00%(upstream:short)%00%(objectname)%00%(upstream:track)%00%(upstream:remotename)%00%(upstream:remoteref) refs/heads/main refs/remotes/main [2ms]
2025-02-10 00:20:56.511 [info] > git for-each-ref --sort -committerdate --format %(refname) %(objectname) %(*objectname) [3ms]
2025-02-10 00:20:56.523 [info] > git status -z -uall [21ms]
