Initializing document watcher...
Document watcher initialized
leozhontai561/main.py: {}
/User/settings.json: Using EditorConfig core...
leozhontai561/main.py: {}
leozhontai561/main.py: {}
leozhontai561/st: {}
leozhontai561/st: {}
leozhontai561/st: {}
leozhontai561/st: {}
leozhontai561/storage.py: {}
leozhontai561/main.py: {}
leozhontai561/storage.py: {}
leozhontai561/storage.py: {}
leozhontai561/.py: {}
leozhontai561/storage.py: {}
leozhontai561/storage.py: {}
leozhontai561/storage.py: Using EditorConfig core...
leozhontai561/storage.py: Using EditorConfig core...
leozhontai561/storage.py: {}
leozhontai561/storage.py: {}
leozhontai561/storage.py: {}
leozhontai561/storage.py: Using EditorConfig core...
leozhontai561/storage.py: Using EditorConfig core...
leozhontai561/storage.py: Using EditorConfig core...
leozhontai561/storage.py: {}
leozhontai561/storage.py: {}
leozhontai561/storage.py: Using EditorConfig core...
leozhontai561/storage.py: Using EditorConfig core...
leozhontai561/storage.py: {}
leozhontai561/storage.py: {}
leozhontai561/storage.py: {}
leozhontai561/storage.py: {}
leozhontai561/storage.py: {}
leozhontai561/storage.py: {}
leozhontai561/storage.py: {}
leozhontai561/storage.py: {}
