2025-01-29 01:09:49.866 [info] [main] Log level: Info
2025-01-29 01:09:49.866 [info] [main] Validating found git in: "git"
2025-01-29 01:09:49.866 [info] [main] Using git "2.43.0" from "git"
2025-01-29 01:09:49.866 [info] [Model][doInitialScan] Initial repository scan started
2025-01-29 01:09:49.866 [info] > git rev-parse --show-toplevel [324ms]
2025-01-29 01:09:49.866 [info] fatal: not a git repository (or any parent up to mount point /)
Stopping at filesystem boundary (GIT_DISCOVERY_ACROSS_FILESYSTEM not set).
2025-01-29 01:09:49.866 [info] > git rev-parse --show-toplevel [4ms]
2025-01-29 01:09:49.866 [info] fatal: not a git repository (or any parent up to mount point /)
Stopping at filesystem boundary (GIT_DISCOVERY_ACROSS_FILESYSTEM not set).
2025-01-29 01:09:49.872 [info] > git rev-parse --show-toplevel [2ms]
2025-01-29 01:09:49.872 [info] fatal: not a git repository (or any parent up to mount point /)
Stopping at filesystem boundary (GIT_DISCOVERY_ACROSS_FILESYSTEM not set).
2025-01-29 01:09:49.876 [info] > git rev-parse --show-toplevel [1ms]
2025-01-29 01:09:49.876 [info] fatal: not a git repository (or any parent up to mount point /)
Stopping at filesystem boundary (GIT_DISCOVERY_ACROSS_FILESYSTEM not set).
2025-01-29 01:09:51.077 [info] > git rev-parse --show-toplevel [1197ms]
2025-01-29 01:09:51.077 [info] fatal: not a git repository (or any parent up to mount point /)
Stopping at filesystem boundary (GIT_DISCOVERY_ACROSS_FILESYSTEM not set).
2025-01-29 01:09:51.103 [info] > git rev-parse --show-toplevel [22ms]
2025-01-29 01:09:51.103 [info] fatal: not a git repository (or any parent up to mount point /)
Stopping at filesystem boundary (GIT_DISCOVERY_ACROSS_FILESYSTEM not set).
2025-01-29 01:09:53.240 [info] > git rev-parse --show-toplevel [2133ms]
2025-01-29 01:09:53.240 [info] fatal: not a git repository (or any parent up to mount point /)
Stopping at filesystem boundary (GIT_DISCOVERY_ACROSS_FILESYSTEM not set).
2025-01-29 01:09:53.250 [info] > git rev-parse --show-toplevel [2ms]
2025-01-29 01:09:53.250 [info] fatal: not a git repository (or any parent up to mount point /)
Stopping at filesystem boundary (GIT_DISCOVERY_ACROSS_FILESYSTEM not set).
2025-01-29 01:09:53.260 [info] > git rev-parse --show-toplevel [2ms]
2025-01-29 01:09:53.260 [info] fatal: not a git repository (or any parent up to mount point /)
Stopping at filesystem boundary (GIT_DISCOVERY_ACROSS_FILESYSTEM not set).
2025-01-29 01:09:53.267 [info] > git rev-parse --show-toplevel [2ms]
2025-01-29 01:09:53.267 [info] fatal: not a git repository (or any parent up to mount point /)
Stopping at filesystem boundary (GIT_DISCOVERY_ACROSS_FILESYSTEM not set).
2025-01-29 01:09:53.275 [info] > git rev-parse --show-toplevel [1ms]
2025-01-29 01:09:53.275 [info] fatal: not a git repository (or any parent up to mount point /)
Stopping at filesystem boundary (GIT_DISCOVERY_ACROSS_FILESYSTEM not set).
2025-01-29 01:09:53.275 [info] [Model][doInitialScan] Initial repository scan completed - repositories (0), closed repositories (0), parent repositories (0), unsafe repositories (0)
2025-01-29 01:11:49.901 [info] > git rev-parse --show-toplevel [5ms]
2025-01-29 01:11:49.901 [info] fatal: not a git repository (or any parent up to mount point /)
Stopping at filesystem boundary (GIT_DISCOVERY_ACROSS_FILESYSTEM not set).
2025-01-29 01:11:53.541 [info] > git rev-parse --show-toplevel [5ms]
2025-01-29 01:11:53.541 [info] fatal: not a git repository (or any parent up to mount point /)
Stopping at filesystem boundary (GIT_DISCOVERY_ACROSS_FILESYSTEM not set).
2025-01-29 01:11:57.921 [info] > git rev-parse --show-toplevel [3ms]
2025-01-29 01:11:57.921 [info] fatal: not a git repository (or any parent up to mount point /)
Stopping at filesystem boundary (GIT_DISCOVERY_ACROSS_FILESYSTEM not set).
2025-01-29 01:12:04.760 [info] > git rev-parse --show-toplevel [1ms]
2025-01-29 01:12:04.760 [info] fatal: not a git repository (or any parent up to mount point /)
Stopping at filesystem boundary (GIT_DISCOVERY_ACROSS_FILESYSTEM not set).
2025-01-29 01:12:05.819 [info] > git rev-parse --show-toplevel [2ms]
2025-01-29 01:12:05.819 [info] fatal: not a git repository (or any parent up to mount point /)
Stopping at filesystem boundary (GIT_DISCOVERY_ACROSS_FILESYSTEM not set).
2025-01-29 01:12:14.561 [info] > git rev-parse --show-toplevel [2ms]
2025-01-29 01:12:14.561 [info] fatal: not a git repository (or any parent up to mount point /)
Stopping at filesystem boundary (GIT_DISCOVERY_ACROSS_FILESYSTEM not set).
2025-01-29 01:12:17.809 [info] > git rev-parse --show-toplevel [2ms]
2025-01-29 01:12:17.810 [info] fatal: not a git repository (or any parent up to mount point /)
Stopping at filesystem boundary (GIT_DISCOVERY_ACROSS_FILESYSTEM not set).
2025-01-29 01:12:19.150 [info] > git rev-parse --show-toplevel [2ms]
2025-01-29 01:12:19.150 [info] fatal: not a git repository (or any parent up to mount point /)
Stopping at filesystem boundary (GIT_DISCOVERY_ACROSS_FILESYSTEM not set).
2025-01-29 01:12:27.019 [info] > git rev-parse --show-toplevel [2ms]
2025-01-29 01:12:27.019 [info] fatal: not a git repository (or any parent up to mount point /)
Stopping at filesystem boundary (GIT_DISCOVERY_ACROSS_FILESYSTEM not set).
