2025-02-09 23:17:44.649 [warning] Dir "/home/leozhontai561/.pixi/envs" is not watchable (directory does not exist)
2025-02-09 23:17:44.731 [info] Running installed packages checker:  {
  id: '/home/leozhontai561/venv/bin/python',
  sysPrefix: '/home/leozhontai561/venv',
  envType: 'Venv',
  envName: 'venv',
  envPath: '/home/leozhontai561/venv',
  path: '/home/leozhontai561/venv/bin/python',
  architecture: 3,
  sysVersion: '3.12.3 (main, Jan 17 2025, 18:03:48) [GCC 13.3.0]',
  version: {
    raw: '3.12.3',
    major: 3,
    minor: 12,
    patch: 3,
    build: [],
    prerelease: [ 'final', '0' ]
  },
  displayName: "Python 3.12.3 ('venv')",
  detailedDisplayName: "Python 3.12.3 ('venv': venv)",
  type: 'Virtual'
} /google/devshell/editor/code-oss-for-cloud-shell/extensions/ms-python.python/python_files/installed_check.py /home/leozhontai561/requirements.txt
2025-02-09 23:17:44.731 [info] > ./venv/bin/python /google/devshell/editor/code-oss-for-cloud-shell/extensions/ms-python.python/python_files/installed_check.py ./requirements.txt
2025-02-09 23:17:44.734 [info] Python interpreter path: ./venv/bin/python
2025-02-09 23:17:45.046 [info] > pyenv which python
2025-02-09 23:17:45.046 [info] cwd: .
2025-02-09 23:17:50.195 [info] Starting Jedi language server for leozhontai561.
2025-02-09 23:25:30.215 [info] Discover tests for workspace name: leozhontai561 - uri: /home/leozhontai561/main.py
2025-02-09 23:25:39.425 [info] CreateEnv Trigger - Skipping for /home/leozhontai561/main.py
2025-02-09 23:25:39.438 [info] Send text to terminal: source /home/leozhontai561/venv/bin/activate
2025-02-09 23:25:40.440 [info] Send text to terminal: /home/leozhontai561/venv/bin/python /home/leozhontai561/main.py
2025-02-09 23:29:05.470 [info] Discover tests for workspace name: leozhontai561 - uri: /home/leozhontai561/main.py
2025-02-09 23:30:54.580 [info] Discover tests for workspace name: leozhontai561 - uri: /home/leozhontai561/main.py
2025-02-09 23:33:34.037 [info] Discover tests for workspace name: leozhontai561 - uri: /home/leozhontai561/storage.py
2025-02-09 23:33:49.800 [info] Discover tests for workspace name: leozhontai561 - uri: /home/leozhontai561/storage.py
2025-02-09 23:41:46.606 [info] Discover tests for workspace name: leozhontai561 - uri: /home/leozhontai561/main.py
2025-02-09 23:43:56.219 [info] Discover tests for workspace name: leozhontai561 - uri: /home/leozhontai561/main.py
2025-02-09 23:48:46.145 [info] Discover tests for workspace name: leozhontai561 - uri: /home/leozhontai561/main.py
2025-02-09 23:51:41.770 [info] Discover tests for workspace name: leozhontai561 - uri: /home/leozhontai561/main.py
2025-02-09 23:54:28.022 [info] Discover tests for workspace name: leozhontai561 - uri: /home/leozhontai561/main.py
2025-02-09 23:57:09.365 [info] Discover tests for workspace name: leozhontai561 - uri: /home/leozhontai561/main.py
2025-02-10 00:02:07.165 [info] Discover tests for workspace name: leozhontai561 - uri: /home/leozhontai561/main.py
2025-02-10 00:03:27.765 [info] Discover tests for workspace name: leozhontai561 - uri: /home/leozhontai561/main.py
2025-02-10 00:03:28.949 [info] Discover tests for workspace name: leozhontai561 - uri: /home/leozhontai561/main.py
2025-02-10 00:06:18.198 [info] Discover tests for workspace name: leozhontai561 - uri: /home/leozhontai561/main.py
2025-02-10 00:06:20.927 [info] Discover tests for workspace name: leozhontai561 - uri: /home/leozhontai561/main.py
2025-02-10 00:09:30.311 [info] Discover tests for workspace name: leozhontai561 - uri: /home/leozhontai561/main.py
