2025-01-29 22:33:42.651 [info] [main] Log level: Info
2025-01-29 22:33:42.651 [info] [main] Validating found git in: "git"
2025-01-29 22:33:42.651 [info] [main] Using git "2.43.0" from "git"
2025-01-29 22:33:42.651 [info] [Model][doInitialScan] Initial repository scan started
2025-01-29 22:33:44.246 [info] > git rev-parse --show-toplevel [1613ms]
2025-01-29 22:33:46.833 [info] > git rev-parse --git-dir --git-common-dir [2518ms]
2025-01-29 22:33:46.845 [info] [Model][openRepository] Opened repository: /home/leozhontai561
2025-01-29 22:33:46.888 [info] > git config --get commit.template [19ms]
2025-01-29 22:33:46.910 [info] > git rev-parse --show-toplevel [5ms]
2025-01-29 22:33:46.921 [info] > git rev-parse --show-toplevel [2ms]
2025-01-29 22:33:46.931 [info] > git rev-parse --show-toplevel [2ms]
2025-01-29 22:33:46.940 [info] > git rev-parse --show-toplevel [2ms]
2025-01-29 22:33:47.222 [info] > git rev-parse --show-toplevel [275ms]
2025-01-29 22:33:47.246 [info] > git for-each-ref --format=%(refname)%00%(upstream:short)%00%(objectname)%00%(upstream:track)%00%(upstream:remotename)%00%(upstream:remoteref) refs/heads/main refs/remotes/main [349ms]
2025-01-29 22:33:47.270 [info] > git rev-parse --show-toplevel [31ms]
2025-01-29 22:33:47.314 [info] > git rev-parse --show-toplevel [37ms]
2025-01-29 22:33:47.660 [info] > git status -z -uall [335ms]
2025-01-29 22:33:47.661 [info] > git for-each-ref --sort -committerdate --format %(refname) %(objectname) %(*objectname) [329ms]
2025-01-29 22:33:47.705 [info] > git rev-parse --show-toplevel [366ms]
2025-01-29 22:33:47.722 [info] > git check-ignore -v -z --stdin [52ms]
2025-01-29 22:33:47.723 [info] > git for-each-ref --format=%(refname)%00%(upstream:short)%00%(objectname)%00%(upstream:track)%00%(upstream:remotename)%00%(upstream:remoteref) refs/heads/main refs/remotes/main [22ms]
2025-01-29 22:33:47.760 [info] > git rev-parse --show-toplevel [42ms]
2025-01-29 22:33:47.761 [info] > git config --get commit.template [48ms]
2025-01-29 22:33:47.859 [info] > git config --local branch.main.vscode-merge-base [129ms]
2025-01-29 22:33:47.859 [warning] [Git][config] git config failed: Failed to execute git
2025-01-29 22:33:47.948 [info] > git rev-parse --show-toplevel [161ms]
2025-01-29 22:33:47.972 [info] > git for-each-ref --format=%(refname)%00%(upstream:short)%00%(objectname)%00%(upstream:track)%00%(upstream:remotename)%00%(upstream:remoteref) refs/heads/main refs/remotes/main [69ms]
2025-01-29 22:33:47.973 [info] > git reflog main --grep-reflog=branch: Created from *. [107ms]
2025-01-29 22:33:48.020 [info] > git rev-parse --show-toplevel [23ms]
2025-01-29 22:33:48.021 [info] > git symbolic-ref --short refs/remotes/origin/HEAD [39ms]
2025-01-29 22:33:48.021 [info] fatal: ref refs/remotes/origin/HEAD is not a symbolic ref
2025-01-29 22:33:48.021 [warning] [Repository][getDefaultBranch] Failed to get default branch details: Failed to execute git.
2025-01-29 22:33:48.071 [info] > git rev-parse --show-toplevel [31ms]
2025-01-29 22:33:48.071 [info] > git merge-base refs/heads/main refs/remotes/origin/main [43ms]
2025-01-29 22:33:48.094 [info] > git status -z -uall [35ms]
2025-01-29 22:33:48.094 [info] > git for-each-ref --sort -committerdate --format %(refname) %(objectname) %(*objectname) [25ms]
2025-01-29 22:33:48.099 [info] > git diff --name-status -z --diff-filter=ADMR dc7b6a483e97ba5c380b0a34dd953fe2ce53b910...refs/remotes/origin/main [18ms]
2025-01-29 22:33:48.108 [info] > git rev-parse --show-toplevel [15ms]
2025-01-29 22:33:48.141 [info] > git rev-parse --show-toplevel [25ms]
2025-01-29 22:33:48.141 [info] [Model][doInitialScan] Initial repository scan completed - repositories (1), closed repositories (0), parent repositories (0), unsafe repositories (0)
2025-01-29 22:33:48.255 [info] > git show --textconv :main.py [107ms]
2025-01-29 22:33:48.256 [info] > git ls-files --stage -- /home/leozhontai561/main.py [100ms]
2025-01-29 22:33:48.370 [info] > git cat-file -s 967d1b7499702bd619d3ac4e8905c2c048b5aeb9 [105ms]
2025-01-29 22:33:50.976 [info] > git config --get commit.template [12ms]
2025-01-29 22:33:51.013 [info] > git for-each-ref --format=%(refname)%00%(upstream:short)%00%(objectname)%00%(upstream:track)%00%(upstream:remotename)%00%(upstream:remoteref) refs/heads/main refs/remotes/main [38ms]
2025-01-29 22:33:51.081 [info] > git for-each-ref --sort -committerdate --format %(refname) %(objectname) %(*objectname) [35ms]
2025-01-29 22:33:51.199 [info] > git status -z -uall [166ms]
2025-01-29 22:34:25.865 [info] > git config --get commit.template [8ms]
2025-01-29 22:34:25.866 [info] > git for-each-ref --format=%(refname)%00%(upstream:short)%00%(objectname)%00%(upstream:track)%00%(upstream:remotename)%00%(upstream:remoteref) refs/heads/main refs/remotes/main [3ms]
2025-01-29 22:34:25.888 [info] > git for-each-ref --sort -committerdate --format %(refname) %(objectname) %(*objectname) [4ms]
2025-01-29 22:34:25.898 [info] > git status -z -uall [25ms]
2025-01-29 22:34:26.823 [info] > git ls-files --stage -- /home/leozhontai561/Procfile [6ms]
2025-01-29 22:34:26.841 [info] > git show --textconv :Procfile [31ms]
2025-01-29 22:34:26.841 [info] > git cat-file -s 1ba043977def09b463bc26405ba8108eec86caf4 [9ms]
2025-01-29 22:34:30.918 [info] > git config --get commit.template [8ms]
2025-01-29 22:34:30.919 [info] > git for-each-ref --format=%(refname)%00%(upstream:short)%00%(objectname)%00%(upstream:track)%00%(upstream:remotename)%00%(upstream:remoteref) refs/heads/main refs/remotes/main [3ms]
2025-01-29 22:34:30.939 [info] > git for-each-ref --sort -committerdate --format %(refname) %(objectname) %(*objectname) [3ms]
2025-01-29 22:34:30.950 [info] > git status -z -uall [24ms]
2025-01-29 22:34:35.970 [info] > git config --get commit.template [8ms]
2025-01-29 22:34:35.971 [info] > git for-each-ref --format=%(refname)%00%(upstream:short)%00%(objectname)%00%(upstream:track)%00%(upstream:remotename)%00%(upstream:remoteref) refs/heads/main refs/remotes/main [3ms]
2025-01-29 22:34:35.990 [info] > git for-each-ref --sort -committerdate --format %(refname) %(objectname) %(*objectname) [3ms]
2025-01-29 22:34:36.001 [info] > git status -z -uall [23ms]
2025-01-29 22:34:36.023 [info] > git check-ignore -v -z --stdin [2ms]
2025-01-29 22:34:40.770 [info] > git check-ignore -v -z --stdin [2ms]
2025-01-29 22:34:41.039 [info] > git config --get commit.template [11ms]
2025-01-29 22:34:41.042 [info] > git for-each-ref --format=%(refname)%00%(upstream:short)%00%(objectname)%00%(upstream:track)%00%(upstream:remotename)%00%(upstream:remoteref) refs/heads/main refs/remotes/main [4ms]
2025-01-29 22:34:41.089 [info] > git for-each-ref --sort -committerdate --format %(refname) %(objectname) %(*objectname) [3ms]
2025-01-29 22:34:41.108 [info] > git status -z -uall [36ms]
2025-01-29 22:34:43.582 [info] > git ls-files --stage -- /home/leozhontai561/templates/index.html [4ms]
2025-01-29 22:34:43.620 [info] > git show --textconv :templates/index.html [53ms]
2025-01-29 22:34:43.620 [info] > git cat-file -s 3a1a3a18f1cd7e51f4150b075f0284b061136a18 [29ms]
2025-01-29 22:34:48.817 [info] > git config --get commit.template [5ms]
2025-01-29 22:34:48.832 [info] > git for-each-ref --format=%(refname)%00%(upstream:short)%00%(objectname)%00%(upstream:track)%00%(upstream:remotename)%00%(upstream:remoteref) refs/heads/main refs/remotes/main [9ms]
2025-01-29 22:34:48.852 [info] > git for-each-ref --sort -committerdate --format %(refname) %(objectname) %(*objectname) [3ms]
2025-01-29 22:34:48.863 [info] > git status -z -uall [24ms]
2025-01-29 22:35:09.238 [info] > git config --get commit.template [2ms]
2025-01-29 22:35:09.262 [info] > git for-each-ref --format=%(refname)%00%(upstream:short)%00%(objectname)%00%(upstream:track)%00%(upstream:remotename)%00%(upstream:remoteref) refs/heads/main refs/remotes/main [17ms]
2025-01-29 22:35:09.284 [info] > git for-each-ref --sort -committerdate --format %(refname) %(objectname) %(*objectname) [3ms]
2025-01-29 22:35:09.296 [info] > git status -z -uall [26ms]
2025-01-29 22:35:09.965 [info] > git show --textconv :Procfile [13ms]
2025-01-29 22:35:09.966 [info] > git ls-files --stage -- /home/leozhontai561/Procfile [7ms]
2025-01-29 22:35:09.975 [info] > git cat-file -s 1ba043977def09b463bc26405ba8108eec86caf4 [2ms]
2025-01-29 22:35:24.010 [info] > git config --get commit.template [8ms]
2025-01-29 22:35:24.011 [info] > git for-each-ref --format=%(refname)%00%(upstream:short)%00%(objectname)%00%(upstream:track)%00%(upstream:remotename)%00%(upstream:remoteref) refs/heads/main refs/remotes/main [3ms]
2025-01-29 22:35:24.031 [info] > git for-each-ref --sort -committerdate --format %(refname) %(objectname) %(*objectname) [4ms]
2025-01-29 22:35:24.041 [info] > git status -z -uall [23ms]
2025-01-29 22:35:38.676 [info] > git config --get commit.template [8ms]
2025-01-29 22:35:38.678 [info] > git for-each-ref --format=%(refname)%00%(upstream:short)%00%(objectname)%00%(upstream:track)%00%(upstream:remotename)%00%(upstream:remoteref) refs/heads/main refs/remotes/main [3ms]
2025-01-29 22:35:38.697 [info] > git for-each-ref --sort -committerdate --format %(refname) %(objectname) %(*objectname) [3ms]
2025-01-29 22:35:38.708 [info] > git status -z -uall [24ms]
2025-01-29 22:35:39.604 [info] > git ls-files --stage -- /home/leozhontai561/requirements.txt [3ms]
2025-01-29 22:35:39.628 [info] > git show --textconv :requirements.txt [35ms]
2025-01-29 22:35:39.628 [info] > git cat-file -s aed8260bcfc96164228cda99b469665040256ecb [18ms]
2025-01-29 22:35:43.730 [info] > git config --get commit.template [9ms]
2025-01-29 22:35:43.731 [info] > git for-each-ref --format=%(refname)%00%(upstream:short)%00%(objectname)%00%(upstream:track)%00%(upstream:remotename)%00%(upstream:remoteref) refs/heads/main refs/remotes/main [2ms]
2025-01-29 22:35:43.753 [info] > git for-each-ref --sort -committerdate --format %(refname) %(objectname) %(*objectname) [3ms]
2025-01-29 22:35:43.764 [info] > git status -z -uall [25ms]
2025-01-29 22:36:09.363 [info] > git config --get commit.template [9ms]
2025-01-29 22:36:09.364 [info] > git for-each-ref --format=%(refname)%00%(upstream:short)%00%(objectname)%00%(upstream:track)%00%(upstream:remotename)%00%(upstream:remoteref) refs/heads/main refs/remotes/main [2ms]
2025-01-29 22:36:09.388 [info] > git for-each-ref --sort -committerdate --format %(refname) %(objectname) %(*objectname) [2ms]
2025-01-29 22:36:09.396 [info] > git status -z -uall [24ms]
2025-01-29 22:36:14.419 [info] > git config --get commit.template [10ms]
2025-01-29 22:36:14.420 [info] > git for-each-ref --format=%(refname)%00%(upstream:short)%00%(objectname)%00%(upstream:track)%00%(upstream:remotename)%00%(upstream:remoteref) refs/heads/main refs/remotes/main [2ms]
2025-01-29 22:36:14.441 [info] > git for-each-ref --sort -committerdate --format %(refname) %(objectname) %(*objectname) [3ms]
2025-01-29 22:36:14.453 [info] > git status -z -uall [25ms]
2025-01-29 23:10:05.907 [info] > git config --get commit.template [2ms]
2025-01-29 23:10:05.916 [info] > git for-each-ref --format=%(refname)%00%(upstream:short)%00%(objectname)%00%(upstream:track)%00%(upstream:remotename)%00%(upstream:remoteref) refs/heads/main refs/remotes/main [2ms]
2025-01-29 23:10:05.932 [info] > git for-each-ref --sort -committerdate --format %(refname) %(objectname) %(*objectname) [2ms]
2025-01-29 23:10:05.945 [info] > git status -z -uall [21ms]
