2025-01-29 19:25:21.427 [info] Extension host with pid 2113 started
2025-01-29 19:25:21.427 [error] Error: EEXIST: file already exists, open '/home/leozhontai561/.codeoss/data/User/workspaceStorage/-3b281ae1/vscode.lock'
2025-01-29 19:25:21.432 [info] Lock '/home/leozhontai561/.codeoss/data/User/workspaceStorage/-3b281ae1/vscode.lock': Could not acquire lock, checking if the file is stale.
2025-01-29 19:25:21.436 [info] Lock '/home/leozhontai561/.codeoss/data/User/workspaceStorage/-3b281ae1/vscode.lock': The lock does not look stale, elapsed: 355 ms, giving up.
2025-01-29 19:25:21.437 [error] Error: EEXIST: file already exists, open '/home/leozhontai561/.codeoss/data/User/workspaceStorage/-3b281ae1-1/vscode.lock'
2025-01-29 19:25:21.475 [info] Lock '/home/leozhontai561/.codeoss/data/User/workspaceStorage/-3b281ae1-1/vscode.lock': Could not acquire lock, checking if the file is stale.
2025-01-29 19:25:21.477 [info] Lock '/home/leozhontai561/.codeoss/data/User/workspaceStorage/-3b281ae1-1/vscode.lock': The pid 3226 appears to be gone.
2025-01-29 19:25:21.478 [info] Lock '/home/leozhontai561/.codeoss/data/User/workspaceStorage/-3b281ae1-1/vscode.lock': Deleting a stale lock.
2025-01-29 19:25:21.491 [info] Lock '/home/leozhontai561/.codeoss/data/User/workspaceStorage/-3b281ae1-1/vscode.lock': Lock acquired.
2025-01-29 19:25:21.703 [info] ExtensionService#_doActivateExtension vscode.emmet, startup: false, activationEvent: 'onLanguage'
2025-01-29 19:25:21.705 [info] ExtensionService#_doActivateExtension ms-python.python, startup: false, activationEvent: 'onLanguage:pip-requirements'
2025-01-29 19:25:22.118 [error] Error: spawn /google/devshell/editor/code-oss-for-cloud-shell/extensions/ms-python.python/python-env-tools/bin/pet ENOENT
	at ChildProcess._handle.onexit (node:internal/child_process:286:19)
	at onErrorNT (node:internal/child_process:484:16)
	at process.processTicksAndRejections (node:internal/process/task_queues:82:21)
2025-01-29 19:25:22.211 [info] ExtensionService#_doActivateExtension vscode.git-base, startup: true, activationEvent: '*', root cause: vscode.git
2025-01-29 19:25:22.318 [info] ExtensionService#_doActivateExtension vscode.git, startup: true, activationEvent: '*'
2025-01-29 19:25:22.319 [info] ExtensionService#_doActivateExtension vscode.github, startup: true, activationEvent: '*'
2025-01-29 19:25:22.545 [info] ExtensionService#_doActivateExtension redhat.fabric8-analytics, startup: true, activationEvent: 'workspaceContains:**/package.json,**/pom.xml,**/go.mod,**/requirements.txt,**/build.gradle,**/Dockerfile,**/Containerfile'
2025-01-29 19:25:22.875 [info] Eager extensions activated
2025-01-29 19:25:22.876 [info] ExtensionService#_doActivateExtension EditorConfig.EditorConfig, startup: false, activationEvent: 'onStartupFinished'
2025-01-29 19:25:22.877 [info] ExtensionService#_doActivateExtension google.cloud-shell, startup: false, activationEvent: 'onStartupFinished'
2025-01-29 19:25:22.877 [info] ExtensionService#_doActivateExtension google.geminicodeassist, startup: false, activationEvent: 'onStartupFinished', root cause: googlecloudtools.cloudcode
2025-01-29 19:25:22.878 [info] ExtensionService#_doActivateExtension vscode.debug-auto-launch, startup: false, activationEvent: 'onStartupFinished'
2025-01-29 19:25:22.879 [info] ExtensionService#_doActivateExtension vscode.merge-conflict, startup: false, activationEvent: 'onStartupFinished'
2025-01-29 19:25:24.628 [info] ExtensionService#_doActivateExtension googlecloudtools.cloudcode, startup: false, activationEvent: 'onStartupFinished'
2025-01-29 19:25:26.643 [info] ExtensionService#_doActivateExtension vscode.configuration-editing, startup: false, activationEvent: 'onLanguage:jsonc'
2025-01-29 19:25:26.644 [info] ExtensionService#_doActivateExtension vscode.json-language-features, startup: false, activationEvent: 'onLanguage:jsonc'
2025-01-29 19:25:26.645 [info] ExtensionService#_doActivateExtension vscode.typescript-language-features, startup: false, activationEvent: 'onLanguage:jsonc'
2025-01-29 19:41:25.336 [info] Extension host terminating: renderer disconnected for too long (2)
2025-01-29 19:41:25.337 [info] Lock '/home/leozhontai561/.codeoss/data/User/workspaceStorage/-3b281ae1-1/vscode.lock': Marking the lockfile as scheduled to be released in 6000 ms.
2025-01-29 19:41:25.377 [info] Extension host with pid 2113 exiting with code 0
