2025-02-09 23:17:50.974 [info] Reading sessions from keychain...
2025-02-09 23:17:50.974 [info] Getting sessions for all scopes...
2025-02-09 23:17:50.974 [info] Got 0 sessions for ...
2025-02-09 23:17:50.974 [info] Getting sessions for read:user,repo,user:email,workflow...
2025-02-09 23:17:50.974 [info] Got 0 sessions for read:user,repo,user:email,workflow...
2025-02-10 00:21:02.163 [info] Getting sessions for read:user,repo,user:email,workflow...
2025-02-10 00:21:02.163 [info] Got 0 sessions for read:user,repo,user:email,workflow...
2025-02-10 00:21:05.181 [info] Logging in with 'any' account...
2025-02-10 00:21:05.181 [info] Logging in for the following scopes: read:user repo user:email workflow
2025-02-10 00:21:05.265 [info] Trying device code flow... (read:user repo user:email workflow)
2025-02-10 00:21:49.431 [info] Getting user info...
2025-02-10 00:21:49.627 [info] Got account info!
2025-02-10 00:21:49.628 [info] Storing 1 sessions...
2025-02-10 00:21:49.671 [info] Reading sessions from keychain...
2025-02-10 00:21:49.672 [info] Stored 1 sessions!
2025-02-10 00:21:49.672 [info] Login success!
2025-02-10 00:21:49.719 [info] Got stored sessions!
2025-02-10 00:21:49.719 [info] Got 1 verified sessions.
2025-02-10 00:21:50.035 [info] Getting sessions for read:user,repo,user:email,workflow...
2025-02-10 00:21:50.035 [info] Got 1 sessions for read:user,repo,user:email,workflow...
