Initializing document watcher...
Document watcher initialized
leozhontai561/storage.py: {}
leozhontai561/storage.py: {}
leozhontai561/storage.py: {}
leozhontai561/main.py: {}
leozhontai561/main.py: {}
leozhontai561/main.py: {}
leozhontai561/main.py: {}
leozhontai561/main.py: {}
leozhontai561/storage.py: {}
leozhontai561/storage.py: {}
leozhontai561/storage.py: {}
leozhontai561/storage.py: {}
leozhontai561/main.py: {}
leozhontai561/main.py: {}
leozhontai561/main.py: Using EditorConfig core...
leozhontai561/main.py: {}
leozhontai561/main.py: {}
leozhontai561/main.py: {}
leozhontai561/main.py: Using EditorConfig core...
leozhontai561/main.py: {}
leozhontai561/main.py: {}
leozhontai561/main.py: {}
leozhontai561/main.py: Using EditorConfig core...
leozhontai561/main.py: {}
leozhontai561/main.py: {}
leozhontai561/storage.py: {}
leozhontai561/storage.py: {}
leozhontai561/storage.py: {}
leozhontai561/storage.py: {}
leozhontai561/storage.py: {}
leozhontai561/storage.py: {}
leozhontai561/storage.py: {}
leozhontai561/storage.py: Using EditorConfig core...
leozhontai561/storage.py: {}
leozhontai561/storage.py: Using EditorConfig core...
leozhontai561/storage.py: {}
leozhontai561/storage.py: {}
leozhontai561/main.py: {}
leozhontai561/main.py: Using EditorConfig core...
leozhontai561/main.py: {}
leozhontai561/main.py: {}
leozhontai561/main.py: Using EditorConfig core...
leozhontai561/main.py: {}
leozhontai561/main.py: {}
leozhontai561/main.py: Using EditorConfig core...
leozhontai561/main.py: {}
leozhontai561/main.py: {}
leozhontai561/main.py: {}
leozhontai561/main.py: {}
leozhontai561/main.py: Using EditorConfig core...
leozhontai561/main.py: {}
leozhontai561/main.py: {}
leozhontai561/main.py: Using EditorConfig core...
leozhontai561/main.py: {}
leozhontai561/main.py: {}
leozhontai561/main.py: {}
leozhontai561/main.py: {}
leozhontai561/main.py: Using EditorConfig core...
leozhontai561/main.py: {}
leozhontai561/main.py: {}
leozhontai561/main.py: {}
leozhontai561/main.py: {}
leozhontai561/main.py: {}
leozhontai561/main.py: Using EditorConfig core...
leozhontai561/main.py: {}
leozhontai561/storage.py: {}
leozhontai561/storage.py: {}
leozhontai561/storage.py: {}
leozhontai561/main.py: {}
leozhontai561/main.py: Using EditorConfig core...
leozhontai561/main.py: Using EditorConfig core...
leozhontai561/main.py: {}
leozhontai561/main.py: {}
leozhontai561/storage.py: {}
leozhontai561/storage.py: {}
leozhontai561/main.py: {}
leozhontai561/main.py: {}
leozhontai561/main.py: Using EditorConfig core...
leozhontai561/main.py: Using EditorConfig core...
leozhontai561/main.py: {}
leozhontai561/main.py: {}
leozhontai561/main.py: {}
leozhontai561/main.py: {}
leozhontai561/main.py: Using EditorConfig core...
leozhontai561/main.py: {}
leozhontai561/main.py: {}
leozhontai561/main.py: {}
leozhontai561/storage.py: {}
leozhontai561/main.py: {}
leozhontai561/main.py: {}
leozhontai561/main.py: {}
leozhontai561/Procfile: {}
leozhontai561/Procfile: {}
leozhontai561/Procfile: {}
leozhontai561/Procfile: {}
leozhontai561/storage.py: {}
leozhontai561/README-cloudshell.txt: {}
leozhontai561/storage.py: {}
leozhontai561/storage.py: {}
leozhontai561/storage.py: {}
leozhontai561/storage.py: {}
leozhontai561/storage.py: {}
leozhontai561/storage.py: {}
leozhontai561/storage.py: {}
leozhontai561/storage.py: {}
leozhontai561/storage.py: {}
leozhontai561/main.py: {}
leozhontai561/main.py: {}
leozhontai561/main.py: {}
leozhontai561/main.py: {}
leozhontai561/main.py: {}
leozhontai561/Procfile: {}
leozhontai561/Procfile: {}
leozhontai561/Procfile: {}
leozhontai561/Procfile: {}
leozhontai561/requirements.txt: {}
leozhontai561/Procfile: {}
leozhontai561/Procfile: {}
leozhontai561/requirements.txt: {}
leozhontai561/requirements.txt: {}
leozhontai561/requirements.txt: {}
leozhontai561/requirements.txt: {}
leozhontai561/requirements.txt: {}
leozhontai561/requirements.txt: {}
leozhontai561/Procfile: {}
leozhontai561/requirements.txt: {}
leozhontai561/requirements.txt: {}
leozhontai561/requirements.txt: {}
leozhontai561/requirements.txt: {}
leozhontai561/requirements.txt: {}
leozhontai561/requirements.txt: Using EditorConfig core...
leozhontai561/requirements.txt: Using EditorConfig core...
leozhontai561/requirements.txt: {}
leozhontai561/requirements.txt: {}
leozhontai561/requirements.txt: Using EditorConfig core...
leozhontai561/requirements.txt: {}
leozhontai561/Procfile: {}
leozhontai561/Procfile: {}
leozhontai561/Procfile: {}
leozhontai561/Procfile: {}
leozhontai561/Procfile: {}
leozhontai561/Procfile: {}
leozhontai561/Procfile: {}
leozhontai561/Procfile: {}
