2025-01-29 19:36:29.077 [info] [main] Log level: Info
2025-01-29 19:36:29.077 [info] [main] Validating found git in: "git"
2025-01-29 19:36:29.077 [info] [main] Using git "2.43.0" from "git"
2025-01-29 19:36:29.077 [info] [Model][doInitialScan] Initial repository scan started
2025-01-29 19:36:29.077 [info] > git rev-parse --show-toplevel [298ms]
2025-01-29 19:36:29.077 [info] fatal: not a git repository (or any parent up to mount point /)
Stopping at filesystem boundary (GIT_DISCOVERY_ACROSS_FILESYSTEM not set).
2025-01-29 19:36:29.077 [info] > git rev-parse --show-toplevel [1189ms]
2025-01-29 19:36:29.077 [info] fatal: not a git repository (or any parent up to mount point /)
Stopping at filesystem boundary (GIT_DISCOVERY_ACROSS_FILESYSTEM not set).
2025-01-29 19:36:29.109 [info] > git rev-parse --show-toplevel [2ms]
2025-01-29 19:36:29.109 [info] fatal: not a git repository (or any parent up to mount point /)
Stopping at filesystem boundary (GIT_DISCOVERY_ACROSS_FILESYSTEM not set).
2025-01-29 19:36:29.115 [info] > git rev-parse --show-toplevel [2ms]
2025-01-29 19:36:29.115 [info] fatal: not a git repository (or any parent up to mount point /)
Stopping at filesystem boundary (GIT_DISCOVERY_ACROSS_FILESYSTEM not set).
2025-01-29 19:36:29.120 [info] > git rev-parse --show-toplevel [2ms]
2025-01-29 19:36:29.120 [info] fatal: not a git repository (or any parent up to mount point /)
Stopping at filesystem boundary (GIT_DISCOVERY_ACROSS_FILESYSTEM not set).
2025-01-29 19:36:29.125 [info] > git rev-parse --show-toplevel [2ms]
2025-01-29 19:36:29.125 [info] fatal: not a git repository (or any parent up to mount point /)
Stopping at filesystem boundary (GIT_DISCOVERY_ACROSS_FILESYSTEM not set).
2025-01-29 19:36:29.130 [info] > git rev-parse --show-toplevel [2ms]
2025-01-29 19:36:29.130 [info] fatal: not a git repository (or any parent up to mount point /)
Stopping at filesystem boundary (GIT_DISCOVERY_ACROSS_FILESYSTEM not set).
2025-01-29 19:36:29.136 [info] > git rev-parse --show-toplevel [2ms]
2025-01-29 19:36:29.136 [info] fatal: not a git repository (or any parent up to mount point /)
Stopping at filesystem boundary (GIT_DISCOVERY_ACROSS_FILESYSTEM not set).
2025-01-29 19:36:29.141 [info] > git rev-parse --show-toplevel [2ms]
2025-01-29 19:36:29.141 [info] fatal: not a git repository (or any parent up to mount point /)
Stopping at filesystem boundary (GIT_DISCOVERY_ACROSS_FILESYSTEM not set).
2025-01-29 19:36:29.146 [info] > git rev-parse --show-toplevel [1ms]
2025-01-29 19:36:29.146 [info] fatal: not a git repository (or any parent up to mount point /)
Stopping at filesystem boundary (GIT_DISCOVERY_ACROSS_FILESYSTEM not set).
2025-01-29 19:36:29.151 [info] > git rev-parse --show-toplevel [1ms]
2025-01-29 19:36:29.151 [info] fatal: not a git repository (or any parent up to mount point /)
Stopping at filesystem boundary (GIT_DISCOVERY_ACROSS_FILESYSTEM not set).
2025-01-29 19:36:29.156 [info] > git rev-parse --show-toplevel [2ms]
2025-01-29 19:36:29.156 [info] fatal: not a git repository (or any parent up to mount point /)
Stopping at filesystem boundary (GIT_DISCOVERY_ACROSS_FILESYSTEM not set).
2025-01-29 19:36:29.161 [info] > git rev-parse --show-toplevel [2ms]
2025-01-29 19:36:29.161 [info] fatal: not a git repository (or any parent up to mount point /)
Stopping at filesystem boundary (GIT_DISCOVERY_ACROSS_FILESYSTEM not set).
2025-01-29 19:36:29.236 [info] > git rev-parse --show-toplevel [71ms]
2025-01-29 19:36:29.237 [info] fatal: not a git repository (or any parent up to mount point /)
Stopping at filesystem boundary (GIT_DISCOVERY_ACROSS_FILESYSTEM not set).
2025-01-29 19:36:29.249 [info] > git rev-parse --show-toplevel [6ms]
2025-01-29 19:36:29.249 [info] fatal: not a git repository (or any parent up to mount point /)
Stopping at filesystem boundary (GIT_DISCOVERY_ACROSS_FILESYSTEM not set).
2025-01-29 19:36:31.726 [info] > git rev-parse --show-toplevel [290ms]
2025-01-29 19:36:31.726 [info] fatal: not a git repository (or any parent up to mount point /)
Stopping at filesystem boundary (GIT_DISCOVERY_ACROSS_FILESYSTEM not set).
2025-01-29 19:36:31.726 [info] [Model][doInitialScan] Initial repository scan completed - repositories (0), closed repositories (0), parent repositories (0), unsafe repositories (0)
2025-01-29 19:36:31.947 [info] > git rev-parse --show-toplevel [203ms]
2025-01-29 19:36:31.947 [info] fatal: not a git repository (or any parent up to mount point /)
Stopping at filesystem boundary (GIT_DISCOVERY_ACROSS_FILESYSTEM not set).
2025-01-29 19:37:36.621 [info] > git rev-parse --show-toplevel [2ms]
2025-01-29 19:37:36.633 [info] > git rev-parse --git-dir --git-common-dir [2ms]
2025-01-29 19:37:36.650 [info] [Model][openRepository] Opened repository: /home/leozhontai561
2025-01-29 19:37:36.672 [info] [Git][getRemotes] No remotes found in the git config file
2025-01-29 19:37:36.674 [info] > git config --get commit.template [12ms]
2025-01-29 19:37:36.675 [info] > git for-each-ref --format=%(refname)%00%(upstream:short)%00%(objectname)%00%(upstream:track)%00%(upstream:remotename)%00%(upstream:remoteref) refs/heads/master refs/remotes/master [5ms]
2025-01-29 19:37:36.676 [warning] [Git][getBranch] No such branch: master
2025-01-29 19:37:36.710 [info] > git status -z -uall [26ms]
2025-01-29 19:37:36.716 [info] > git for-each-ref --sort -committerdate --format %(refname) %(objectname) %(*objectname) [20ms]
2025-01-29 19:37:37.054 [info] > git for-each-ref --format=%(refname)%00%(upstream:short)%00%(objectname)%00%(upstream:track)%00%(upstream:remotename)%00%(upstream:remoteref) refs/heads/master refs/remotes/master [305ms]
2025-01-29 19:37:37.055 [warning] [Git][getBranch] No such branch: master
2025-01-29 19:37:37.056 [error] [GitHistoryProvider][resolveHEADMergeBase] Failed to resolve merge base for master: Error: No such branch: master.
2025-01-29 19:37:37.083 [info] > git config --get commit.template [98ms]
2025-01-29 19:37:37.106 [info] [Git][getRemotes] No remotes found in the git config file
2025-01-29 19:37:37.108 [info] > git for-each-ref --format=%(refname)%00%(upstream:short)%00%(objectname)%00%(upstream:track)%00%(upstream:remotename)%00%(upstream:remoteref) refs/heads/master refs/remotes/master [2ms]
2025-01-29 19:37:37.108 [warning] [Git][getBranch] No such branch: master
2025-01-29 19:37:37.172 [info] > git status -z -uall [54ms]
2025-01-29 19:37:37.203 [info] > git for-each-ref --sort -committerdate --format %(refname) %(objectname) %(*objectname) [49ms]
2025-01-29 19:37:37.636 [info] > git check-ignore -v -z --stdin [4ms]
2025-01-29 20:54:00.951 [info] > git check-ignore -v -z --stdin [3ms]
2025-01-29 20:54:01.901 [info] > git config --get commit.template [17ms]
2025-01-29 20:54:01.902 [info] > git for-each-ref --format=%(refname)%00%(upstream:short)%00%(objectname)%00%(upstream:track)%00%(upstream:remotename)%00%(upstream:remoteref) refs/heads/main refs/remotes/main [4ms]
2025-01-29 20:54:01.936 [info] > git status -z -uall [18ms]
2025-01-29 20:54:01.938 [info] > git for-each-ref --sort -committerdate --format %(refname) %(objectname) %(*objectname) [4ms]
2025-01-29 20:54:01.973 [info] > git for-each-ref --format=%(refname)%00%(upstream:short)%00%(objectname)%00%(upstream:track)%00%(upstream:remotename)%00%(upstream:remoteref) refs/heads/main refs/remotes/main [3ms]
2025-01-29 20:54:01.991 [info] > git config --local branch.main.vscode-merge-base [2ms]
2025-01-29 20:54:01.991 [warning] [Git][config] git config failed: Failed to execute git
2025-01-29 20:54:02.008 [info] > git reflog main --grep-reflog=branch: Created from *. [2ms]
2025-01-29 20:54:02.027 [info] > git symbolic-ref --short refs/remotes/origin/HEAD [3ms]
2025-01-29 20:54:02.027 [info] fatal: ref refs/remotes/origin/HEAD is not a symbolic ref
2025-01-29 20:54:02.027 [warning] [Repository][getDefaultBranch] Failed to get default branch details: Failed to execute git.
2025-01-29 20:54:02.047 [info] > git merge-base refs/heads/main refs/remotes/origin/main [4ms]
2025-01-29 20:54:02.065 [info] > git diff --name-status -z --diff-filter=ADMR dc7b6a483e97ba5c380b0a34dd953fe2ce53b910...refs/remotes/origin/main [4ms]
