Initializing document watcher...
Document watcher initialized
/User/settings.json: Using EditorConfig core...
leozhontai561/helloworld-python/main.py: {}
leozhontai561/helloworld-python/main.py: {}
leozhontai561/helloworld-python/main.py: {}
leozhontai561/helloworld-python/main.py: {}
leozhontai561/helloworld-python/main.py: {}
leozhontai561/helloworld-python/main.py: Using EditorConfig core...
leozhontai561/helloworld-python/main.py: {}
leozhontai561/helloworld-python/requirements.txt: {}
leozhontai561/helloworld-python/requirements.txt: {}
leozhontai561/helloworld-python/requirements.txt: {}
leozhontai561/helloworld-python/requirements.txt: {}
leozhontai561/helloworld-python/requirements.txt: {}
leozhontai561/helloworld-python/requirements.txt: {}
leozhontai561/helloworld-python/requirements.txt: {}
leozhontai561/helloworld-python/requirements.txt: Using EditorConfig core...
leozhontai561/helloworld-python/requirements.txt: {}
leozhontai561/helloworld-python/Procfile: {}
leozhontai561/helloworld-python/Procfile: {}
leozhontai561/helloworld-python/Procfile: {}
leozhontai561/helloworld-python/Procfile: Using EditorConfig core...
leozhontai561/helloworld-python/Procfile: Using EditorConfig core...
leozhontai561/helloworld-python/Procfile: {}
leozhontai561/helloworld-python/Procfile: {}
