2025-01-29 01:09:48.665 [info] Extension host with pid 1211 started
2025-01-29 01:09:48.665 [error] Error: EEXIST: file already exists, open '/home/leozhontai561/.codeoss/data/User/workspaceStorage/-3b281ae1/vscode.lock'
2025-01-29 01:09:48.686 [info] Lock '/home/leozhontai561/.codeoss/data/User/workspaceStorage/-3b281ae1/vscode.lock': Could not acquire lock, checking if the file is stale.
2025-01-29 01:09:48.687 [info] Lock '/home/leozhontai561/.codeoss/data/User/workspaceStorage/-3b281ae1/vscode.lock': The pid 1355 appears to be gone.
2025-01-29 01:09:48.687 [info] Lock '/home/leozhontai561/.codeoss/data/User/workspaceStorage/-3b281ae1/vscode.lock': Deleting a stale lock.
2025-01-29 01:09:48.697 [info] Lock '/home/leozhontai561/.codeoss/data/User/workspaceStorage/-3b281ae1/vscode.lock': Lock acquired.
2025-01-29 01:09:49.096 [info] ExtensionService#_doActivateExtension vscode.emmet, startup: false, activationEvent: 'onLanguage'
2025-01-29 01:09:49.200 [info] ExtensionService#_doActivateExtension vscode.git-base, startup: true, activationEvent: '*', root cause: vscode.git
2025-01-29 01:09:49.292 [info] ExtensionService#_doActivateExtension vscode.git, startup: true, activationEvent: '*'
2025-01-29 01:09:49.292 [info] ExtensionService#_doActivateExtension vscode.github, startup: true, activationEvent: '*'
2025-01-29 01:09:49.530 [info] ExtensionService#_doActivateExtension redhat.fabric8-analytics, startup: true, activationEvent: 'workspaceContains:**/package.json,**/pom.xml,**/go.mod,**/requirements.txt,**/build.gradle,**/Dockerfile,**/Containerfile'
2025-01-29 01:09:49.908 [info] Eager extensions activated
2025-01-29 01:09:49.908 [info] ExtensionService#_doActivateExtension EditorConfig.EditorConfig, startup: false, activationEvent: 'onStartupFinished'
2025-01-29 01:09:49.909 [info] ExtensionService#_doActivateExtension google.cloud-shell, startup: false, activationEvent: 'onStartupFinished'
2025-01-29 01:09:49.909 [info] ExtensionService#_doActivateExtension google.geminicodeassist, startup: false, activationEvent: 'onStartupFinished', root cause: googlecloudtools.cloudcode
2025-01-29 01:09:49.909 [info] ExtensionService#_doActivateExtension vscode.debug-auto-launch, startup: false, activationEvent: 'onStartupFinished'
2025-01-29 01:09:49.910 [info] ExtensionService#_doActivateExtension vscode.merge-conflict, startup: false, activationEvent: 'onStartupFinished'
2025-01-29 01:09:51.164 [info] ExtensionService#_doActivateExtension googlecloudtools.cloudcode, startup: false, activationEvent: 'onStartupFinished'
2025-01-29 01:09:53.402 [info] ExtensionService#_doActivateExtension vscode.configuration-editing, startup: false, activationEvent: 'onLanguage:jsonc'
2025-01-29 01:09:53.402 [info] ExtensionService#_doActivateExtension vscode.json-language-features, startup: false, activationEvent: 'onLanguage:jsonc'
2025-01-29 01:09:53.402 [info] ExtensionService#_doActivateExtension vscode.typescript-language-features, startup: false, activationEvent: 'onLanguage:jsonc'
2025-01-29 01:11:53.222 [info] ExtensionService#_doActivateExtension ms-python.python, startup: false, activationEvent: 'onLanguage:python'
2025-01-29 01:11:53.633 [error] Error: spawn /google/devshell/editor/code-oss-for-cloud-shell/extensions/ms-python.python/python-env-tools/bin/pet ENOENT
    at Process.ChildProcess._handle.onexit (node:internal/child_process:286:19)
    at onErrorNT (node:internal/child_process:484:16)
    at processTicksAndRejections (node:internal/process/task_queues:82:21)
2025-01-29 02:11:25.903 [info] Extension host terminating: renderer disconnected for too long (2)
2025-01-29 02:11:25.904 [info] Lock '/home/leozhontai561/.codeoss/data/User/workspaceStorage/-3b281ae1/vscode.lock': Marking the lockfile as scheduled to be released in 6000 ms.
2025-01-29 02:11:25.952 [info] Extension host with pid 1211 exiting with code 0
