2025-01-29 03:43:58.859 [info] [main] Log level: Info
2025-01-29 03:43:58.859 [info] [main] Validating found git in: "git"
2025-01-29 03:43:58.859 [info] [main] Using git "2.43.0" from "git"
2025-01-29 03:43:58.859 [info] [Model][doInitialScan] Initial repository scan started
2025-01-29 03:43:58.859 [info] > git rev-parse --show-toplevel [4ms]
2025-01-29 03:43:58.859 [info] fatal: not a git repository (or any parent up to mount point /)
Stopping at filesystem boundary (GIT_DISCOVERY_ACROSS_FILESYSTEM not set).
2025-01-29 03:43:58.859 [info] > git rev-parse --show-toplevel [35ms]
2025-01-29 03:43:58.859 [info] fatal: not a git repository (or any parent up to mount point /)
Stopping at filesystem boundary (GIT_DISCOVERY_ACROSS_FILESYSTEM not set).
2025-01-29 03:43:58.859 [info] > git rev-parse --show-toplevel [4ms]
2025-01-29 03:43:58.859 [info] fatal: not a git repository (or any parent up to mount point /)
Stopping at filesystem boundary (GIT_DISCOVERY_ACROSS_FILESYSTEM not set).
2025-01-29 03:43:58.861 [info] > git rev-parse --show-toplevel [2ms]
2025-01-29 03:43:58.861 [info] fatal: not a git repository (or any parent up to mount point /)
Stopping at filesystem boundary (GIT_DISCOVERY_ACROSS_FILESYSTEM not set).
2025-01-29 03:43:58.878 [info] > git rev-parse --show-toplevel [10ms]
2025-01-29 03:43:58.878 [info] fatal: not a git repository (or any parent up to mount point /)
Stopping at filesystem boundary (GIT_DISCOVERY_ACROSS_FILESYSTEM not set).
2025-01-29 03:43:58.887 [info] > git rev-parse --show-toplevel [3ms]
2025-01-29 03:43:58.887 [info] fatal: not a git repository (or any parent up to mount point /)
Stopping at filesystem boundary (GIT_DISCOVERY_ACROSS_FILESYSTEM not set).
2025-01-29 03:43:58.894 [info] > git rev-parse --show-toplevel [2ms]
2025-01-29 03:43:58.894 [info] fatal: not a git repository (or any parent up to mount point /)
Stopping at filesystem boundary (GIT_DISCOVERY_ACROSS_FILESYSTEM not set).
2025-01-29 03:43:58.899 [info] > git rev-parse --show-toplevel [2ms]
2025-01-29 03:43:58.899 [info] fatal: not a git repository (or any parent up to mount point /)
Stopping at filesystem boundary (GIT_DISCOVERY_ACROSS_FILESYSTEM not set).
2025-01-29 03:43:58.904 [info] > git rev-parse --show-toplevel [2ms]
2025-01-29 03:43:58.904 [info] fatal: not a git repository (or any parent up to mount point /)
Stopping at filesystem boundary (GIT_DISCOVERY_ACROSS_FILESYSTEM not set).
2025-01-29 03:43:58.909 [info] > git rev-parse --show-toplevel [1ms]
2025-01-29 03:43:58.909 [info] fatal: not a git repository (or any parent up to mount point /)
Stopping at filesystem boundary (GIT_DISCOVERY_ACROSS_FILESYSTEM not set).
2025-01-29 03:43:59.223 [info] > git rev-parse --show-toplevel [310ms]
2025-01-29 03:43:59.223 [info] fatal: not a git repository (or any parent up to mount point /)
Stopping at filesystem boundary (GIT_DISCOVERY_ACROSS_FILESYSTEM not set).
2025-01-29 03:43:59.232 [info] > git rev-parse --show-toplevel [3ms]
2025-01-29 03:43:59.232 [info] fatal: not a git repository (or any parent up to mount point /)
Stopping at filesystem boundary (GIT_DISCOVERY_ACROSS_FILESYSTEM not set).
2025-01-29 03:43:59.238 [info] > git rev-parse --show-toplevel [2ms]
2025-01-29 03:43:59.238 [info] fatal: not a git repository (or any parent up to mount point /)
Stopping at filesystem boundary (GIT_DISCOVERY_ACROSS_FILESYSTEM not set).
2025-01-29 03:43:59.244 [info] > git rev-parse --show-toplevel [2ms]
2025-01-29 03:43:59.244 [info] fatal: not a git repository (or any parent up to mount point /)
Stopping at filesystem boundary (GIT_DISCOVERY_ACROSS_FILESYSTEM not set).
2025-01-29 03:43:59.250 [info] > git rev-parse --show-toplevel [2ms]
2025-01-29 03:43:59.250 [info] fatal: not a git repository (or any parent up to mount point /)
Stopping at filesystem boundary (GIT_DISCOVERY_ACROSS_FILESYSTEM not set).
2025-01-29 03:43:59.256 [info] > git rev-parse --show-toplevel [1ms]
2025-01-29 03:43:59.256 [info] fatal: not a git repository (or any parent up to mount point /)
Stopping at filesystem boundary (GIT_DISCOVERY_ACROSS_FILESYSTEM not set).
2025-01-29 03:43:59.256 [info] [Model][doInitialScan] Initial repository scan completed - repositories (0), closed repositories (0), parent repositories (0), unsafe repositories (0)
2025-01-29 03:44:09.698 [info] > git rev-parse --show-toplevel [3ms]
2025-01-29 03:44:09.698 [info] fatal: not a git repository (or any parent up to mount point /)
Stopping at filesystem boundary (GIT_DISCOVERY_ACROSS_FILESYSTEM not set).
2025-01-29 03:44:11.062 [info] > git rev-parse --show-toplevel [1ms]
2025-01-29 03:44:11.062 [info] fatal: not a git repository (or any parent up to mount point /)
Stopping at filesystem boundary (GIT_DISCOVERY_ACROSS_FILESYSTEM not set).
2025-01-29 03:44:11.826 [info] > git rev-parse --show-toplevel [4ms]
2025-01-29 03:44:11.826 [info] fatal: not a git repository (or any parent up to mount point /)
Stopping at filesystem boundary (GIT_DISCOVERY_ACROSS_FILESYSTEM not set).
2025-01-29 03:44:15.421 [info] > git rev-parse --show-toplevel [3ms]
2025-01-29 03:44:15.421 [info] fatal: not a git repository (or any parent up to mount point /)
Stopping at filesystem boundary (GIT_DISCOVERY_ACROSS_FILESYSTEM not set).
