2025-02-09 23:17:43.851 [info] Extension host with pid 1215 started
2025-02-09 23:17:43.851 [error] Error: EEXIST: file already exists, open '/home/leozhontai561/.codeoss/data/User/workspaceStorage/66f86631/vscode.lock'
2025-02-09 23:17:43.872 [info] Lock '/home/leozhontai561/.codeoss/data/User/workspaceStorage/66f86631/vscode.lock': Could not acquire lock, checking if the file is stale.
2025-02-09 23:17:43.874 [info] Lock '/home/leozhontai561/.codeoss/data/User/workspaceStorage/66f86631/vscode.lock': The pid 1249 appears to be gone.
2025-02-09 23:17:43.874 [info] Lock '/home/leozhontai561/.codeoss/data/User/workspaceStorage/66f86631/vscode.lock': Deleting a stale lock.
2025-02-09 23:17:43.887 [info] Lock '/home/leozhontai561/.codeoss/data/User/workspaceStorage/66f86631/vscode.lock': Lock acquired.
2025-02-09 23:17:44.128 [info] ExtensionService#_doActivateExtension vscode.emmet, startup: false, activationEvent: 'onLanguage'
2025-02-09 23:17:44.130 [info] ExtensionService#_doActivateExtension ms-python.python, startup: false, activationEvent: 'onLanguage:python'
2025-02-09 23:17:44.613 [error] Error: spawn /google/devshell/editor/code-oss-for-cloud-shell/extensions/ms-python.python/python-env-tools/bin/pet ENOENT
	at ChildProcess._handle.onexit (node:internal/child_process:286:19)
	at onErrorNT (node:internal/child_process:484:16)
	at process.processTicksAndRejections (node:internal/process/task_queues:82:21)
2025-02-09 23:17:44.715 [info] ExtensionService#_doActivateExtension vscode.git-base, startup: true, activationEvent: '*', root cause: vscode.git
2025-02-09 23:17:44.787 [info] ExtensionService#_doActivateExtension vscode.git, startup: true, activationEvent: '*'
2025-02-09 23:17:44.787 [info] ExtensionService#_doActivateExtension vscode.github, startup: true, activationEvent: '*'
2025-02-09 23:17:45.211 [info] ExtensionService#_doActivateExtension redhat.fabric8-analytics, startup: true, activationEvent: 'workspaceContains:**/package.json,**/pom.xml,**/go.mod,**/requirements.txt,**/build.gradle,**/Dockerfile,**/Containerfile'
2025-02-09 23:17:45.679 [info] Eager extensions activated
2025-02-09 23:17:45.680 [info] ExtensionService#_doActivateExtension EditorConfig.EditorConfig, startup: false, activationEvent: 'onStartupFinished'
2025-02-09 23:17:45.681 [info] ExtensionService#_doActivateExtension google.cloud-shell, startup: false, activationEvent: 'onStartupFinished'
2025-02-09 23:17:45.682 [info] ExtensionService#_doActivateExtension google.geminicodeassist, startup: false, activationEvent: 'onStartupFinished', root cause: googlecloudtools.cloudcode
2025-02-09 23:17:45.683 [info] ExtensionService#_doActivateExtension vscode.debug-auto-launch, startup: false, activationEvent: 'onStartupFinished'
2025-02-09 23:17:45.684 [info] ExtensionService#_doActivateExtension vscode.merge-conflict, startup: false, activationEvent: 'onStartupFinished'
2025-02-09 23:17:47.714 [info] ExtensionService#_doActivateExtension googlecloudtools.cloudcode, startup: false, activationEvent: 'onStartupFinished'
2025-02-09 23:17:50.338 [info] ExtensionService#_doActivateExtension vscode.github-authentication, startup: false, activationEvent: 'onAuthenticationRequest:github'
2025-02-09 23:17:50.340 [info] ExtensionService#_doActivateExtension vscode.configuration-editing, startup: false, activationEvent: 'onLanguage:jsonc'
2025-02-09 23:17:50.340 [info] ExtensionService#_doActivateExtension vscode.json-language-features, startup: false, activationEvent: 'onLanguage:jsonc'
2025-02-09 23:17:50.340 [info] ExtensionService#_doActivateExtension vscode.typescript-language-features, startup: false, activationEvent: 'onLanguage:jsonc'
2025-02-09 23:48:56.793 [info] ExtensionService#_doActivateExtension vscode.media-preview, startup: false, activationEvent: 'onCustomEditor:imagePreview.previewEditor'
2025-02-09 23:49:18.442 [error] Error: Webview is disposed
    at pH.c (file:///google/devshell/editor/code-oss-for-cloud-shell/out/vs/workbench/api/node/extensionHostProcess.js:156:20672)
    at pH.get webview [as webview] (file:///google/devshell/editor/code-oss-for-cloud-shell/out/vs/workbench/api/node/extensionHostProcess.js:156:19839)
    at c.getWebviewContents (/google/devshell/editor/code-oss-for-cloud-shell/extensions/media-preview/dist/extension.js:1:6718)
    at processTicksAndRejections (node:internal/process/task_queues:95:5)
    at c.render (/google/devshell/editor/code-oss-for-cloud-shell/extensions/media-preview/dist/extension.js:1:10603)
    at c.render (/google/devshell/editor/code-oss-for-cloud-shell/extensions/media-preview/dist/extension.js:1:6438)
2025-02-09 23:49:18.448 [error] Error: Webview is disposed
    at pH.c (file:///google/devshell/editor/code-oss-for-cloud-shell/out/vs/workbench/api/node/extensionHostProcess.js:156:20672)
    at pH.get webview [as webview] (file:///google/devshell/editor/code-oss-for-cloud-shell/out/vs/workbench/api/node/extensionHostProcess.js:156:19839)
    at c.getWebviewContents (/google/devshell/editor/code-oss-for-cloud-shell/extensions/media-preview/dist/extension.js:1:6718)
    at processTicksAndRejections (node:internal/process/task_queues:95:5)
    at c.render (/google/devshell/editor/code-oss-for-cloud-shell/extensions/media-preview/dist/extension.js:1:10603)
    at c.render (/google/devshell/editor/code-oss-for-cloud-shell/extensions/media-preview/dist/extension.js:1:6438)
2025-02-09 23:49:18.450 [error] Error: Webview is disposed
    at pH.c (file:///google/devshell/editor/code-oss-for-cloud-shell/out/vs/workbench/api/node/extensionHostProcess.js:156:20672)
    at pH.get webview [as webview] (file:///google/devshell/editor/code-oss-for-cloud-shell/out/vs/workbench/api/node/extensionHostProcess.js:156:19839)
    at c.getWebviewContents (/google/devshell/editor/code-oss-for-cloud-shell/extensions/media-preview/dist/extension.js:1:6718)
    at processTicksAndRejections (node:internal/process/task_queues:95:5)
    at c.render (/google/devshell/editor/code-oss-for-cloud-shell/extensions/media-preview/dist/extension.js:1:10603)
    at c.render (/google/devshell/editor/code-oss-for-cloud-shell/extensions/media-preview/dist/extension.js:1:6438)
2025-02-09 23:49:18.500 [error] EntryNotFound (FileSystemError): Error: ENOENT: no such file or directory, stat '/home/leozhontai561/images.jpeg'
    at Function.e (file:///google/devshell/editor/code-oss-for-cloud-shell/out/vs/workbench/api/node/extensionHostProcess.js:114:9061)
    at Object.stat (file:///google/devshell/editor/code-oss-for-cloud-shell/out/vs/workbench/api/node/extensionHostProcess.js:114:7010)
2025-02-09 23:49:18.502 [error] EntryNotFound (FileSystemError): Error: ENOENT: no such file or directory, stat '/home/leozhontai561/images.jpeg'
    at Function.e (file:///google/devshell/editor/code-oss-for-cloud-shell/out/vs/workbench/api/node/extensionHostProcess.js:114:9061)
    at Object.stat (file:///google/devshell/editor/code-oss-for-cloud-shell/out/vs/workbench/api/node/extensionHostProcess.js:114:7010)
2025-02-09 23:49:18.505 [error] EntryNotFound (FileSystemError): Error: ENOENT: no such file or directory, stat '/home/leozhontai561/images.jpeg'
    at Function.e (file:///google/devshell/editor/code-oss-for-cloud-shell/out/vs/workbench/api/node/extensionHostProcess.js:114:9061)
    at Object.stat (file:///google/devshell/editor/code-oss-for-cloud-shell/out/vs/workbench/api/node/extensionHostProcess.js:114:7010)
